<?xml version="1.0" encoding="UTF-8"?>
<!-- Generated by org.testng.reporters.JUnitReportReporter -->
<testsuite hostname="FOCUS-QA-11" name="com.focus.testcases.SmokeUnitsTest" tests="36" failures="2" timestamp="28 Oct 2020 23:04:13 GMT" time="425.600" errors="0">
  <testcase name="checkCreateTreeToggleOptionsAvailableInUnitsMastersPage" time="3.776" classname="com.focus.testcases.SmokeUnitsTest"/>
  <testcase name="checkClickOnNewButtonInUnitsMasterPage" time="8.632" classname="com.focus.testcases.SmokeUnitsTest"/>
  <testcase name="checkUpdateUnitNameInUnitDisplayGrid" time="3.554" classname="com.focus.testcases.SmokeUnitsTest"/>
  <testcase name="checkSearchUnitsAndClickOnEditToDisplayUnitsSavedInformation" time="15.143" classname="com.focus.testcases.SmokeUnitsTest"/>
  <testcase name="checkClickOnClearButtonToClearOnFirstTheFiledsInUnitsConversion" time="3.629" classname="com.focus.testcases.SmokeUnitsTest"/>
  <testcase name="checkDisplayOfGroupAvailableTreeStructureLeftPaneInUnitsMastersPage" time="3.542" classname="com.focus.testcases.SmokeUnitsTest"/>
  <testcase name="checkClickOnClearButtonToClearTheFiledsInUnitsConversion" time="3.678" classname="com.focus.testcases.SmokeUnitsTest"/>
  <testcase name="checkDeleteUnitsWhichAreDefinedInProductsOnSelectUnitAndClickOnDelete" time="6.854" classname="com.focus.testcases.SmokeUnitsTest"/>
  <testcase name="checkPreviousConversionIsDeletingOnClickOnDeleteOptionInUnitsConversion" time="4.189" classname="com.focus.testcases.SmokeUnitsTest"/>
  <testcase name="checkToolsOptionsAvailabilityOnClickMasterRibbonToExpandOptionsInUnitsMastersPage" time="3.958" classname="com.focus.testcases.SmokeUnitsTest"/>
  <testcase name="checkTreeViewOptionsAvailableInUnitsMastersPageOnClickOnUnitsFromMastersMenu" time="7.139" classname="com.focus.testcases.SmokeUnitsTest"/>
  <testcase name="checkUnitsCreationAndClickOnCloseButtonToDisplayCreatedUnitsInDisplayGrid" time="11.273" classname="com.focus.testcases.SmokeUnitsTest"/>
  <testcase name="checkUnitsMasterPageIsDisplayByClickOnUnitsMenuFromItemMenu" time="6.548" classname="com.focus.testcases.SmokeUnitsTest"/>
  <testcase name="checkInputNameCodeNoOfDecimalsAndClickOnSaveButtonInUnitsCreationPage" time="4.625" classname="com.focus.testcases.SmokeUnitsTest"/>
  <testcase name="checkUpdatedConversionValueDisplayUserModifyAndSave" time="9.342" classname="com.focus.testcases.SmokeUnitsTest"/>
  <testcase name="checkHeaderFieldsOptionsAvailableInUnitsMastersPage" time="5.732" classname="com.focus.testcases.SmokeUnitsTest"/>
  <testcase name="checkUnitConversionSaveInformationAndUpdateButtonWithAllInputs" time="19.065" classname="com.focus.testcases.SmokeUnitsTest"/>
  <testcase name="checkDeletedUnitDisplayInUnitsMainGrid" time="3.449" classname="com.focus.testcases.SmokeUnitsTest"/>
  <testcase name="checkSearchOptionAvailableInUnitsMastersPage" time="3.596" classname="com.focus.testcases.SmokeUnitsTest"/>
  <testcase name="checkUnitsDisplayTableColumnValuesAvailableInUnitMastersPage" time="42.137" classname="com.focus.testcases.SmokeUnitsTest"/>
  <testcase name="checkUpdateUnitsOnInputNameCodeAndClickOnSaveButton" time="4.902" classname="com.focus.testcases.SmokeUnitsTest"/>
  <testcase name="checkClickOnCancelToCloseUnitsConversion" time="5.112" classname="com.focus.testcases.SmokeUnitsTest"/>
  <testcase name="checkLogoutInCurrencyMasterPage" time="82.068" classname="com.focus.testcases.SmokeUnitsTest">
    <failure type="java.lang.AssertionError" message="expected [true] but found [false]">
      <![CDATA[java.lang.AssertionError: expected [true] but found [false]
	at org.testng.Assert.fail(Assert.java:94)
	at org.testng.Assert.failNotEquals(Assert.java:513)
	at org.testng.Assert.assertEqualsImpl(Assert.java:135)
	at org.testng.Assert.assertEquals(Assert.java:116)
	at org.testng.Assert.assertEquals(Assert.java:305)
	at org.testng.Assert.assertEquals(Assert.java:315)
	at com.focus.testcases.SmokeUnitsTest.checkLogoutInCurrencyMasterPage(SmokeUnitsTest.java:282)
	at sun.reflect.NativeMethodAccessorImpl.invoke0(Native Method)
	at sun.reflect.NativeMethodAccessorImpl.invoke(Unknown Source)
	at sun.reflect.DelegatingMethodAccessorImpl.invoke(Unknown Source)
	at java.lang.reflect.Method.invoke(Unknown Source)
	at org.testng.internal.MethodInvocationHelper.invokeMethod(MethodInvocationHelper.java:86)
	at org.testng.internal.Invoker.invokeMethod(Invoker.java:643)
	at org.testng.internal.Invoker.invokeTestMethod(Invoker.java:820)
	at org.testng.internal.Invoker.invokeTestMethods(Invoker.java:1128)
	at org.testng.internal.TestMethodWorker.invokeTestMethods(TestMethodWorker.java:129)
	at org.testng.internal.TestMethodWorker.run(TestMethodWorker.java:112)
	at org.testng.TestRunner.privateRun(TestRunner.java:782)
	at org.testng.TestRunner.run(TestRunner.java:632)
	at org.testng.SuiteRunner.runTest(SuiteRunner.java:366)
	at org.testng.SuiteRunner.runSequentially(SuiteRunner.java:361)
	at org.testng.SuiteRunner.privateRun(SuiteRunner.java:319)
	at org.testng.SuiteRunner.run(SuiteRunner.java:268)
	at org.testng.SuiteRunnerWorker.runSuite(SuiteRunnerWorker.java:52)
	at org.testng.SuiteRunnerWorker.run(SuiteRunnerWorker.java:86)
	at org.testng.TestNG.runSuitesSequentially(TestNG.java:1244)
	at org.testng.TestNG.runSuitesLocally(TestNG.java:1169)
	at org.testng.TestNG.run(TestNG.java:1064)
	at org.testng.remote.AbstractRemoteTestNG.run(AbstractRemoteTestNG.java:114)
	at org.testng.remote.RemoteTestNG.initAndRun(RemoteTestNG.java:251)
	at org.testng.remote.RemoteTestNG.main(RemoteTestNG.java:77)
]]>
    </failure>
  </testcase> <!-- checkLogoutInCurrencyMasterPage -->
  <testcase name="checkDeleteUnitsOnSelectUnitAndClickOnDelete" time="8.387" classname="com.focus.testcases.SmokeUnitsTest"/>
  <testcase name="checkOtherToolsOptionsAvailabilityInUnitsMastersPageOnClickRibbonControlNextButton" time="4.161" classname="com.focus.testcases.SmokeUnitsTest"/>
  <testcase name="checkClickOnUnitsConversionMenuFromItemMenu" time="12.549" classname="com.focus.testcases.SmokeUnitsTest"/>
  <testcase name="checkMainOptionsAvailabilityInUnitsMastersPageOnClickOnUnitsFromItemMastersMenu" time="3.673" classname="com.focus.testcases.SmokeUnitsTest"/>
  <testcase name="checkSignToCheckUnitsMastersPage" time="88.520" classname="com.focus.testcases.SmokeUnitsTest">
    <failure type="java.lang.AssertionError" message="expected [true] but found [false]">
      <![CDATA[java.lang.AssertionError: expected [true] but found [false]
	at org.testng.Assert.fail(Assert.java:94)
	at org.testng.Assert.failNotEquals(Assert.java:513)
	at org.testng.Assert.assertEqualsImpl(Assert.java:135)
	at org.testng.Assert.assertEquals(Assert.java:116)
	at org.testng.Assert.assertEquals(Assert.java:305)
	at org.testng.Assert.assertEquals(Assert.java:315)
	at com.focus.testcases.SmokeUnitsTest.checkSignToCheckUnitsMastersPage(SmokeUnitsTest.java:24)
	at sun.reflect.NativeMethodAccessorImpl.invoke0(Native Method)
	at sun.reflect.NativeMethodAccessorImpl.invoke(Unknown Source)
	at sun.reflect.DelegatingMethodAccessorImpl.invoke(Unknown Source)
	at java.lang.reflect.Method.invoke(Unknown Source)
	at org.testng.internal.MethodInvocationHelper.invokeMethod(MethodInvocationHelper.java:86)
	at org.testng.internal.Invoker.invokeMethod(Invoker.java:643)
	at org.testng.internal.Invoker.invokeTestMethod(Invoker.java:820)
	at org.testng.internal.Invoker.invokeTestMethods(Invoker.java:1128)
	at org.testng.internal.TestMethodWorker.invokeTestMethods(TestMethodWorker.java:129)
	at org.testng.internal.TestMethodWorker.run(TestMethodWorker.java:112)
	at org.testng.TestRunner.privateRun(TestRunner.java:782)
	at org.testng.TestRunner.run(TestRunner.java:632)
	at org.testng.SuiteRunner.runTest(SuiteRunner.java:366)
	at org.testng.SuiteRunner.runSequentially(SuiteRunner.java:361)
	at org.testng.SuiteRunner.privateRun(SuiteRunner.java:319)
	at org.testng.SuiteRunner.run(SuiteRunner.java:268)
	at org.testng.SuiteRunnerWorker.runSuite(SuiteRunnerWorker.java:52)
	at org.testng.SuiteRunnerWorker.run(SuiteRunnerWorker.java:86)
	at org.testng.TestNG.runSuitesSequentially(TestNG.java:1244)
	at org.testng.TestNG.runSuitesLocally(TestNG.java:1169)
	at org.testng.TestNG.run(TestNG.java:1064)
	at org.testng.remote.AbstractRemoteTestNG.run(AbstractRemoteTestNG.java:114)
	at org.testng.remote.RemoteTestNG.initAndRun(RemoteTestNG.java:251)
	at org.testng.remote.RemoteTestNG.main(RemoteTestNG.java:77)
]]>
    </failure>
  </testcase> <!-- checkSignToCheckUnitsMastersPage -->
  <testcase name="checkCreateViewToggleOptionsAvailableInUnitsMastersPage" time="3.685" classname="com.focus.testcases.SmokeUnitsTest"/>
  <testcase name="checkSaveUnitsConversionOfOtherBaseUnit" time="11.818" classname="com.focus.testcases.SmokeUnitsTest"/>
  <testcase name="checkClicOnCloseButtonToCloseUnitsMaster" time="5.350" classname="com.focus.testcases.SmokeUnitsTest"/>
  <testcase name="checkUnitsDisplayTableColumnNamesAvailableInUnitsMastersPage" time="5.029" classname="com.focus.testcases.SmokeUnitsTest"/>
  <testcase name="checkTheConversionValuesDeletedIsDisplayingInUnitsConversion" time="8.140" classname="com.focus.testcases.SmokeUnitsTest"/>
  <testcase name="checkClickOnSaveWithAllInputsInUnitsConversion" time="5.031" classname="com.focus.testcases.SmokeUnitsTest"/>
  <testcase name="checkUnHideUnitsGroupOptionsAvailableInUnitMastersPage" time="3.599" classname="com.focus.testcases.SmokeUnitsTest"/>
  <testcase name="checkHideUnitGroupOptionsAvailableInUnitMastersPage" time="3.715" classname="com.focus.testcases.SmokeUnitsTest"/>
</testsuite> <!-- com.focus.testcases.SmokeUnitsTest -->
