<?xml version="1.0" encoding="UTF-8"?>
<!-- Generated by org.testng.reporters.JUnitReportReporter -->
<testsuite hostname="FOCUS-QA-11" name="com.focus.testcases.pdcVoucherTest" tests="69" failures="2" timestamp="7 Dec 2020 12:42:26 GMT" time="2024.236" errors="0">
  <testcase name="checkOkButtonInCovertedInPDCVouchersWithOutSelectingVoucher" time="5.410" classname="com.focus.testcases.pdcVoucherTest"/>
  <testcase name="checkEditingVoucherAndSavingInPDRVAT" time="17.552" classname="com.focus.testcases.pdcVoucherTest"/>
  <testcase name="checkPostDatedPaymentsVATNewEntryPageHeaderFields" time="6.045" classname="com.focus.testcases.pdcVoucherTest"/>
  <testcase name="checkNavigationToPostDatedReceipts" time="10.944" classname="com.focus.testcases.pdcVoucherTest"/>
  <testcase name="checkConvertedPDCVoucherInReceipts" time="28.207" classname="com.focus.testcases.pdcVoucherTest"/>
  <testcase name="checkSavedCovertedVoucherInReceiptsAfterReversePosting" time="28.055" classname="com.focus.testcases.pdcVoucherTest">
    <failure type="java.lang.AssertionError" message="expected [true] but found [false]">
      <![CDATA[java.lang.AssertionError: expected [true] but found [false]
	at org.testng.Assert.fail(Assert.java:94)
	at org.testng.Assert.failNotEquals(Assert.java:513)
	at org.testng.Assert.assertEqualsImpl(Assert.java:135)
	at org.testng.Assert.assertEquals(Assert.java:116)
	at org.testng.Assert.assertEquals(Assert.java:305)
	at org.testng.Assert.assertEquals(Assert.java:315)
	at com.focus.testcases.pdcVoucherTest.checkSavedCovertedVoucherInReceiptsAfterReversePosting(pdcVoucherTest.java:293)
	at sun.reflect.NativeMethodAccessorImpl.invoke0(Native Method)
	at sun.reflect.NativeMethodAccessorImpl.invoke(Unknown Source)
	at sun.reflect.DelegatingMethodAccessorImpl.invoke(Unknown Source)
	at java.lang.reflect.Method.invoke(Unknown Source)
	at org.testng.internal.MethodInvocationHelper.invokeMethod(MethodInvocationHelper.java:86)
	at org.testng.internal.Invoker.invokeMethod(Invoker.java:643)
	at org.testng.internal.Invoker.invokeTestMethod(Invoker.java:820)
	at org.testng.internal.Invoker.invokeTestMethods(Invoker.java:1128)
	at org.testng.internal.TestMethodWorker.invokeTestMethods(TestMethodWorker.java:129)
	at org.testng.internal.TestMethodWorker.run(TestMethodWorker.java:112)
	at org.testng.TestRunner.privateRun(TestRunner.java:782)
	at org.testng.TestRunner.run(TestRunner.java:632)
	at org.testng.SuiteRunner.runTest(SuiteRunner.java:366)
	at org.testng.SuiteRunner.runSequentially(SuiteRunner.java:361)
	at org.testng.SuiteRunner.privateRun(SuiteRunner.java:319)
	at org.testng.SuiteRunner.run(SuiteRunner.java:268)
	at org.testng.SuiteRunnerWorker.runSuite(SuiteRunnerWorker.java:52)
	at org.testng.SuiteRunnerWorker.run(SuiteRunnerWorker.java:86)
	at org.testng.TestNG.runSuitesSequentially(TestNG.java:1244)
	at org.testng.TestNG.runSuitesLocally(TestNG.java:1169)
	at org.testng.TestNG.run(TestNG.java:1064)
	at org.testng.remote.AbstractRemoteTestNG.run(AbstractRemoteTestNG.java:114)
	at org.testng.remote.RemoteTestNG.initAndRun(RemoteTestNG.java:251)
	at org.testng.remote.RemoteTestNG.main(RemoteTestNG.java:77)
]]>
    </failure>
  </testcase> <!-- checkSavedCovertedVoucherInReceiptsAfterReversePosting -->
  <testcase name="checkNavigationToConvertMaturedPDCForPDPVAT" time="9.544" classname="com.focus.testcases.pdcVoucherTest"/>
  <testcase name="checkSavingNewVoucherInPDPVATOnFutureDateWithCurrencyAEDAndDepartmentDUBAI" time="98.151" classname="com.focus.testcases.pdcVoucherTest"/>
  <testcase name="checkSavingNewVoucherInPDRVATOnFutureDateWithCurrencyINRAndDepartmentDUBAI" time="41.189" classname="com.focus.testcases.pdcVoucherTest"/>
  <testcase name="checkSavedVouchersInPDPVoucherScreenWithOutPostOnDate" time="27.948" classname="com.focus.testcases.pdcVoucherTest"/>
  <testcase name="checkPostDatedPaymenstVATEntryPageBodyFields" time="6.204" classname="com.focus.testcases.pdcVoucherTest"/>
  <testcase name="checkSavingVoucherInPostDatedReceiptsWithCustomerB" time="72.465" classname="com.focus.testcases.pdcVoucherTest"/>
  <testcase name="checkConvertMaturedPDCHomePageHeaderOptions" time="5.883" classname="com.focus.testcases.pdcVoucherTest"/>
  <testcase name="checkCreationOfNewCashAndBankAccountType" time="42.590" classname="com.focus.testcases.pdcVoucherTest"/>
  <testcase name="checkConvertedPDCVoucherInPayments" time="27.981" classname="com.focus.testcases.pdcVoucherTest">
    <failure type="java.lang.AssertionError" message="expected [true] but found [false]">
      <![CDATA[java.lang.AssertionError: expected [true] but found [false]
	at org.testng.Assert.fail(Assert.java:94)
	at org.testng.Assert.failNotEquals(Assert.java:513)
	at org.testng.Assert.assertEqualsImpl(Assert.java:135)
	at org.testng.Assert.assertEquals(Assert.java:116)
	at org.testng.Assert.assertEquals(Assert.java:305)
	at org.testng.Assert.assertEquals(Assert.java:315)
	at com.focus.testcases.pdcVoucherTest.checkConvertedPDCVoucherInPayments(pdcVoucherTest.java:482)
	at sun.reflect.NativeMethodAccessorImpl.invoke0(Native Method)
	at sun.reflect.NativeMethodAccessorImpl.invoke(Unknown Source)
	at sun.reflect.DelegatingMethodAccessorImpl.invoke(Unknown Source)
	at java.lang.reflect.Method.invoke(Unknown Source)
	at org.testng.internal.MethodInvocationHelper.invokeMethod(MethodInvocationHelper.java:86)
	at org.testng.internal.Invoker.invokeMethod(Invoker.java:643)
	at org.testng.internal.Invoker.invokeTestMethod(Invoker.java:820)
	at org.testng.internal.Invoker.invokeTestMethods(Invoker.java:1128)
	at org.testng.internal.TestMethodWorker.invokeTestMethods(TestMethodWorker.java:129)
	at org.testng.internal.TestMethodWorker.run(TestMethodWorker.java:112)
	at org.testng.TestRunner.privateRun(TestRunner.java:782)
	at org.testng.TestRunner.run(TestRunner.java:632)
	at org.testng.SuiteRunner.runTest(SuiteRunner.java:366)
	at org.testng.SuiteRunner.runSequentially(SuiteRunner.java:361)
	at org.testng.SuiteRunner.privateRun(SuiteRunner.java:319)
	at org.testng.SuiteRunner.run(SuiteRunner.java:268)
	at org.testng.SuiteRunnerWorker.runSuite(SuiteRunnerWorker.java:52)
	at org.testng.SuiteRunnerWorker.run(SuiteRunnerWorker.java:86)
	at org.testng.TestNG.runSuitesSequentially(TestNG.java:1244)
	at org.testng.TestNG.runSuitesLocally(TestNG.java:1169)
	at org.testng.TestNG.run(TestNG.java:1064)
	at org.testng.remote.AbstractRemoteTestNG.run(AbstractRemoteTestNG.java:114)
	at org.testng.remote.RemoteTestNG.initAndRun(RemoteTestNG.java:251)
	at org.testng.remote.RemoteTestNG.main(RemoteTestNG.java:77)
]]>
    </failure>
  </testcase> <!-- checkConvertedPDCVoucherInPayments -->
  <testcase name="checkSavingVoucherInPostDatedReceiptsWithCustomerC" time="109.157" classname="com.focus.testcases.pdcVoucherTest"/>
  <testcase name="checkCovertingPDPVoucherInPDCWithReversePosting" time="16.848" classname="com.focus.testcases.pdcVoucherTest"/>
  <testcase name="checkFilterOptionWithChequeNumberPVRV4" time="112.124" classname="com.focus.testcases.pdcVoucherTest"/>
  <testcase name="checkMaturityDateIsGreaterThanPostonDateForSelectedPDPVouchers" time="7.510" classname="com.focus.testcases.pdcVoucherTest"/>
  <testcase name="checkClickOnConvertedPDCVouchersAfterDeletionOfConvertedVoucherInRecepits" time="42.078" classname="com.focus.testcases.pdcVoucherTest"/>
  <testcase name="checkConvertingVouchersPDPInPDCVoucherScreenWithOutPostOnDate" time="5.135" classname="com.focus.testcases.pdcVoucherTest"/>
  <testcase name="checkPDPVoucherScreenBodyOptions" time="13.614" classname="com.focus.testcases.pdcVoucherTest"/>
  <testcase name="checkPDCVoucherScreenBodyOptions" time="12.531" classname="com.focus.testcases.pdcVoucherTest"/>
  <testcase name="checkCovertingVoucherInPDCWithReversePosting" time="16.895" classname="com.focus.testcases.pdcVoucherTest"/>
  <testcase name="checkpostDatedPaymentsNewHomePage" time="6.825" classname="com.focus.testcases.pdcVoucherTest"/>
  <testcase name="checkSavedVoucherInPDPVATWithAED" time="36.789" classname="com.focus.testcases.pdcVoucherTest"/>
  <testcase name="checkpostDatedRecepitsCustomizationOption" time="16.295" classname="com.focus.testcases.pdcVoucherTest"/>
  <testcase name="checkSavingVoucherInPostDatedPaymentsWithVendorB" time="82.925" classname="com.focus.testcases.pdcVoucherTest"/>
  <testcase name="checkUpdateinPDCUnderSettingMenuForEnableReversePostingInPayments" time="20.437" classname="com.focus.testcases.pdcVoucherTest"/>
  <testcase name="checkSavedVouchersInPDCVoucherScreenWithOutPostOnDate" time="27.160" classname="com.focus.testcases.pdcVoucherTest"/>
  <testcase name="checkAddExtraFieldPDCInHeaderFieldOFReceipts" time="24.976" classname="com.focus.testcases.pdcVoucherTest"/>
  <testcase name="checkConditionAndCompareFiledsSameInPDCWithPDR" time="94.651" classname="com.focus.testcases.pdcVoucherTest"/>
  <testcase name="checkFilterOptionInPDCVoucherScreenWithPDPVoucher" time="62.309" classname="com.focus.testcases.pdcVoucherTest"/>
  <testcase name="checkUpdateinPDCUnderSettingMenuForDisableEnableReversePostingInRecepits" time="18.152" classname="com.focus.testcases.pdcVoucherTest"/>
  <testcase name="checkFilterOptionInPDCVoucherScreen" time="53.667" classname="com.focus.testcases.pdcVoucherTest"/>
  <testcase name="checkpostDatedPaymentsVATCustomizationOption" time="16.582" classname="com.focus.testcases.pdcVoucherTest"/>
  <testcase name="checkMaturityDateIsGreaterThanPostonDateForSelectedVouchers" time="5.486" classname="com.focus.testcases.pdcVoucherTest"/>
  <testcase name="checkNavigationToConvertMaturedPDC" time="10.483" classname="com.focus.testcases.pdcVoucherTest"/>
  <testcase name="checkOkButtonInCovertedInPDCVouchersWithOutSelectingPDPVoucher" time="5.954" classname="com.focus.testcases.pdcVoucherTest"/>
  <testcase name="checkPDCVouchersScreenAfterConvertingPDPVATVoucher" time="19.923" classname="com.focus.testcases.pdcVoucherTest"/>
  <testcase name="checkUpdateinPDCUnderSettingMenuForEnableReversePostingInRecepits" time="23.115" classname="com.focus.testcases.pdcVoucherTest"/>
  <testcase name="checkSavedVoucherInPDRVAT" time="31.707" classname="com.focus.testcases.pdcVoucherTest"/>
  <testcase name="checkPostDatedReceiptsNewEntryPageBodyFields" time="5.315" classname="com.focus.testcases.pdcVoucherTest"/>
  <testcase name="checkChangeInAsOnDateOPtionAndPDPVoucherFilterDate" time="27.919" classname="com.focus.testcases.pdcVoucherTest"/>
  <testcase name="checkSavedCovertedVoucherInPaymentsAfterReversePosting" time="28.571" classname="com.focus.testcases.pdcVoucherTest"/>
  <testcase name="checkSavingNewVoucherInPDRVATOnCurrentDateWithCurrencyINR" time="109.097" classname="com.focus.testcases.pdcVoucherTest"/>
  <testcase name="checkConvertingVouchersInPDCVoucherScreenWithOutPostOnDate" time="6.759" classname="com.focus.testcases.pdcVoucherTest"/>
  <testcase name="checkPostDatedReceiptsNewEntryPageFooterFields" time="4.240" classname="com.focus.testcases.pdcVoucherTest"/>
  <testcase name="checkpostDatedRecepitsNewEntryPageRibbonControl" time="4.628" classname="com.focus.testcases.pdcVoucherTest"/>
  <testcase name="checkokButtonWithoutSelectingRowINGridOFConvertMaturedPDCScreenWithoutSelction" time="6.563" classname="com.focus.testcases.pdcVoucherTest"/>
  <testcase name="checkChangeInAsOnDateOPtionInPDCVoucher" time="29.834" classname="com.focus.testcases.pdcVoucherTest"/>
  <testcase name="checkpostDatedPaymenstNewEntryPageRibbonControl" time="4.441" classname="com.focus.testcases.pdcVoucherTest"/>
  <testcase name="checkokButtonWithoutSelectingRowINGridOFConvertMaturedPDCScreen" time="7.004" classname="com.focus.testcases.pdcVoucherTest"/>
  <testcase name="checkPDCVouchersScreenAfterConvertingVoucher" time="20.074" classname="com.focus.testcases.pdcVoucherTest"/>
  <testcase name="checkFilterOptionWithStartDateInPDCWtihPDR" time="128.275" classname="com.focus.testcases.pdcVoucherTest"/>
  <testcase name="checkConvertMaturedPDCHomePageHeaderOptionsWithPDPVAT" time="4.449" classname="com.focus.testcases.pdcVoucherTest"/>
  <testcase name="checkDeleteOfConvertedVoucherinRecepits" time="7.567" classname="com.focus.testcases.pdcVoucherTest"/>
  <testcase name="checkConvertingVoucherInPDCScreen" time="40.243" classname="com.focus.testcases.pdcVoucherTest"/>
  <testcase name="checkPostDatedReceiptsNewEntryPageHeaderFields" time="6.033" classname="com.focus.testcases.pdcVoucherTest"/>
  <testcase name="checkLoginToFinancialVouchers" time="14.472" classname="com.focus.testcases.pdcVoucherTest"/>
  <testcase name="checkpostDatedRecepitsNewHomePage" time="8.774" classname="com.focus.testcases.pdcVoucherTest"/>
  <testcase name="checkNavigationToPostDatedPaymentsVAT" time="11.274" classname="com.focus.testcases.pdcVoucherTest"/>
  <testcase name="checkAddExtraFieldPDCInHeaderFieldOFPayments" time="26.234" classname="com.focus.testcases.pdcVoucherTest"/>
  <testcase name="checkPostDatedPaymenstVATEntryPageFooterFields" time="4.647" classname="com.focus.testcases.pdcVoucherTest"/>
  <testcase name="checkpostDatedPaymentsVATNewOption" time="5.362" classname="com.focus.testcases.pdcVoucherTest"/>
  <testcase name="checkFilterOptionWithStartDateInPDCWtihPDPVAT" time="114.746" classname="com.focus.testcases.pdcVoucherTest"/>
  <testcase name="checkpostDatedRecepitsNewOption" time="5.564" classname="com.focus.testcases.pdcVoucherTest"/>
  <testcase name="checkSavingNewVoucherInPDPVATOnCurrentDateWithCurrencyINR" time="30.547" classname="com.focus.testcases.pdcVoucherTest"/>
  <testcase name="checkConvertingPDPVoucherInPDCScreen" time="40.108" classname="com.focus.testcases.pdcVoucherTest"/>
</testsuite> <!-- com.focus.testcases.pdcVoucherTest -->
