<?xml version="1.0" encoding="UTF-8"?>
<!-- Generated by org.testng.reporters.JUnitReportReporter -->
<testsuite hostname="FOCUS-QA-21" name="com.focus.testcases.DebitNoteVatTest" tests="23" failures="1" timestamp="11 Feb 2021 06:13:27 GMT" time="350.240" errors="0">
  <testcase name="checkDeleteOption" time="14.676" classname="com.focus.testcases.DebitNoteVatTest">
    <failure type="java.lang.AssertionError" message="expected [true] but found [false]">
      <![CDATA[java.lang.AssertionError: expected [true] but found [false]
	at org.testng.Assert.fail(Assert.java:94)
	at org.testng.Assert.failNotEquals(Assert.java:513)
	at org.testng.Assert.assertEqualsImpl(Assert.java:135)
	at org.testng.Assert.assertEquals(Assert.java:116)
	at org.testng.Assert.assertEquals(Assert.java:305)
	at org.testng.Assert.assertEquals(Assert.java:315)
	at com.focus.testcases.DebitNoteVatTest.checkDeleteOption(DebitNoteVatTest.java:189)
	at sun.reflect.NativeMethodAccessorImpl.invoke0(Native Method)
	at sun.reflect.NativeMethodAccessorImpl.invoke(Unknown Source)
	at sun.reflect.DelegatingMethodAccessorImpl.invoke(Unknown Source)
	at java.lang.reflect.Method.invoke(Unknown Source)
	at org.testng.internal.MethodInvocationHelper.invokeMethod(MethodInvocationHelper.java:86)
	at org.testng.internal.Invoker.invokeMethod(Invoker.java:643)
	at org.testng.internal.Invoker.invokeTestMethod(Invoker.java:820)
	at org.testng.internal.Invoker.invokeTestMethods(Invoker.java:1128)
	at org.testng.internal.TestMethodWorker.invokeTestMethods(TestMethodWorker.java:129)
	at org.testng.internal.TestMethodWorker.run(TestMethodWorker.java:112)
	at org.testng.TestRunner.privateRun(TestRunner.java:782)
	at org.testng.TestRunner.run(TestRunner.java:632)
	at org.testng.SuiteRunner.runTest(SuiteRunner.java:366)
	at org.testng.SuiteRunner.runSequentially(SuiteRunner.java:361)
	at org.testng.SuiteRunner.privateRun(SuiteRunner.java:319)
	at org.testng.SuiteRunner.run(SuiteRunner.java:268)
	at org.testng.SuiteRunnerWorker.runSuite(SuiteRunnerWorker.java:52)
	at org.testng.SuiteRunnerWorker.run(SuiteRunnerWorker.java:86)
	at org.testng.TestNG.runSuitesSequentially(TestNG.java:1244)
	at org.testng.TestNG.runSuitesLocally(TestNG.java:1169)
	at org.testng.TestNG.run(TestNG.java:1064)
	at org.testng.remote.AbstractRemoteTestNG.run(AbstractRemoteTestNG.java:114)
	at org.testng.remote.RemoteTestNG.initAndRun(RemoteTestNG.java:251)
	at org.testng.remote.RemoteTestNG.main(RemoteTestNG.java:77)
]]>
    </failure>
  </testcase> <!-- checkDeleteOption -->
  <testcase name="checkInputCustmerAccountAndVendorAccountSamePartyInDebitNotes" time="7.926" classname="com.focus.testcases.DebitNoteVatTest"/>
  <testcase name="checkSavingVoucherWithoutAmountInVoucherBody" time="12.304" classname="com.focus.testcases.DebitNoteVatTest"/>
  <testcase name="checkDebitNotesNewDateFieldMoreThanCompanyAccountingDate" time="7.601" classname="com.focus.testcases.DebitNoteVatTest"/>
  <testcase name="checkCopyDocumentAndSavingInCreditNoteVAT" time="24.225" classname="com.focus.testcases.DebitNoteVatTest"/>
  <testcase name="checkCustomizationOptionInDebitNotes" time="21.023" classname="com.focus.testcases.DebitNoteVatTest"/>
  <testcase name="checkNewOptioninEntryPageinDebitnotesVAT" time="10.643" classname="com.focus.testcases.DebitNoteVatTest"/>
  <testcase name="checkDebitNotesVATVoucherHomeScreenOptions" time="10.570" classname="com.focus.testcases.DebitNoteVatTest"/>
  <testcase name="checkDebitNotesNewHomePageNewOption" time="10.103" classname="com.focus.testcases.DebitNoteVatTest"/>
  <testcase name="checkSavingVoucherWithoutAnyMandatoryInputsInDebitNotes" time="5.476" classname="com.focus.testcases.DebitNoteVatTest"/>
  <testcase name="checkSavingVoucherInDebitNotesWithNewReferencethroughCopyToCLipboard" time="38.919" classname="com.focus.testcases.DebitNoteVatTest"/>
  <testcase name="checkInputCustmerAccountAndVendorAccountSameInDebitNotes" time="10.565" classname="com.focus.testcases.DebitNoteVatTest"/>
  <testcase name="checkDebitNotesEntryPageBodyFields" time="4.464" classname="com.focus.testcases.DebitNoteVatTest"/>
  <testcase name="checkDebitNotesNewDateFieldLessThanCompanyAccountingDate" time="10.002" classname="com.focus.testcases.DebitNoteVatTest"/>
  <testcase name="checkOptionsUndertoggleBtnInDebitNotesVAT" time="4.754" classname="com.focus.testcases.DebitNoteVatTest"/>
  <testcase name="checkSavingVoucherWithInputAccountInDebitNotes" time="13.910" classname="com.focus.testcases.DebitNoteVatTest"/>
  <testcase name="checkSavingVoucherWithCustomerInDebitnotes" time="89.355" classname="com.focus.testcases.DebitNoteVatTest"/>
  <testcase name="checkDebitnotesNewEntryPageRibbonControl" time="5.101" classname="com.focus.testcases.DebitNoteVatTest"/>
  <testcase name="checkDebitNotesEntryPageFooterFields" time="5.732" classname="com.focus.testcases.DebitNoteVatTest"/>
  <testcase name="checkNavigationToDebitNotesVAT" time="9.587" classname="com.focus.testcases.DebitNoteVatTest"/>
  <testcase name="checkLoginToFinancialVouchers" time="16.404" classname="com.focus.testcases.DebitNoteVatTest"/>
  <testcase name="checkDebitNotesEntryPageHeaderFields" time="8.815" classname="com.focus.testcases.DebitNoteVatTest"/>
  <testcase name="checkSuspendingVoucherInDebitNotesVAT" time="8.085" classname="com.focus.testcases.DebitNoteVatTest"/>
</testsuite> <!-- com.focus.testcases.DebitNoteVatTest -->
