<?xml version="1.0" encoding="UTF-8"?>
<!-- Generated by org.testng.reporters.JUnitReportReporter -->
<testsuite hostname="FOCUS-QA-11" name="com.focus.testcases.SmokeItemTest" tests="42" failures="2" timestamp="28 Oct 2020 23:04:13 GMT" time="460.328" errors="0">
  <testcase name="checkCreateTreeToggleOptionsAvailableInItemMastersPage" time="3.931" classname="com.focus.testcases.SmokeItemTest"/>
  <testcase name="checkClickOnItemFromItemMenu" time="8.892" classname="com.focus.testcases.SmokeItemTest"/>
  <testcase name="checkCreateViewToggleOptionsAvailableInItemMastersPage" time="3.767" classname="com.focus.testcases.SmokeItemTest"/>
  <testcase name="checkUpateForGroupItem" time="8.220" classname="com.focus.testcases.SmokeItemTest"/>
  <testcase name="checkOtherToolsOptionsOnClickMasterExpandOptionsInItemMasterPageu" time="4.787" classname="com.focus.testcases.SmokeItemTest"/>
  <testcase name="checkItemFirstLevel" time="12.545" classname="com.focus.testcases.SmokeItemTest"/>
  <testcase name="checkSaveOnUpdateItemGroupDisplayInItemGrid" time="3.287" classname="com.focus.testcases.SmokeItemTest"/>
  <testcase name="checkDeleteItemDisplayInMasterDisplay" time="3.479" classname="com.focus.testcases.SmokeItemTest"/>
  <testcase name="checkUnCheckBoxOfSavedMasterItemIsCheckedByClickingOnItemMaster" time="3.593" classname="com.focus.testcases.SmokeItemTest"/>
  <testcase name="checkOutletTabInItemMasterCreationPage" time="7.174" classname="com.focus.testcases.SmokeItemTest"/>
  <testcase name="checkSearchOptionAvailableInItemMastersPage" time="3.587" classname="com.focus.testcases.SmokeItemTest"/>
  <testcase name="checkUpdatedItemInformation" time="18.662" classname="com.focus.testcases.SmokeItemTest"/>
  <testcase name="checkCloseOptionInItemCreationInItemCreation" time="12.659" classname="com.focus.testcases.SmokeItemTest"/>
  <testcase name="checkUnHideUnitsGroupOptionsAvailableInItemMastersPage" time="3.621" classname="com.focus.testcases.SmokeItemTest"/>
  <testcase name="checkGeneralTabInItemMasterCreationPage" time="4.246" classname="com.focus.testcases.SmokeItemTest"/>
  <testcase name="checkItemDisplayTableColumnNamesAvailableInItemMastersPage" time="4.124" classname="com.focus.testcases.SmokeItemTest"/>
  <testcase name="checkItemAddGroupCreationScreenAfterSaving" time="8.774" classname="com.focus.testcases.SmokeItemTest"/>
  <testcase name="checkSaveButtonByInputInProductCreationPage" time="10.639" classname="com.focus.testcases.SmokeItemTest"/>
  <testcase name="checkOtherDeailsTabInMasterCreationPage" time="7.972" classname="com.focus.testcases.SmokeItemTest"/>
  <testcase name="checkClickOnGroupItemToDisplayEmpty" time="7.787" classname="com.focus.testcases.SmokeItemTest"/>
  <testcase name="checkHeaderFieldsOptionsAvailableInItemMastersPage" time="6.752" classname="com.focus.testcases.SmokeItemTest"/>
  <testcase name="checkDeleteItemFromItemMasterPage" time="10.719" classname="com.focus.testcases.SmokeItemTest"/>
  <testcase name="checkClassificationTabInItemMasterCreationPage" time="6.415" classname="com.focus.testcases.SmokeItemTest"/>
  <testcase name="checkEditOptionForItemGroup" time="4.621" classname="com.focus.testcases.SmokeItemTest"/>
  <testcase name="checkHideUnitGroupOptionsAvailableInItemMastersPage" time="3.707" classname="com.focus.testcases.SmokeItemTest"/>
  <testcase name="checkCloseItemMaster" time="2.307" classname="com.focus.testcases.SmokeItemTest"/>
  <testcase name="checkNewButtonOnClickToDisplayItemCreationPage" time="5.055" classname="com.focus.testcases.SmokeItemTest"/>
  <testcase name="checkSettingTabInItemMasterCreationPage" time="7.504" classname="com.focus.testcases.SmokeItemTest"/>
  <testcase name="checkToolsOptionsOnClickMasterExpandOptionsInItemMasterPageu" time="8.167" classname="com.focus.testcases.SmokeItemTest"/>
  <testcase name="checkItemDisplayTableColumnValuesAvailableInItemMastersPage" time="3.390" classname="com.focus.testcases.SmokeItemTest"/>
  <testcase name="checkEditOptionForNewlyCreatedItem" time="23.449" classname="com.focus.testcases.SmokeItemTest"/>
  <testcase name="checkItemsAddGroupButton" time="8.553" classname="com.focus.testcases.SmokeItemTest"/>
  <testcase name="checkSaveButtonWithoutInputCodeMandatoryFieldsInAddGroupOption" time="6.577" classname="com.focus.testcases.SmokeItemTest"/>
  <testcase name="checkLogoutInCurrencyMasterPage" time="82.159" classname="com.focus.testcases.SmokeItemTest">
    <failure type="java.lang.AssertionError" message="expected [true] but found [false]">
      <![CDATA[java.lang.AssertionError: expected [true] but found [false]
	at org.testng.Assert.fail(Assert.java:94)
	at org.testng.Assert.failNotEquals(Assert.java:513)
	at org.testng.Assert.assertEqualsImpl(Assert.java:135)
	at org.testng.Assert.assertEquals(Assert.java:116)
	at org.testng.Assert.assertEquals(Assert.java:305)
	at org.testng.Assert.assertEquals(Assert.java:315)
	at com.focus.testcases.SmokeItemTest.checkLogoutInCurrencyMasterPage(SmokeItemTest.java:322)
	at sun.reflect.NativeMethodAccessorImpl.invoke0(Native Method)
	at sun.reflect.NativeMethodAccessorImpl.invoke(Unknown Source)
	at sun.reflect.DelegatingMethodAccessorImpl.invoke(Unknown Source)
	at java.lang.reflect.Method.invoke(Unknown Source)
	at org.testng.internal.MethodInvocationHelper.invokeMethod(MethodInvocationHelper.java:86)
	at org.testng.internal.Invoker.invokeMethod(Invoker.java:643)
	at org.testng.internal.Invoker.invokeTestMethod(Invoker.java:820)
	at org.testng.internal.Invoker.invokeTestMethods(Invoker.java:1128)
	at org.testng.internal.TestMethodWorker.invokeTestMethods(TestMethodWorker.java:129)
	at org.testng.internal.TestMethodWorker.run(TestMethodWorker.java:112)
	at org.testng.TestRunner.privateRun(TestRunner.java:782)
	at org.testng.TestRunner.run(TestRunner.java:632)
	at org.testng.SuiteRunner.runTest(SuiteRunner.java:366)
	at org.testng.SuiteRunner.runSequentially(SuiteRunner.java:361)
	at org.testng.SuiteRunner.privateRun(SuiteRunner.java:319)
	at org.testng.SuiteRunner.run(SuiteRunner.java:268)
	at org.testng.SuiteRunnerWorker.runSuite(SuiteRunnerWorker.java:52)
	at org.testng.SuiteRunnerWorker.run(SuiteRunnerWorker.java:86)
	at org.testng.TestNG.runSuitesSequentially(TestNG.java:1244)
	at org.testng.TestNG.runSuitesLocally(TestNG.java:1169)
	at org.testng.TestNG.run(TestNG.java:1064)
	at org.testng.remote.AbstractRemoteTestNG.run(AbstractRemoteTestNG.java:114)
	at org.testng.remote.RemoteTestNG.initAndRun(RemoteTestNG.java:251)
	at org.testng.remote.RemoteTestNG.main(RemoteTestNG.java:77)
]]>
    </failure>
  </testcase> <!-- checkLogoutInCurrencyMasterPage -->
  <testcase name="checkReplenishmentTabInItemMasterCreationPage" time="7.924" classname="com.focus.testcases.SmokeItemTest"/>
  <testcase name="checkUnitsTabInItemMasterCreationPage" time="7.521" classname="com.focus.testcases.SmokeItemTest"/>
  <testcase name="checkSaveItemInItemGroup" time="19.305" classname="com.focus.testcases.SmokeItemTest"/>
  <testcase name="checkSignToCheckItemMastersPage" time="88.408" classname="com.focus.testcases.SmokeItemTest">
    <failure type="java.lang.AssertionError" message="expected [true] but found [false]">
      <![CDATA[java.lang.AssertionError: expected [true] but found [false]
	at org.testng.Assert.fail(Assert.java:94)
	at org.testng.Assert.failNotEquals(Assert.java:513)
	at org.testng.Assert.assertEqualsImpl(Assert.java:135)
	at org.testng.Assert.assertEquals(Assert.java:116)
	at org.testng.Assert.assertEquals(Assert.java:305)
	at org.testng.Assert.assertEquals(Assert.java:315)
	at com.focus.testcases.SmokeItemTest.checkSignToCheckItemMastersPage(SmokeItemTest.java:26)
	at sun.reflect.NativeMethodAccessorImpl.invoke0(Native Method)
	at sun.reflect.NativeMethodAccessorImpl.invoke(Unknown Source)
	at sun.reflect.DelegatingMethodAccessorImpl.invoke(Unknown Source)
	at java.lang.reflect.Method.invoke(Unknown Source)
	at org.testng.internal.MethodInvocationHelper.invokeMethod(MethodInvocationHelper.java:86)
	at org.testng.internal.Invoker.invokeMethod(Invoker.java:643)
	at org.testng.internal.Invoker.invokeTestMethod(Invoker.java:820)
	at org.testng.internal.Invoker.invokeTestMethods(Invoker.java:1128)
	at org.testng.internal.TestMethodWorker.invokeTestMethods(TestMethodWorker.java:129)
	at org.testng.internal.TestMethodWorker.run(TestMethodWorker.java:112)
	at org.testng.TestRunner.privateRun(TestRunner.java:782)
	at org.testng.TestRunner.run(TestRunner.java:632)
	at org.testng.SuiteRunner.runTest(SuiteRunner.java:366)
	at org.testng.SuiteRunner.runSequentially(SuiteRunner.java:361)
	at org.testng.SuiteRunner.privateRun(SuiteRunner.java:319)
	at org.testng.SuiteRunner.run(SuiteRunner.java:268)
	at org.testng.SuiteRunnerWorker.runSuite(SuiteRunnerWorker.java:52)
	at org.testng.SuiteRunnerWorker.run(SuiteRunnerWorker.java:86)
	at org.testng.TestNG.runSuitesSequentially(TestNG.java:1244)
	at org.testng.TestNG.runSuitesLocally(TestNG.java:1169)
	at org.testng.TestNG.run(TestNG.java:1064)
	at org.testng.remote.AbstractRemoteTestNG.run(AbstractRemoteTestNG.java:114)
	at org.testng.remote.RemoteTestNG.initAndRun(RemoteTestNG.java:251)
	at org.testng.remote.RemoteTestNG.main(RemoteTestNG.java:77)
]]>
    </failure>
  </testcase> <!-- checkSignToCheckItemMastersPage -->
  <testcase name="checkCheckBoxOfSavedMasterItemIsCheckedByClickingOnItemMaster" time="3.589" classname="com.focus.testcases.SmokeItemTest"/>
  <testcase name="checkClickOnCloseAndCreatedMasterItemDisplayInGrid" time="3.676" classname="com.focus.testcases.SmokeItemTest"/>
  <testcase name="checkTreeViewOptionsAvailableInItemMastersPage" time="5.271" classname="com.focus.testcases.SmokeItemTest"/>
  <testcase name="checkDisplayOfGroupAvailableTreeStructureLeftPaneInItemMastersPage" time="3.513" classname="com.focus.testcases.SmokeItemTest"/>
</testsuite> <!-- com.focus.testcases.SmokeItemTest -->
