<?xml version="1.0" encoding="UTF-8"?>
<!-- Generated by org.testng.reporters.JUnitReportReporter -->
<testsuite hostname="FOCUS-QA-11" name="com.focus.testcases.SmokeAcctsCustomizationTest" tests="32" failures="2" timestamp="28 Oct 2020 23:04:13 GMT" time="356.509" errors="1">
  <testcase name="checkClickOnCloseButtonInAccountMasterToCloseAccountsPage" time="2.824" classname="com.focus.testcases.SmokeAcctsCustomizationTest"/>
  <testcase name="checkClickOnAccountsFromMastersSubMeu" time="5.567" classname="com.focus.testcases.SmokeAcctsCustomizationTest"/>
  <testcase name="checkGeneralTabOptionMainTabInCustomizeMaster" time="3.985" classname="com.focus.testcases.SmokeAcctsCustomizationTest"/>
  <testcase name="checkCreateTabAndDeleteOptionsInCustomizeMaster" time="3.422" classname="com.focus.testcases.SmokeAcctsCustomizationTest"/>
  <testcase name="checkClickOnHomeMenuToDisplaySubMenu" time="2.248" classname="com.focus.testcases.SmokeAcctsCustomizationTest"/>
  <testcase name="checkClickOnMastersMenuToDisplaySubMenu" time="3.741" classname="com.focus.testcases.SmokeAcctsCustomizationTest"/>
  <testcase name="checkCreateExtraFieldToDelete" time="26.523" classname="com.focus.testcases.SmokeAcctsCustomizationTest">
    <failure type="java.lang.AssertionError" message="expected [true] but found [false]">
      <![CDATA[java.lang.AssertionError: expected [true] but found [false]
	at org.testng.Assert.fail(Assert.java:94)
	at org.testng.Assert.failNotEquals(Assert.java:513)
	at org.testng.Assert.assertEqualsImpl(Assert.java:135)
	at org.testng.Assert.assertEquals(Assert.java:116)
	at org.testng.Assert.assertEquals(Assert.java:305)
	at org.testng.Assert.assertEquals(Assert.java:315)
	at com.focus.testcases.SmokeAcctsCustomizationTest.checkCreateExtraFieldToDelete(SmokeAcctsCustomizationTest.java:216)
	at sun.reflect.NativeMethodAccessorImpl.invoke0(Native Method)
	at sun.reflect.NativeMethodAccessorImpl.invoke(Unknown Source)
	at sun.reflect.DelegatingMethodAccessorImpl.invoke(Unknown Source)
	at java.lang.reflect.Method.invoke(Unknown Source)
	at org.testng.internal.MethodInvocationHelper.invokeMethod(MethodInvocationHelper.java:86)
	at org.testng.internal.Invoker.invokeMethod(Invoker.java:643)
	at org.testng.internal.Invoker.invokeTestMethod(Invoker.java:820)
	at org.testng.internal.Invoker.invokeTestMethods(Invoker.java:1128)
	at org.testng.internal.TestMethodWorker.invokeTestMethods(TestMethodWorker.java:129)
	at org.testng.internal.TestMethodWorker.run(TestMethodWorker.java:112)
	at org.testng.TestRunner.privateRun(TestRunner.java:782)
	at org.testng.TestRunner.run(TestRunner.java:632)
	at org.testng.SuiteRunner.runTest(SuiteRunner.java:366)
	at org.testng.SuiteRunner.runSequentially(SuiteRunner.java:361)
	at org.testng.SuiteRunner.privateRun(SuiteRunner.java:319)
	at org.testng.SuiteRunner.run(SuiteRunner.java:268)
	at org.testng.SuiteRunnerWorker.runSuite(SuiteRunnerWorker.java:52)
	at org.testng.SuiteRunnerWorker.run(SuiteRunnerWorker.java:86)
	at org.testng.TestNG.runSuitesSequentially(TestNG.java:1244)
	at org.testng.TestNG.runSuitesLocally(TestNG.java:1169)
	at org.testng.TestNG.run(TestNG.java:1064)
	at org.testng.remote.AbstractRemoteTestNG.run(AbstractRemoteTestNG.java:114)
	at org.testng.remote.RemoteTestNG.initAndRun(RemoteTestNG.java:251)
	at org.testng.remote.RemoteTestNG.main(RemoteTestNG.java:77)
]]>
    </failure>
  </testcase> <!-- checkCreateExtraFieldToDelete -->
  <testcase name="checkOkButtonWithAllInputInCreateCreateTab" time="5.235" classname="com.focus.testcases.SmokeAcctsCustomizationTest"/>
  <testcase name="checkToolsOptionsAvailabilityInAccountMastersPage" time="2.851" classname="com.focus.testcases.SmokeAcctsCustomizationTest"/>
  <testcase name="checkAddOptionToCreateExtraFieldInCreateTab" time="5.449" classname="com.focus.testcases.SmokeAcctsCustomizationTest"/>
  <testcase name="checkCreateTabEditOption" time="8.683" classname="com.focus.testcases.SmokeAcctsCustomizationTest"/>
  <testcase name="checkPrintLayoutTabInCustomizeMaster" time="3.754" classname="com.focus.testcases.SmokeAcctsCustomizationTest"/>
  <testcase name="checkCustomizeMasterOptionInAccountsMasterPage" time="12.194" classname="com.focus.testcases.SmokeAcctsCustomizationTest"/>
  <testcase name="checkSettingsTabInCustomizeMaster" time="4.010" classname="com.focus.testcases.SmokeAcctsCustomizationTest"/>
  <testcase name="checkOtherToolsOptionsAvailabilityInAccountMastersPage" time="4.256" classname="com.focus.testcases.SmokeAcctsCustomizationTest"/>
  <testcase name="checkInfoPanelInCustomizeMaster" time="3.887" classname="com.focus.testcases.SmokeAcctsCustomizationTest"/>
  <testcase name="checkAddOptionInCreateCreateTabDisplayInCustomizeTab" time="8.112" classname="com.focus.testcases.SmokeAcctsCustomizationTest"/>
  <testcase name="checkSignToCheckAccountsMasterCustomization" time="96.437" classname="com.focus.testcases.SmokeAcctsCustomizationTest">
    <failure type="java.lang.AssertionError" message="expected [true] but found [false]">
      <![CDATA[java.lang.AssertionError: expected [true] but found [false]
	at org.testng.Assert.fail(Assert.java:94)
	at org.testng.Assert.failNotEquals(Assert.java:513)
	at org.testng.Assert.assertEqualsImpl(Assert.java:135)
	at org.testng.Assert.assertEquals(Assert.java:116)
	at org.testng.Assert.assertEquals(Assert.java:305)
	at org.testng.Assert.assertEquals(Assert.java:315)
	at com.focus.testcases.SmokeAcctsCustomizationTest.checkSignToCheckAccountsMasterCustomization(SmokeAcctsCustomizationTest.java:23)
	at sun.reflect.NativeMethodAccessorImpl.invoke0(Native Method)
	at sun.reflect.NativeMethodAccessorImpl.invoke(Unknown Source)
	at sun.reflect.DelegatingMethodAccessorImpl.invoke(Unknown Source)
	at java.lang.reflect.Method.invoke(Unknown Source)
	at org.testng.internal.MethodInvocationHelper.invokeMethod(MethodInvocationHelper.java:86)
	at org.testng.internal.Invoker.invokeMethod(Invoker.java:643)
	at org.testng.internal.Invoker.invokeTestMethod(Invoker.java:820)
	at org.testng.internal.Invoker.invokeTestMethods(Invoker.java:1128)
	at org.testng.internal.TestMethodWorker.invokeTestMethods(TestMethodWorker.java:129)
	at org.testng.internal.TestMethodWorker.run(TestMethodWorker.java:112)
	at org.testng.TestRunner.privateRun(TestRunner.java:782)
	at org.testng.TestRunner.run(TestRunner.java:632)
	at org.testng.SuiteRunner.runTest(SuiteRunner.java:366)
	at org.testng.SuiteRunner.runSequentially(SuiteRunner.java:361)
	at org.testng.SuiteRunner.privateRun(SuiteRunner.java:319)
	at org.testng.SuiteRunner.run(SuiteRunner.java:268)
	at org.testng.SuiteRunnerWorker.runSuite(SuiteRunnerWorker.java:52)
	at org.testng.SuiteRunnerWorker.run(SuiteRunnerWorker.java:86)
	at org.testng.TestNG.runSuitesSequentially(TestNG.java:1244)
	at org.testng.TestNG.runSuitesLocally(TestNG.java:1169)
	at org.testng.TestNG.run(TestNG.java:1064)
	at org.testng.remote.AbstractRemoteTestNG.run(AbstractRemoteTestNG.java:114)
	at org.testng.remote.RemoteTestNG.initAndRun(RemoteTestNG.java:251)
	at org.testng.remote.RemoteTestNG.main(RemoteTestNG.java:77)
]]>
    </failure>
  </testcase> <!-- checkSignToCheckAccountsMasterCustomization -->
  <testcase name="checkCreateCreateTabOptionsInCustomizeMaster" time="4.489" classname="com.focus.testcases.SmokeAcctsCustomizationTest"/>
  <testcase name="checkCloseOptionInCreateTab" time="3.478" classname="com.focus.testcases.SmokeAcctsCustomizationTest"/>
  <testcase name="checkUniqueContraintCustomizeMaster" time="4.951" classname="com.focus.testcases.SmokeAcctsCustomizationTest"/>
  <testcase name="checkCreateTabsOptionsInCustomizeMaster" time="3.339" classname="com.focus.testcases.SmokeAcctsCustomizationTest"/>
  <testcase name="checkReportsInCustomizeMaster" time="4.756" classname="com.focus.testcases.SmokeAcctsCustomizationTest"/>
  <testcase name="checkCloseAndLogoutTheCompanyInAcctsCustomization" time="83.681" classname="com.focus.testcases.SmokeAcctsCustomizationTest">
    <error type="org.openqa.selenium.TimeoutException" message="Expected condition failed: waiting for visibility of Proxy element for: DefaultElementLocator &#039;By.xpath: //*[@id=&#039;mainHeader_MainLayout&#039;]/nav/div/ul/li[7]/a/span&#039; (tried for 20 second(s) with 1000 milliseconds interval)">
      <![CDATA[org.openqa.selenium.TimeoutException: Expected condition failed: waiting for visibility of Proxy element for: DefaultElementLocator 'By.xpath: //*[@id='mainHeader_MainLayout']/nav/div/ul/li[7]/a/span' (tried for 20 second(s) with 1000 milliseconds interval)
	at org.openqa.selenium.support.ui.FluentWait.timeoutException(FluentWait.java:303)
	at org.openqa.selenium.support.ui.FluentWait.until(FluentWait.java:271)
	at com.focus.Pages.SmokeAcctsCustomizationPage.checkCloseAndLogoutTheCompanyInAcctsCustomization(SmokeAcctsCustomizationPage.java:4238)
	at com.focus.testcases.SmokeAcctsCustomizationTest.checkCloseAndLogoutTheCompanyInAcctsCustomization(SmokeAcctsCustomizationTest.java:251)
	at sun.reflect.NativeMethodAccessorImpl.invoke0(Native Method)
	at sun.reflect.NativeMethodAccessorImpl.invoke(Unknown Source)
	at sun.reflect.DelegatingMethodAccessorImpl.invoke(Unknown Source)
	at java.lang.reflect.Method.invoke(Unknown Source)
	at org.testng.internal.MethodInvocationHelper.invokeMethod(MethodInvocationHelper.java:86)
	at org.testng.internal.Invoker.invokeMethod(Invoker.java:643)
	at org.testng.internal.Invoker.invokeTestMethod(Invoker.java:820)
	at org.testng.internal.Invoker.invokeTestMethods(Invoker.java:1128)
	at org.testng.internal.TestMethodWorker.invokeTestMethods(TestMethodWorker.java:129)
	at org.testng.internal.TestMethodWorker.run(TestMethodWorker.java:112)
	at org.testng.TestRunner.privateRun(TestRunner.java:782)
	at org.testng.TestRunner.run(TestRunner.java:632)
	at org.testng.SuiteRunner.runTest(SuiteRunner.java:366)
	at org.testng.SuiteRunner.runSequentially(SuiteRunner.java:361)
	at org.testng.SuiteRunner.privateRun(SuiteRunner.java:319)
	at org.testng.SuiteRunner.run(SuiteRunner.java:268)
	at org.testng.SuiteRunnerWorker.runSuite(SuiteRunnerWorker.java:52)
	at org.testng.SuiteRunnerWorker.run(SuiteRunnerWorker.java:86)
	at org.testng.TestNG.runSuitesSequentially(TestNG.java:1244)
	at org.testng.TestNG.runSuitesLocally(TestNG.java:1169)
	at org.testng.TestNG.run(TestNG.java:1064)
	at org.testng.remote.AbstractRemoteTestNG.run(AbstractRemoteTestNG.java:114)
	at org.testng.remote.RemoteTestNG.initAndRun(RemoteTestNG.java:251)
	at org.testng.remote.RemoteTestNG.main(RemoteTestNG.java:77)
Caused by: org.openqa.selenium.NoSuchElementException: no such element: Unable to locate element: {"method":"xpath","selector":"//*[@id='mainHeader_MainLayout']/nav/div/ul/li[7]/a/span"}
  (Session info: chrome=86.0.4240.111)
For documentation on this error, please visit: http://seleniumhq.org/exceptions/no_such_element.html
Build info: version: '3.12.0', revision: '7c6e0b3', time: '2018-05-08T14:04:26.12Z'
System info: host: 'FOCUS-QA-11', ip: '192.168.4.114', os.name: 'Windows 10', os.arch: 'amd64', os.version: '10.0', java.version: '1.8.0_111'
Driver info: org.openqa.selenium.chrome.ChromeDriver
Capabilities {acceptInsecureCerts: false, browserName: chrome, browserVersion: 86.0.4240.111, chrome: {chromedriverVersion: 85.0.4183.83 (94abc2237ae0c..., userDataDir: C:\Users\Admin\AppData\Loca...}, goog:chromeOptions: {debuggerAddress: localhost:51130}, javascriptEnabled: true, networkConnectionEnabled: false, pageLoadStrategy: normal, platform: WINDOWS, platformName: WINDOWS, proxy: Proxy(), setWindowRect: true, strictFileInteractability: false, timeouts: {implicit: 0, pageLoad: 300000, script: 30000}, unhandledPromptBehavior: dismiss and notify, webauthn:virtualAuthenticators: true}
Session ID: 2cfbcd7652fefb6fbb87ca5c3a7e8b30
*** Element info: {Using=xpath, value=//*[@id='mainHeader_MainLayout']/nav/div/ul/li[7]/a/span}
	at sun.reflect.GeneratedConstructorAccessor71.newInstance(Unknown Source)
	at sun.reflect.DelegatingConstructorAccessorImpl.newInstance(Unknown Source)
	at java.lang.reflect.Constructor.newInstance(Unknown Source)
	at org.openqa.selenium.remote.http.W3CHttpResponseCodec.createException(W3CHttpResponseCodec.java:187)
	at org.openqa.selenium.remote.http.W3CHttpResponseCodec.decode(W3CHttpResponseCodec.java:122)
	at org.openqa.selenium.remote.http.W3CHttpResponseCodec.decode(W3CHttpResponseCodec.java:49)
	at org.openqa.selenium.remote.HttpCommandExecutor.execute(HttpCommandExecutor.java:158)
	at org.openqa.selenium.remote.service.DriverCommandExecutor.execute(DriverCommandExecutor.java:83)
	at org.openqa.selenium.remote.RemoteWebDriver.execute(RemoteWebDriver.java:543)
	at org.openqa.selenium.remote.RemoteWebDriver.findElement(RemoteWebDriver.java:317)
	at org.openqa.selenium.remote.RemoteWebDriver.findElementByXPath(RemoteWebDriver.java:419)
	at org.openqa.selenium.By$ByXPath.findElement(By.java:353)
	at org.openqa.selenium.remote.RemoteWebDriver.findElement(RemoteWebDriver.java:309)
	at org.openqa.selenium.support.pagefactory.DefaultElementLocator.findElement(DefaultElementLocator.java:69)
	at org.openqa.selenium.support.pagefactory.internal.LocatingElementHandler.invoke(LocatingElementHandler.java:38)
	at com.sun.proxy.$Proxy12.isDisplayed(Unknown Source)
	at org.openqa.selenium.support.ui.ExpectedConditions.elementIfVisible(ExpectedConditions.java:315)
	at org.openqa.selenium.support.ui.ExpectedConditions.access$100(ExpectedConditions.java:44)
	at org.openqa.selenium.support.ui.ExpectedConditions$10.apply(ExpectedConditions.java:301)
	at org.openqa.selenium.support.ui.ExpectedConditions$10.apply(ExpectedConditions.java:298)
	at org.openqa.selenium.support.ui.FluentWait.until(FluentWait.java:248)
	... 26 more
]]>
    </error>
  </testcase> <!-- checkCloseAndLogoutTheCompanyInAcctsCustomization -->
  <testcase name="checkEditToUpdateCreatedFieldInCreateCreateTabDisplayInCustomizeTab" time="8.714" classname="com.focus.testcases.SmokeAcctsCustomizationTest"/>
  <testcase name="checkExternalModulesInCustomizeMaster" time="3.659" classname="com.focus.testcases.SmokeAcctsCustomizationTest"/>
  <testcase name="checkConfirmmationMessageOnDeleteTabOptionForCreateTabDisplayInTabs" time="11.838" classname="com.focus.testcases.SmokeAcctsCustomizationTest"/>
  <testcase name="checkCloseBtnCustomizeMaster" time="4.580" classname="com.focus.testcases.SmokeAcctsCustomizationTest"/>
  <testcase name="checkMainOptionsAvailabilityInAccountMastersPage" time="2.263" classname="com.focus.testcases.SmokeAcctsCustomizationTest"/>
  <testcase name="checkRulesInCustomizeMaster" time="10.209" classname="com.focus.testcases.SmokeAcctsCustomizationTest"/>
  <testcase name="checkHeaderBodyDetailsTabInCreateCreateTab" time="3.614" classname="com.focus.testcases.SmokeAcctsCustomizationTest"/>
  <testcase name="checkDetailsTabInCustomizeMaster" time="3.760" classname="com.focus.testcases.SmokeAcctsCustomizationTest"/>
</testsuite> <!-- com.focus.testcases.SmokeAcctsCustomizationTest -->
