<?xml version="1.0" encoding="UTF-8"?>
<!-- Generated by org.testng.reporters.JUnitReportReporter -->
<testsuite hostname="FOCUS-QA-118" name="com.focus.testcases.OpeningBalanceTest" tests="43" failures="5" timestamp="22 Feb 2021 19:58:02 GMT" time="821.834" errors="0">
  <testcase name="checkOpeningBalanceCustomizeLeftPannelElementsDisplayed" time="6.463" classname="com.focus.testcases.OpeningBalanceTest"/>
  <testcase name="checkFinancialsMenu" time="15.858" classname="com.focus.testcases.OpeningBalanceTest"/>
  <testcase name="checkSignInDemoPopupPageOnClickDoNotShowAndCloseToDisplayMenusAndHomePage" time="25.881" classname="com.focus.testcases.OpeningBalanceTest"/>
  <testcase name="checkOpeningBalanceVoucherEntryPageFooterFields" time="7.283" classname="com.focus.testcases.OpeningBalanceTest"/>
  <testcase name="checkOpeningBalanceVoucherEntryPageHeaderFields" time="6.250" classname="com.focus.testcases.OpeningBalanceTest"/>
  <testcase name="checkSavingVoucherWithCustomerACurrencyINRDepartmentINDIALessThanAccountinDate" time="57.085" classname="com.focus.testcases.OpeningBalanceTest"/>
  <testcase name="checkSavingOpeningBalanceVoucherAfterCopyDocument" time="36.684" classname="com.focus.testcases.OpeningBalanceTest"/>
  <testcase name="checkAddingExtraFieldInCustomization" time="83.575" classname="com.focus.testcases.OpeningBalanceTest">
    <failure type="java.lang.AssertionError" message="expected [true] but found [false]">
      <![CDATA[java.lang.AssertionError: expected [true] but found [false]
	at org.testng.Assert.fail(Assert.java:94)
	at org.testng.Assert.failNotEquals(Assert.java:513)
	at org.testng.Assert.assertEqualsImpl(Assert.java:135)
	at org.testng.Assert.assertEquals(Assert.java:116)
	at org.testng.Assert.assertEquals(Assert.java:305)
	at org.testng.Assert.assertEquals(Assert.java:315)
	at com.focus.testcases.OpeningBalanceTest.checkAddingExtraFieldInCustomization(OpeningBalanceTest.java:322)
	at sun.reflect.NativeMethodAccessorImpl.invoke0(Native Method)
	at sun.reflect.NativeMethodAccessorImpl.invoke(Unknown Source)
	at sun.reflect.DelegatingMethodAccessorImpl.invoke(Unknown Source)
	at java.lang.reflect.Method.invoke(Unknown Source)
	at org.testng.internal.MethodInvocationHelper.invokeMethod(MethodInvocationHelper.java:86)
	at org.testng.internal.Invoker.invokeMethod(Invoker.java:643)
	at org.testng.internal.Invoker.invokeTestMethod(Invoker.java:820)
	at org.testng.internal.Invoker.invokeTestMethods(Invoker.java:1128)
	at org.testng.internal.TestMethodWorker.invokeTestMethods(TestMethodWorker.java:129)
	at org.testng.internal.TestMethodWorker.run(TestMethodWorker.java:112)
	at org.testng.TestRunner.privateRun(TestRunner.java:782)
	at org.testng.TestRunner.run(TestRunner.java:632)
	at org.testng.SuiteRunner.runTest(SuiteRunner.java:366)
	at org.testng.SuiteRunner.runSequentially(SuiteRunner.java:361)
	at org.testng.SuiteRunner.privateRun(SuiteRunner.java:319)
	at org.testng.SuiteRunner.run(SuiteRunner.java:268)
	at org.testng.SuiteRunnerWorker.runSuite(SuiteRunnerWorker.java:52)
	at org.testng.SuiteRunnerWorker.run(SuiteRunnerWorker.java:86)
	at org.testng.TestNG.runSuitesSequentially(TestNG.java:1244)
	at org.testng.TestNG.runSuitesLocally(TestNG.java:1169)
	at org.testng.TestNG.run(TestNG.java:1064)
	at org.testng.remote.AbstractRemoteTestNG.run(AbstractRemoteTestNG.java:114)
	at org.testng.remote.RemoteTestNG.initAndRun(RemoteTestNG.java:251)
	at org.testng.remote.RemoteTestNG.main(RemoteTestNG.java:77)
]]>
    </failure>
  </testcase> <!-- checkAddingExtraFieldInCustomization -->
  <testcase name="checkDeleteCreateViewOfHomePageOfOpeningBalance" time="16.745" classname="com.focus.testcases.OpeningBalanceTest"/>
  <testcase name="checkPreviousButtonInOpeningBalanceSavedVoucher" time="38.379" classname="com.focus.testcases.OpeningBalanceTest"/>
  <testcase name="checkOpeningBalanceVoucherEntryPageRibbonControl" time="5.270" classname="com.focus.testcases.OpeningBalanceTest"/>
  <testcase name="checkOpeningBalanceNewCopyDocumentScreenOptions" time="7.000" classname="com.focus.testcases.OpeningBalanceTest"/>
  <testcase name="checkOpeningBalanceVoucherDocumentNumber" time="13.920" classname="com.focus.testcases.OpeningBalanceTest"/>
  <testcase name="checkExchangeRateAndLocalExchangeReateWithCurrencyAEDInOpeningBalance" time="16.768" classname="com.focus.testcases.OpeningBalanceTest"/>
  <testcase name="checkDeleteOptionFromEntryPageinOpeningBalance" time="8.060" classname="com.focus.testcases.OpeningBalanceTest"/>
  <testcase name="checkCurrencyInOpeningBalanceVoucher" time="7.642" classname="com.focus.testcases.OpeningBalanceTest"/>
  <testcase name="checkOpeningBalanceNewCopyDocumentOption" time="5.774" classname="com.focus.testcases.OpeningBalanceTest"/>
  <testcase name="checkOpeningBalanceVoucherDisplayHomePage" time="24.416" classname="com.focus.testcases.OpeningBalanceTest"/>
  <testcase name="checkCustomizeLeftPannelInnerFieldsInOpeningBalance" time="8.986" classname="com.focus.testcases.OpeningBalanceTest">
    <failure type="java.lang.AssertionError" message="expected [true] but found [false]">
      <![CDATA[java.lang.AssertionError: expected [true] but found [false]
	at org.testng.Assert.fail(Assert.java:94)
	at org.testng.Assert.failNotEquals(Assert.java:513)
	at org.testng.Assert.assertEqualsImpl(Assert.java:135)
	at org.testng.Assert.assertEquals(Assert.java:116)
	at org.testng.Assert.assertEquals(Assert.java:305)
	at org.testng.Assert.assertEquals(Assert.java:315)
	at com.focus.testcases.OpeningBalanceTest.checkCustomizeLeftPannelInnerFieldsInOpeningBalance(OpeningBalanceTest.java:308)
	at sun.reflect.NativeMethodAccessorImpl.invoke0(Native Method)
	at sun.reflect.NativeMethodAccessorImpl.invoke(Unknown Source)
	at sun.reflect.DelegatingMethodAccessorImpl.invoke(Unknown Source)
	at java.lang.reflect.Method.invoke(Unknown Source)
	at org.testng.internal.MethodInvocationHelper.invokeMethod(MethodInvocationHelper.java:86)
	at org.testng.internal.Invoker.invokeMethod(Invoker.java:643)
	at org.testng.internal.Invoker.invokeTestMethod(Invoker.java:820)
	at org.testng.internal.Invoker.invokeTestMethods(Invoker.java:1128)
	at org.testng.internal.TestMethodWorker.invokeTestMethods(TestMethodWorker.java:129)
	at org.testng.internal.TestMethodWorker.run(TestMethodWorker.java:112)
	at org.testng.TestRunner.privateRun(TestRunner.java:782)
	at org.testng.TestRunner.run(TestRunner.java:632)
	at org.testng.SuiteRunner.runTest(SuiteRunner.java:366)
	at org.testng.SuiteRunner.runSequentially(SuiteRunner.java:361)
	at org.testng.SuiteRunner.privateRun(SuiteRunner.java:319)
	at org.testng.SuiteRunner.run(SuiteRunner.java:268)
	at org.testng.SuiteRunnerWorker.runSuite(SuiteRunnerWorker.java:52)
	at org.testng.SuiteRunnerWorker.run(SuiteRunnerWorker.java:86)
	at org.testng.TestNG.runSuitesSequentially(TestNG.java:1244)
	at org.testng.TestNG.runSuitesLocally(TestNG.java:1169)
	at org.testng.TestNG.run(TestNG.java:1064)
	at org.testng.remote.AbstractRemoteTestNG.run(AbstractRemoteTestNG.java:114)
	at org.testng.remote.RemoteTestNG.initAndRun(RemoteTestNG.java:251)
	at org.testng.remote.RemoteTestNG.main(RemoteTestNG.java:77)
]]>
    </failure>
  </testcase> <!-- checkCustomizeLeftPannelInnerFieldsInOpeningBalance -->
  <testcase name="checkExchangeRateAndLocalExchangeRateWithCurrencyINRInOpeningBalance" time="7.785" classname="com.focus.testcases.OpeningBalanceTest"/>
  <testcase name="checkOpeningBalanceVoucherEditPreviousToDeleteRowBin" time="6.137" classname="com.focus.testcases.OpeningBalanceTest"/>
  <testcase name="checkOpeningBalanceVoucherHomePageNewOptionOnClickDisplayEntryPage" time="6.732" classname="com.focus.testcases.OpeningBalanceTest"/>
  <testcase name="checkOpeningBalanceVoucherEntryPageBodyFields" time="5.190" classname="com.focus.testcases.OpeningBalanceTest"/>
  <testcase name="checkOpeningBalanceVoucherCustomizationOption" time="9.178" classname="com.focus.testcases.OpeningBalanceTest"/>
  <testcase name="checkSavingOpeningBalanceVoucherAfterCopyToClipBoard" time="36.370" classname="com.focus.testcases.OpeningBalanceTest"/>
  <testcase name="checkExchangeRateWithCurrencyAEDInOpeningBalance" time="6.065" classname="com.focus.testcases.OpeningBalanceTest"/>
  <testcase name="checkTransactionsMenuInFinanceMenu" time="6.310" classname="com.focus.testcases.OpeningBalanceTest"/>
  <testcase name="checkCustomizationOptionInOpeningBalance" time="17.885" classname="com.focus.testcases.OpeningBalanceTest"/>
  <testcase name="checkOpeningBalanceVoucherSaveWithoutMandatoryFields" time="5.764" classname="com.focus.testcases.OpeningBalanceTest"/>
  <testcase name="checkOpeningBalanceVoucherCloseButtonInHomePage" time="23.099" classname="com.focus.testcases.OpeningBalanceTest">
    <failure type="java.lang.AssertionError" message="expected [true] but found [false]">
      <![CDATA[java.lang.AssertionError: expected [true] but found [false]
	at org.testng.Assert.fail(Assert.java:94)
	at org.testng.Assert.failNotEquals(Assert.java:513)
	at org.testng.Assert.assertEqualsImpl(Assert.java:135)
	at org.testng.Assert.assertEquals(Assert.java:116)
	at org.testng.Assert.assertEquals(Assert.java:305)
	at org.testng.Assert.assertEquals(Assert.java:315)
	at com.focus.testcases.OpeningBalanceTest.checkOpeningBalanceVoucherCloseButtonInHomePage(OpeningBalanceTest.java:336)
	at sun.reflect.NativeMethodAccessorImpl.invoke0(Native Method)
	at sun.reflect.NativeMethodAccessorImpl.invoke(Unknown Source)
	at sun.reflect.DelegatingMethodAccessorImpl.invoke(Unknown Source)
	at java.lang.reflect.Method.invoke(Unknown Source)
	at org.testng.internal.MethodInvocationHelper.invokeMethod(MethodInvocationHelper.java:86)
	at org.testng.internal.Invoker.invokeMethod(Invoker.java:643)
	at org.testng.internal.Invoker.invokeTestMethod(Invoker.java:820)
	at org.testng.internal.Invoker.invokeTestMethods(Invoker.java:1128)
	at org.testng.internal.TestMethodWorker.invokeTestMethods(TestMethodWorker.java:129)
	at org.testng.internal.TestMethodWorker.run(TestMethodWorker.java:112)
	at org.testng.TestRunner.privateRun(TestRunner.java:782)
	at org.testng.TestRunner.run(TestRunner.java:632)
	at org.testng.SuiteRunner.runTest(SuiteRunner.java:366)
	at org.testng.SuiteRunner.runSequentially(SuiteRunner.java:361)
	at org.testng.SuiteRunner.privateRun(SuiteRunner.java:319)
	at org.testng.SuiteRunner.run(SuiteRunner.java:268)
	at org.testng.SuiteRunnerWorker.runSuite(SuiteRunnerWorker.java:52)
	at org.testng.SuiteRunnerWorker.run(SuiteRunnerWorker.java:86)
	at org.testng.TestNG.runSuitesSequentially(TestNG.java:1244)
	at org.testng.TestNG.runSuitesLocally(TestNG.java:1169)
	at org.testng.TestNG.run(TestNG.java:1064)
	at org.testng.remote.AbstractRemoteTestNG.run(AbstractRemoteTestNG.java:114)
	at org.testng.remote.RemoteTestNG.initAndRun(RemoteTestNG.java:251)
	at org.testng.remote.RemoteTestNG.main(RemoteTestNG.java:77)
]]>
    </failure>
  </testcase> <!-- checkOpeningBalanceVoucherCloseButtonInHomePage -->
  <testcase name="checkEditCreateViewOfHomePageOfOpeningBalance" time="33.919" classname="com.focus.testcases.OpeningBalanceTest"/>
  <testcase name="checkOpeningBalanceEntryPageOptionsUnderToggleBtn" time="5.221" classname="com.focus.testcases.OpeningBalanceTest"/>
  <testcase name="checkDeleteExtraFieldFromHomePageBodyHeader" time="23.254" classname="com.focus.testcases.OpeningBalanceTest">
    <failure type="java.lang.AssertionError" message="expected [true] but found [false]">
      <![CDATA[java.lang.AssertionError: expected [true] but found [false]
	at org.testng.Assert.fail(Assert.java:94)
	at org.testng.Assert.failNotEquals(Assert.java:513)
	at org.testng.Assert.assertEqualsImpl(Assert.java:135)
	at org.testng.Assert.assertEquals(Assert.java:116)
	at org.testng.Assert.assertEquals(Assert.java:305)
	at org.testng.Assert.assertEquals(Assert.java:315)
	at com.focus.testcases.OpeningBalanceTest.checkDeleteExtraFieldFromHomePageBodyHeader(OpeningBalanceTest.java:329)
	at sun.reflect.NativeMethodAccessorImpl.invoke0(Native Method)
	at sun.reflect.NativeMethodAccessorImpl.invoke(Unknown Source)
	at sun.reflect.DelegatingMethodAccessorImpl.invoke(Unknown Source)
	at java.lang.reflect.Method.invoke(Unknown Source)
	at org.testng.internal.MethodInvocationHelper.invokeMethod(MethodInvocationHelper.java:86)
	at org.testng.internal.Invoker.invokeMethod(Invoker.java:643)
	at org.testng.internal.Invoker.invokeTestMethod(Invoker.java:820)
	at org.testng.internal.Invoker.invokeTestMethods(Invoker.java:1128)
	at org.testng.internal.TestMethodWorker.invokeTestMethods(TestMethodWorker.java:129)
	at org.testng.internal.TestMethodWorker.run(TestMethodWorker.java:112)
	at org.testng.TestRunner.privateRun(TestRunner.java:782)
	at org.testng.TestRunner.run(TestRunner.java:632)
	at org.testng.SuiteRunner.runTest(SuiteRunner.java:366)
	at org.testng.SuiteRunner.runSequentially(SuiteRunner.java:361)
	at org.testng.SuiteRunner.privateRun(SuiteRunner.java:319)
	at org.testng.SuiteRunner.run(SuiteRunner.java:268)
	at org.testng.SuiteRunnerWorker.runSuite(SuiteRunnerWorker.java:52)
	at org.testng.SuiteRunnerWorker.run(SuiteRunnerWorker.java:86)
	at org.testng.TestNG.runSuitesSequentially(TestNG.java:1244)
	at org.testng.TestNG.runSuitesLocally(TestNG.java:1169)
	at org.testng.TestNG.run(TestNG.java:1064)
	at org.testng.remote.AbstractRemoteTestNG.run(AbstractRemoteTestNG.java:114)
	at org.testng.remote.RemoteTestNG.initAndRun(RemoteTestNG.java:251)
	at org.testng.remote.RemoteTestNG.main(RemoteTestNG.java:77)
]]>
    </failure>
  </testcase> <!-- checkDeleteExtraFieldFromHomePageBodyHeader -->
  <testcase name="checkCopyandPasteToClipboardInOpeningBalance" time="38.876" classname="com.focus.testcases.OpeningBalanceTest"/>
  <testcase name="checkOpeningBalanceFirstRowCheckboxInCopyDocumentInOpeningBalance" time="42.897" classname="com.focus.testcases.OpeningBalanceTest">
    <failure type="java.lang.AssertionError" message="expected [true] but found [false]">
      <![CDATA[java.lang.AssertionError: expected [true] but found [false]
	at org.testng.Assert.fail(Assert.java:94)
	at org.testng.Assert.failNotEquals(Assert.java:513)
	at org.testng.Assert.assertEqualsImpl(Assert.java:135)
	at org.testng.Assert.assertEquals(Assert.java:116)
	at org.testng.Assert.assertEquals(Assert.java:305)
	at org.testng.Assert.assertEquals(Assert.java:315)
	at com.focus.testcases.OpeningBalanceTest.checkOpeningBalanceFirstRowCheckboxInCopyDocumentInOpeningBalance(OpeningBalanceTest.java:256)
	at sun.reflect.NativeMethodAccessorImpl.invoke0(Native Method)
	at sun.reflect.NativeMethodAccessorImpl.invoke(Unknown Source)
	at sun.reflect.DelegatingMethodAccessorImpl.invoke(Unknown Source)
	at java.lang.reflect.Method.invoke(Unknown Source)
	at org.testng.internal.MethodInvocationHelper.invokeMethod(MethodInvocationHelper.java:86)
	at org.testng.internal.Invoker.invokeMethod(Invoker.java:643)
	at org.testng.internal.Invoker.invokeTestMethod(Invoker.java:820)
	at org.testng.internal.Invoker.invokeTestMethods(Invoker.java:1128)
	at org.testng.internal.TestMethodWorker.invokeTestMethods(TestMethodWorker.java:129)
	at org.testng.internal.TestMethodWorker.run(TestMethodWorker.java:112)
	at org.testng.TestRunner.privateRun(TestRunner.java:782)
	at org.testng.TestRunner.run(TestRunner.java:632)
	at org.testng.SuiteRunner.runTest(SuiteRunner.java:366)
	at org.testng.SuiteRunner.runSequentially(SuiteRunner.java:361)
	at org.testng.SuiteRunner.privateRun(SuiteRunner.java:319)
	at org.testng.SuiteRunner.run(SuiteRunner.java:268)
	at org.testng.SuiteRunnerWorker.runSuite(SuiteRunnerWorker.java:52)
	at org.testng.SuiteRunnerWorker.run(SuiteRunnerWorker.java:86)
	at org.testng.TestNG.runSuitesSequentially(TestNG.java:1244)
	at org.testng.TestNG.runSuitesLocally(TestNG.java:1169)
	at org.testng.TestNG.run(TestNG.java:1064)
	at org.testng.remote.AbstractRemoteTestNG.run(AbstractRemoteTestNG.java:114)
	at org.testng.remote.RemoteTestNG.initAndRun(RemoteTestNG.java:251)
	at org.testng.remote.RemoteTestNG.main(RemoteTestNG.java:77)
]]>
    </failure>
  </testcase> <!-- checkOpeningBalanceFirstRowCheckboxInCopyDocumentInOpeningBalance -->
  <testcase name="checkOpeningBalanceVoucherEditPreviousUpdateRowAndSave" time="49.961" classname="com.focus.testcases.OpeningBalanceTest"/>
  <testcase name="checkSaveInCreateViewOfHomePageOfOpeningBalance" time="8.968" classname="com.focus.testcases.OpeningBalanceTest"/>
  <testcase name="checkHidingFieldCustomization" time="22.472" classname="com.focus.testcases.OpeningBalanceTest"/>
  <testcase name="checkFinancialsMenuTransactionsMenuJournalsMenu" time="8.508" classname="com.focus.testcases.OpeningBalanceTest"/>
  <testcase name="checkExchangeRateAndLocalExchangeReateWithCurrencyUSDInOpeningBalance" time="6.925" classname="com.focus.testcases.OpeningBalanceTest"/>
  <testcase name="checksuspendedOptionInOpeningBalance" time="13.229" classname="com.focus.testcases.OpeningBalanceTest"/>
  <testcase name="checkOpeningBalanceVoucherDateIsDisable" time="7.927" classname="com.focus.testcases.OpeningBalanceTest"/>
  <testcase name="checkLoadingVoucherInformationFromCopyDocumentOnClickOnOkInOpeningBalance" time="37.123" classname="com.focus.testcases.OpeningBalanceTest"/>
</testsuite> <!-- com.focus.testcases.OpeningBalanceTest -->
