<?xml version="1.0" encoding="UTF-8"?>
<!-- Generated by org.testng.reporters.JUnitReportReporter -->
<testsuite hostname="FOCUS-QA-21" name="com.focus.testcases.VouchersExcessAndShortagesTest" tests="28" failures="2" timestamp="10 Feb 2021 11:12:44 GMT" time="1270.648" errors="0">
  <testcase name="checkShortagesInStocksEntryPage" time="5.895" classname="com.focus.testcases.VouchersExcessAndShortagesTest"/>
  <testcase name="checkSuspendedOptionFromHomePageInExcessInStocks" time="16.700" classname="com.focus.testcases.VouchersExcessAndShortagesTest"/>
  <testcase name="checkExcessInStocksVoucher" time="9.811" classname="com.focus.testcases.VouchersExcessAndShortagesTest"/>
  <testcase name="checkShortagesInStocksVoucher" time="9.857" classname="com.focus.testcases.VouchersExcessAndShortagesTest"/>
  <testcase name="checkShortagesInStocksEntryPageFooterFields" time="4.922" classname="com.focus.testcases.VouchersExcessAndShortagesTest"/>
  <testcase name="checkSavedDocumentinShortageInStocks" time="66.175" classname="com.focus.testcases.VouchersExcessAndShortagesTest"/>
  <testcase name="checkEntryPageSuspendOptionInExcessInStocksVoucher" time="14.194" classname="com.focus.testcases.VouchersExcessAndShortagesTest"/>
  <testcase name="checkShortagesInStocksHomePage" time="55.949" classname="com.focus.testcases.VouchersExcessAndShortagesTest"/>
  <testcase name="checkSavingexcessInStocksVoucherWithALLItems" time="58.328" classname="com.focus.testcases.VouchersExcessAndShortagesTest"/>
  <testcase name="checkSavingShortagesInStocksVoucherWithAllItemsWithLinksLineWise" time="361.467" classname="com.focus.testcases.VouchersExcessAndShortagesTest">
    <failure type="java.lang.AssertionError" message="expected [true] but found [false]">
      <![CDATA[java.lang.AssertionError: expected [true] but found [false]
	at org.testng.Assert.fail(Assert.java:94)
	at org.testng.Assert.failNotEquals(Assert.java:513)
	at org.testng.Assert.assertEqualsImpl(Assert.java:135)
	at org.testng.Assert.assertEquals(Assert.java:116)
	at org.testng.Assert.assertEquals(Assert.java:305)
	at org.testng.Assert.assertEquals(Assert.java:315)
	at com.focus.testcases.VouchersExcessAndShortagesTest.checkSavingShortagesInStocksVoucherWithAllItemsWithLinksLineWise(VouchersExcessAndShortagesTest.java:203)
	at sun.reflect.NativeMethodAccessorImpl.invoke0(Native Method)
	at sun.reflect.NativeMethodAccessorImpl.invoke(Unknown Source)
	at sun.reflect.DelegatingMethodAccessorImpl.invoke(Unknown Source)
	at java.lang.reflect.Method.invoke(Unknown Source)
	at org.testng.internal.MethodInvocationHelper.invokeMethod(MethodInvocationHelper.java:86)
	at org.testng.internal.Invoker.invokeMethod(Invoker.java:643)
	at org.testng.internal.Invoker.invokeTestMethod(Invoker.java:820)
	at org.testng.internal.Invoker.invokeTestMethods(Invoker.java:1128)
	at org.testng.internal.TestMethodWorker.invokeTestMethods(TestMethodWorker.java:129)
	at org.testng.internal.TestMethodWorker.run(TestMethodWorker.java:112)
	at org.testng.TestRunner.privateRun(TestRunner.java:782)
	at org.testng.TestRunner.run(TestRunner.java:632)
	at org.testng.SuiteRunner.runTest(SuiteRunner.java:366)
	at org.testng.SuiteRunner.runSequentially(SuiteRunner.java:361)
	at org.testng.SuiteRunner.privateRun(SuiteRunner.java:319)
	at org.testng.SuiteRunner.run(SuiteRunner.java:268)
	at org.testng.SuiteRunnerWorker.runSuite(SuiteRunnerWorker.java:52)
	at org.testng.SuiteRunnerWorker.run(SuiteRunnerWorker.java:86)
	at org.testng.TestNG.runSuitesSequentially(TestNG.java:1244)
	at org.testng.TestNG.runSuitesLocally(TestNG.java:1169)
	at org.testng.TestNG.run(TestNG.java:1064)
	at org.testng.remote.AbstractRemoteTestNG.run(AbstractRemoteTestNG.java:114)
	at org.testng.remote.RemoteTestNG.initAndRun(RemoteTestNG.java:251)
	at org.testng.remote.RemoteTestNG.main(RemoteTestNG.java:77)
]]>
    </failure>
  </testcase> <!-- checkSavingShortagesInStocksVoucherWithAllItemsWithLinksLineWise -->
  <testcase name="checkSavingVoucherWithoutInputDATA" time="5.056" classname="com.focus.testcases.VouchersExcessAndShortagesTest"/>
  <testcase name="checkSavedExcessInStocksVoucherPrevious" time="78.690" classname="com.focus.testcases.VouchersExcessAndShortagesTest"/>
  <testcase name="checkExcessInStocksEntryPageFooterFields" time="4.954" classname="com.focus.testcases.VouchersExcessAndShortagesTest"/>
  <testcase name="checkExcessStockLessthanAccountingDate" time="13.254" classname="com.focus.testcases.VouchersExcessAndShortagesTest"/>
  <testcase name="checkShortagesInStocksEntryPageHeaderFields" time="4.718" classname="com.focus.testcases.VouchersExcessAndShortagesTest"/>
  <testcase name="checkExcessInStocksEntryPageHeaderFields" time="6.741" classname="com.focus.testcases.VouchersExcessAndShortagesTest"/>
  <testcase name="checkExcessInStocksEntryPage" time="5.994" classname="com.focus.testcases.VouchersExcessAndShortagesTest"/>
  <testcase name="checkEntryPageSuspendAndDeleteOptionOnSavingAVoucherWithUsingLinksInShortagesInStocks" time="53.240" classname="com.focus.testcases.VouchersExcessAndShortagesTest"/>
  <testcase name="checkCopyDocumentOptionInShortagesInStocks" time="73.642" classname="com.focus.testcases.VouchersExcessAndShortagesTest"/>
  <testcase name="checkDeleteOptionINExcessStockEntryPage" time="24.509" classname="com.focus.testcases.VouchersExcessAndShortagesTest"/>
  <testcase name="CheckLinksDisplayInShortageInStocks" time="34.922" classname="com.focus.testcases.VouchersExcessAndShortagesTest"/>
  <testcase name="checkCopyToPasteClipBoardOptionInExcessInStocks" time="103.253" classname="com.focus.testcases.VouchersExcessAndShortagesTest"/>
  <testcase name="checkExcessInStocksEntryPageBodyFields" time="5.168" classname="com.focus.testcases.VouchersExcessAndShortagesTest"/>
  <testcase name="checkShortagesInStocksEntryPageBodyFields" time="4.961" classname="com.focus.testcases.VouchersExcessAndShortagesTest"/>
  <testcase name="checkExcessInStocksHomePage" time="57.634" classname="com.focus.testcases.VouchersExcessAndShortagesTest"/>
  <testcase name="checkCopyDocumentOptionAndSavingInExcessInStocks" time="130.265" classname="com.focus.testcases.VouchersExcessAndShortagesTest">
    <failure type="java.lang.AssertionError" message="expected [true] but found [false]">
      <![CDATA[java.lang.AssertionError: expected [true] but found [false]
	at org.testng.Assert.fail(Assert.java:94)
	at org.testng.Assert.failNotEquals(Assert.java:513)
	at org.testng.Assert.assertEqualsImpl(Assert.java:135)
	at org.testng.Assert.assertEquals(Assert.java:116)
	at org.testng.Assert.assertEquals(Assert.java:305)
	at org.testng.Assert.assertEquals(Assert.java:315)
	at com.focus.testcases.VouchersExcessAndShortagesTest.checkCopyDocumentOptionAndSavingInExcessInStocks(VouchersExcessAndShortagesTest.java:135)
	at sun.reflect.NativeMethodAccessorImpl.invoke0(Native Method)
	at sun.reflect.NativeMethodAccessorImpl.invoke(Unknown Source)
	at sun.reflect.DelegatingMethodAccessorImpl.invoke(Unknown Source)
	at java.lang.reflect.Method.invoke(Unknown Source)
	at org.testng.internal.MethodInvocationHelper.invokeMethod(MethodInvocationHelper.java:86)
	at org.testng.internal.Invoker.invokeMethod(Invoker.java:643)
	at org.testng.internal.Invoker.invokeTestMethod(Invoker.java:820)
	at org.testng.internal.Invoker.invokeTestMethods(Invoker.java:1128)
	at org.testng.internal.TestMethodWorker.invokeTestMethods(TestMethodWorker.java:129)
	at org.testng.internal.TestMethodWorker.run(TestMethodWorker.java:112)
	at org.testng.TestRunner.privateRun(TestRunner.java:782)
	at org.testng.TestRunner.run(TestRunner.java:632)
	at org.testng.SuiteRunner.runTest(SuiteRunner.java:366)
	at org.testng.SuiteRunner.runSequentially(SuiteRunner.java:361)
	at org.testng.SuiteRunner.privateRun(SuiteRunner.java:319)
	at org.testng.SuiteRunner.run(SuiteRunner.java:268)
	at org.testng.SuiteRunnerWorker.runSuite(SuiteRunnerWorker.java:52)
	at org.testng.SuiteRunnerWorker.run(SuiteRunnerWorker.java:86)
	at org.testng.TestNG.runSuitesSequentially(TestNG.java:1244)
	at org.testng.TestNG.runSuitesLocally(TestNG.java:1169)
	at org.testng.TestNG.run(TestNG.java:1064)
	at org.testng.remote.AbstractRemoteTestNG.run(AbstractRemoteTestNG.java:114)
	at org.testng.remote.RemoteTestNG.initAndRun(RemoteTestNG.java:251)
	at org.testng.remote.RemoteTestNG.main(RemoteTestNG.java:77)
]]>
    </failure>
  </testcase> <!-- checkCopyDocumentOptionAndSavingInExcessInStocks -->
  <testcase name="checkPendingLinksInShortageInStocks" time="50.802" classname="com.focus.testcases.VouchersExcessAndShortagesTest"/>
  <testcase name="checkLoginToCheckExcessAndShortages" time="9.547" classname="com.focus.testcases.VouchersExcessAndShortagesTest"/>
</testsuite> <!-- com.focus.testcases.VouchersExcessAndShortagesTest -->
