<?xml version="1.0" encoding="UTF-8"?>
<!-- Generated by org.testng.reporters.JUnitReportReporter -->
<testsuite hostname="FOCUS-QA-11" name="com.focus.testcases.SmokeDepartmentTest" tests="28" failures="2" timestamp="28 Oct 2020 23:04:13 GMT" time="438.232" errors="0">
  <testcase name="checkCloseDepartmentMaster" time="5.106" classname="com.focus.testcases.SmokeDepartmentTest"/>
  <testcase name="checkNameCodeAndCurrencyOptionForNewlyCreatedDepartmentThroughEdit" time="4.965" classname="com.focus.testcases.SmokeDepartmentTest"/>
  <testcase name="checkHideUnitGroupOptionsAvailableInDepartmentMastersPage" time="3.658" classname="com.focus.testcases.SmokeDepartmentTest"/>
  <testcase name="checkHeaderFieldsOptionsAvailableInDepartmentMastersPage" time="6.447" classname="com.focus.testcases.SmokeDepartmentTest"/>
  <testcase name="checkOtherToolsOptionsAvailabilityInDepartmentMastersPageOnClickRibbonControlNextButton" time="3.999" classname="com.focus.testcases.SmokeDepartmentTest"/>
  <testcase name="checkSearchOptionAvailableInDepartmentMastersPage" time="3.735" classname="com.focus.testcases.SmokeDepartmentTest"/>
  <testcase name="checkDepartmentMastersDisplayTableColumnValuesAvailableInDepartmentMastersPage" time="85.212" classname="com.focus.testcases.SmokeDepartmentTest"/>
  <testcase name="checkClickOnEditForNewlyCreatedDepartment" time="2.285" classname="com.focus.testcases.SmokeDepartmentTest"/>
  <testcase name="checkDepartmentCreationAndClickOnCloseButtonToDisplayCreatedDepartmentInDisplayGrid" time="5.072" classname="com.focus.testcases.SmokeDepartmentTest"/>
  <testcase name="checkClickOnSaveByUpdatingMasterAndDisplayDepartmentDisplayInGrid" time="6.183" classname="com.focus.testcases.SmokeDepartmentTest"/>
  <testcase name="checkLogoutInDepartmentMasterPage" time="82.073" classname="com.focus.testcases.SmokeDepartmentTest">
    <failure type="java.lang.AssertionError" message="expected [true] but found [false]">
      <![CDATA[java.lang.AssertionError: expected [true] but found [false]
	at org.testng.Assert.fail(Assert.java:94)
	at org.testng.Assert.failNotEquals(Assert.java:513)
	at org.testng.Assert.assertEqualsImpl(Assert.java:135)
	at org.testng.Assert.assertEquals(Assert.java:116)
	at org.testng.Assert.assertEquals(Assert.java:305)
	at org.testng.Assert.assertEquals(Assert.java:315)
	at com.focus.testcases.SmokeDepartmentTest.checkLogoutInDepartmentMasterPage(SmokeDepartmentTest.java:222)
	at sun.reflect.NativeMethodAccessorImpl.invoke0(Native Method)
	at sun.reflect.NativeMethodAccessorImpl.invoke(Unknown Source)
	at sun.reflect.DelegatingMethodAccessorImpl.invoke(Unknown Source)
	at java.lang.reflect.Method.invoke(Unknown Source)
	at org.testng.internal.MethodInvocationHelper.invokeMethod(MethodInvocationHelper.java:86)
	at org.testng.internal.Invoker.invokeMethod(Invoker.java:643)
	at org.testng.internal.Invoker.invokeTestMethod(Invoker.java:820)
	at org.testng.internal.Invoker.invokeTestMethods(Invoker.java:1128)
	at org.testng.internal.TestMethodWorker.invokeTestMethods(TestMethodWorker.java:129)
	at org.testng.internal.TestMethodWorker.run(TestMethodWorker.java:112)
	at org.testng.TestRunner.privateRun(TestRunner.java:782)
	at org.testng.TestRunner.run(TestRunner.java:632)
	at org.testng.SuiteRunner.runTest(SuiteRunner.java:366)
	at org.testng.SuiteRunner.runSequentially(SuiteRunner.java:361)
	at org.testng.SuiteRunner.privateRun(SuiteRunner.java:319)
	at org.testng.SuiteRunner.run(SuiteRunner.java:268)
	at org.testng.SuiteRunnerWorker.runSuite(SuiteRunnerWorker.java:52)
	at org.testng.SuiteRunnerWorker.run(SuiteRunnerWorker.java:86)
	at org.testng.TestNG.runSuitesSequentially(TestNG.java:1244)
	at org.testng.TestNG.runSuitesLocally(TestNG.java:1169)
	at org.testng.TestNG.run(TestNG.java:1064)
	at org.testng.remote.AbstractRemoteTestNG.run(AbstractRemoteTestNG.java:114)
	at org.testng.remote.RemoteTestNG.initAndRun(RemoteTestNG.java:251)
	at org.testng.remote.RemoteTestNG.main(RemoteTestNG.java:77)
]]>
    </failure>
  </testcase> <!-- checkLogoutInDepartmentMasterPage -->
  <testcase name="checkUpatingNameCodeCurrencyForNewlyCreateDepartment" time="14.989" classname="com.focus.testcases.SmokeDepartmentTest"/>
  <testcase name="checkCreateTreeToggleOptionsAvailableInDepartmentMastersPage" time="3.871" classname="com.focus.testcases.SmokeDepartmentTest"/>
  <testcase name="checkDisplayOfGroupAvailableTreeStructureLeftPageDepartmentsMasterPage" time="3.508" classname="com.focus.testcases.SmokeDepartmentTest"/>
  <testcase name="checkSignToCheckDepartmentMastersPage" time="88.429" classname="com.focus.testcases.SmokeDepartmentTest">
    <failure type="java.lang.AssertionError" message="expected [true] but found [false]">
      <![CDATA[java.lang.AssertionError: expected [true] but found [false]
	at org.testng.Assert.fail(Assert.java:94)
	at org.testng.Assert.failNotEquals(Assert.java:513)
	at org.testng.Assert.assertEqualsImpl(Assert.java:135)
	at org.testng.Assert.assertEquals(Assert.java:116)
	at org.testng.Assert.assertEquals(Assert.java:305)
	at org.testng.Assert.assertEquals(Assert.java:315)
	at com.focus.testcases.SmokeDepartmentTest.checkSignToCheckDepartmentMastersPage(SmokeDepartmentTest.java:21)
	at sun.reflect.NativeMethodAccessorImpl.invoke0(Native Method)
	at sun.reflect.NativeMethodAccessorImpl.invoke(Unknown Source)
	at sun.reflect.DelegatingMethodAccessorImpl.invoke(Unknown Source)
	at java.lang.reflect.Method.invoke(Unknown Source)
	at org.testng.internal.MethodInvocationHelper.invokeMethod(MethodInvocationHelper.java:86)
	at org.testng.internal.Invoker.invokeMethod(Invoker.java:643)
	at org.testng.internal.Invoker.invokeTestMethod(Invoker.java:820)
	at org.testng.internal.Invoker.invokeTestMethods(Invoker.java:1128)
	at org.testng.internal.TestMethodWorker.invokeTestMethods(TestMethodWorker.java:129)
	at org.testng.internal.TestMethodWorker.run(TestMethodWorker.java:112)
	at org.testng.TestRunner.privateRun(TestRunner.java:782)
	at org.testng.TestRunner.run(TestRunner.java:632)
	at org.testng.SuiteRunner.runTest(SuiteRunner.java:366)
	at org.testng.SuiteRunner.runSequentially(SuiteRunner.java:361)
	at org.testng.SuiteRunner.privateRun(SuiteRunner.java:319)
	at org.testng.SuiteRunner.run(SuiteRunner.java:268)
	at org.testng.SuiteRunnerWorker.runSuite(SuiteRunnerWorker.java:52)
	at org.testng.SuiteRunnerWorker.run(SuiteRunnerWorker.java:86)
	at org.testng.TestNG.runSuitesSequentially(TestNG.java:1244)
	at org.testng.TestNG.runSuitesLocally(TestNG.java:1169)
	at org.testng.TestNG.run(TestNG.java:1064)
	at org.testng.remote.AbstractRemoteTestNG.run(AbstractRemoteTestNG.java:114)
	at org.testng.remote.RemoteTestNG.initAndRun(RemoteTestNG.java:251)
	at org.testng.remote.RemoteTestNG.main(RemoteTestNG.java:77)
]]>
    </failure>
  </testcase> <!-- checkSignToCheckDepartmentMastersPage -->
  <testcase name="checkClickOnSaveButtonInDepartmentCreationPage" time="2.849" classname="com.focus.testcases.SmokeDepartmentTest"/>
  <testcase name="checkClickOnNewButtonInDepartmentMasterPage" time="7.328" classname="com.focus.testcases.SmokeDepartmentTest"/>
  <testcase name="checkCreateViewToggleOptionsAvailableInDepartmentMastersPage" time="3.727" classname="com.focus.testcases.SmokeDepartmentTest"/>
  <testcase name="checkTreeViewOptionsAvailableInDepartmentsMastersPage" time="5.151" classname="com.focus.testcases.SmokeDepartmentTest"/>
  <testcase name="checkSaveDepartment" time="14.068" classname="com.focus.testcases.SmokeDepartmentTest"/>
  <testcase name="checkDepartmentsMasterPageIsDisplayByClickOnDepartmentsMenu" time="5.440" classname="com.focus.testcases.SmokeDepartmentTest"/>
  <testcase name="checkToolsOptionsAvailabilityOnClickMasterRibbonToExpandOptionsInDepartmentMastersPage" time="6.400" classname="com.focus.testcases.SmokeDepartmentTest"/>
  <testcase name="checkDepartmentMastersDisplayTableColumnNamesAvailableInDepartmentMastersPage" time="3.806" classname="com.focus.testcases.SmokeDepartmentTest"/>
  <testcase name="checkDeleteMasterDisplayInGroup" time="43.524" classname="com.focus.testcases.SmokeDepartmentTest"/>
  <testcase name="checkMainOptionsAvailabilityInDepartmentsMasterPage" time="3.882" classname="com.focus.testcases.SmokeDepartmentTest"/>
  <testcase name="checkDeleteDepartmentMaster" time="7.288" classname="com.focus.testcases.SmokeDepartmentTest"/>
  <testcase name="checkInputNameCodeLocalCurrencyFieldsInDepartmentCreationPage" time="11.604" classname="com.focus.testcases.SmokeDepartmentTest"/>
  <testcase name="checkUnHideUnitsGroupOptionsAvailableInDepartmentMastersPage" time="3.633" classname="com.focus.testcases.SmokeDepartmentTest"/>
</testsuite> <!-- com.focus.testcases.SmokeDepartmentTest -->
