<?xml version="1.0" encoding="UTF-8"?>
<!-- Generated by org.testng.reporters.JUnitReportReporter -->
<testsuite hostname="FOCUS-QA-10" name="com.focus.testcases.LoginPageCompanyCreationTest" tests="19" failures="2" timestamp="22 Nov 2022 18:03:38 GMT" time="270.237" errors="0">
  <testcase name="verifyCountryComboboxCountInCreateCompany" time="2.421" classname="com.focus.testcases.LoginPageCompanyCreationTest"/>
  <testcase name="verifyOkButtonPasswordBlakInCreateCompany" time="4.420" classname="com.focus.testcases.LoginPageCompanyCreationTest"/>
  <testcase name="verifyGlobalCurrencyDefaltValueDisplayInCreateCompany" time="2.524" classname="com.focus.testcases.LoginPageCompanyCreationTest"/>
  <testcase name="verifyCompanyListAfterCreateCompany" time="5.481" classname="com.focus.testcases.LoginPageCompanyCreationTest"/>
  <testcase name="verifyLoginScreenAfterCompanyCreationInCreateCompany" time="2.716" classname="com.focus.testcases.LoginPageCompanyCreationTest"/>
  <testcase name="verifyDefaultLanguageComboboxBySelectLangaugesInCreateCompany" time="2.628" classname="com.focus.testcases.LoginPageCompanyCreationTest"/>
  <testcase name="verifyLogoutAfterCreateCompanyAndSignIn" time="6.850" classname="com.focus.testcases.LoginPageCompanyCreationTest"/>
  <testcase name="verifySignInAfterCreateCompany" time="13.920" classname="com.focus.testcases.LoginPageCompanyCreationTest"/>
  <testcase name="verifyGlobalCurrencyListOfCurrencyDisplayInCreateCompany" time="2.526" classname="com.focus.testcases.LoginPageCompanyCreationTest"/>
  <testcase name="checkCreateCompanyInLoginPage" time="6.407" classname="com.focus.testcases.LoginPageCompanyCreationTest"/>
  <testcase name="verifyLanguageDefaultLanguageComboboxInCreateCompany" time="1.845" classname="com.focus.testcases.LoginPageCompanyCreationTest"/>
  <testcase name="verifyOkButtonCompanyNameBlakInCreateCompany" time="5.417" classname="com.focus.testcases.LoginPageCompanyCreationTest"/>
  <testcase name="verifyCalenderTypeValuesInCreateCompany" time="2.421" classname="com.focus.testcases.LoginPageCompanyCreationTest">
    <failure type="java.lang.AssertionError" message="expected [true] but found [false]">
      <![CDATA[java.lang.AssertionError: expected [true] but found [false]
	at org.testng.Assert.fail(Assert.java:94)
	at org.testng.Assert.failNotEquals(Assert.java:513)
	at org.testng.Assert.assertEqualsImpl(Assert.java:135)
	at org.testng.Assert.assertEquals(Assert.java:116)
	at org.testng.Assert.assertEquals(Assert.java:305)
	at org.testng.Assert.assertEquals(Assert.java:315)
	at com.focus.testcases.LoginPageCompanyCreationTest.verifyCalenderTypeValuesInCreateCompany(LoginPageCompanyCreationTest.java:73)
	at sun.reflect.NativeMethodAccessorImpl.invoke0(Native Method)
	at sun.reflect.NativeMethodAccessorImpl.invoke(Unknown Source)
	at sun.reflect.DelegatingMethodAccessorImpl.invoke(Unknown Source)
	at java.lang.reflect.Method.invoke(Unknown Source)
	at org.testng.internal.MethodInvocationHelper.invokeMethod(MethodInvocationHelper.java:86)
	at org.testng.internal.Invoker.invokeMethod(Invoker.java:643)
	at org.testng.internal.Invoker.invokeTestMethod(Invoker.java:820)
	at org.testng.internal.Invoker.invokeTestMethods(Invoker.java:1128)
	at org.testng.internal.TestMethodWorker.invokeTestMethods(TestMethodWorker.java:129)
	at org.testng.internal.TestMethodWorker.run(TestMethodWorker.java:112)
	at org.testng.TestRunner.privateRun(TestRunner.java:782)
	at org.testng.TestRunner.run(TestRunner.java:632)
	at org.testng.SuiteRunner.runTest(SuiteRunner.java:366)
	at org.testng.SuiteRunner.runSequentially(SuiteRunner.java:361)
	at org.testng.SuiteRunner.privateRun(SuiteRunner.java:319)
	at org.testng.SuiteRunner.run(SuiteRunner.java:268)
	at org.testng.SuiteRunnerWorker.runSuite(SuiteRunnerWorker.java:52)
	at org.testng.SuiteRunnerWorker.run(SuiteRunnerWorker.java:86)
	at org.testng.TestNG.runSuitesSequentially(TestNG.java:1244)
	at org.testng.TestNG.runSuitesLocally(TestNG.java:1169)
	at org.testng.TestNG.run(TestNG.java:1064)
	at org.testng.remote.AbstractRemoteTestNG.run(AbstractRemoteTestNG.java:114)
	at org.testng.remote.RemoteTestNG.initAndRun(RemoteTestNG.java:251)
	at org.testng.remote.RemoteTestNG.main(RemoteTestNG.java:77)
]]>
    </failure>
  </testcase> <!-- verifyCalenderTypeValuesInCreateCompany -->
  <testcase name="verifyCountryIndiaDisplayInCreateCompany" time="3.069" classname="com.focus.testcases.LoginPageCompanyCreationTest"/>
  <testcase name="verifyAccountingDateFormatInCreateCompany" time="2.676" classname="com.focus.testcases.LoginPageCompanyCreationTest"/>
  <testcase name="verifyDefaultLanguageComboboxByUnSelectLangaugesInCreateCompany" time="2.471" classname="com.focus.testcases.LoginPageCompanyCreationTest"/>
  <testcase name="verifyCalenderTypeCountAndDefaultValueInCreateCompany" time="2.469" classname="com.focus.testcases.LoginPageCompanyCreationTest"/>
  <testcase name="checkCompanyCreatePageFields" time="7.875" classname="com.focus.testcases.LoginPageCompanyCreationTest">
    <failure type="java.lang.AssertionError" message="expected [true] but found [false]">
      <![CDATA[java.lang.AssertionError: expected [true] but found [false]
	at org.testng.Assert.fail(Assert.java:94)
	at org.testng.Assert.failNotEquals(Assert.java:513)
	at org.testng.Assert.assertEqualsImpl(Assert.java:135)
	at org.testng.Assert.assertEquals(Assert.java:116)
	at org.testng.Assert.assertEquals(Assert.java:305)
	at org.testng.Assert.assertEquals(Assert.java:315)
	at com.focus.testcases.LoginPageCompanyCreationTest.checkCompanyCreatePageFields(LoginPageCompanyCreationTest.java:43)
	at sun.reflect.NativeMethodAccessorImpl.invoke0(Native Method)
	at sun.reflect.NativeMethodAccessorImpl.invoke(Unknown Source)
	at sun.reflect.DelegatingMethodAccessorImpl.invoke(Unknown Source)
	at java.lang.reflect.Method.invoke(Unknown Source)
	at org.testng.internal.MethodInvocationHelper.invokeMethod(MethodInvocationHelper.java:86)
	at org.testng.internal.Invoker.invokeMethod(Invoker.java:643)
	at org.testng.internal.Invoker.invokeTestMethod(Invoker.java:820)
	at org.testng.internal.Invoker.invokeTestMethods(Invoker.java:1128)
	at org.testng.internal.TestMethodWorker.invokeTestMethods(TestMethodWorker.java:129)
	at org.testng.internal.TestMethodWorker.run(TestMethodWorker.java:112)
	at org.testng.TestRunner.privateRun(TestRunner.java:782)
	at org.testng.TestRunner.run(TestRunner.java:632)
	at org.testng.SuiteRunner.runTest(SuiteRunner.java:366)
	at org.testng.SuiteRunner.runSequentially(SuiteRunner.java:361)
	at org.testng.SuiteRunner.privateRun(SuiteRunner.java:319)
	at org.testng.SuiteRunner.run(SuiteRunner.java:268)
	at org.testng.SuiteRunnerWorker.runSuite(SuiteRunnerWorker.java:52)
	at org.testng.SuiteRunnerWorker.run(SuiteRunnerWorker.java:86)
	at org.testng.TestNG.runSuitesSequentially(TestNG.java:1244)
	at org.testng.TestNG.runSuitesLocally(TestNG.java:1169)
	at org.testng.TestNG.run(TestNG.java:1064)
	at org.testng.remote.AbstractRemoteTestNG.run(AbstractRemoteTestNG.java:114)
	at org.testng.remote.RemoteTestNG.initAndRun(RemoteTestNG.java:251)
	at org.testng.remote.RemoteTestNG.main(RemoteTestNG.java:77)
]]>
    </failure>
  </testcase> <!-- checkCompanyCreatePageFields -->
  <testcase name="verifyCompanyLogoInCreateCompany" time="192.101" classname="com.focus.testcases.LoginPageCompanyCreationTest"/>
</testsuite> <!-- com.focus.testcases.LoginPageCompanyCreationTest -->
