<?xml version="1.0" encoding="UTF-8"?>
<!-- Generated by org.testng.reporters.JUnitReportReporter -->
<testsuite hostname="FOCUS-QA-21" name="com.focus.testcases.VoucherReserveAndReleaseTest" tests="145" failures="13" timestamp="10 Feb 2021 11:12:44 GMT" time="3593.237" errors="1">
  <testcase name="checkSalesInvoiceVoucherBatchPopUpScreenByChangeTheVoucherDateForExpiredBatch" time="35.606" classname="com.focus.testcases.VoucherReserveAndReleaseTest"/>
  <testcase name="checkStockReservationForFifoCogsItemAfterConsumingInNextRow" time="52.238" classname="com.focus.testcases.VoucherReserveAndReleaseTest">
    <failure type="java.lang.AssertionError" message="expected [true] but found [false]">
      <![CDATA[java.lang.AssertionError: expected [true] but found [false]
	at org.testng.Assert.fail(Assert.java:94)
	at org.testng.Assert.failNotEquals(Assert.java:513)
	at org.testng.Assert.assertEqualsImpl(Assert.java:135)
	at org.testng.Assert.assertEquals(Assert.java:116)
	at org.testng.Assert.assertEquals(Assert.java:305)
	at org.testng.Assert.assertEquals(Assert.java:315)
	at com.focus.testcases.VoucherReserveAndReleaseTest.checkStockReservationForFifoCogsItemAfterConsumingInNextRow(VoucherReserveAndReleaseTest.java:284)
	at sun.reflect.NativeMethodAccessorImpl.invoke0(Native Method)
	at sun.reflect.NativeMethodAccessorImpl.invoke(Unknown Source)
	at sun.reflect.DelegatingMethodAccessorImpl.invoke(Unknown Source)
	at java.lang.reflect.Method.invoke(Unknown Source)
	at org.testng.internal.MethodInvocationHelper.invokeMethod(MethodInvocationHelper.java:86)
	at org.testng.internal.Invoker.invokeMethod(Invoker.java:643)
	at org.testng.internal.Invoker.invokeTestMethod(Invoker.java:820)
	at org.testng.internal.Invoker.invokeTestMethods(Invoker.java:1128)
	at org.testng.internal.TestMethodWorker.invokeTestMethods(TestMethodWorker.java:129)
	at org.testng.internal.TestMethodWorker.run(TestMethodWorker.java:112)
	at org.testng.TestRunner.privateRun(TestRunner.java:782)
	at org.testng.TestRunner.run(TestRunner.java:632)
	at org.testng.SuiteRunner.runTest(SuiteRunner.java:366)
	at org.testng.SuiteRunner.runSequentially(SuiteRunner.java:361)
	at org.testng.SuiteRunner.privateRun(SuiteRunner.java:319)
	at org.testng.SuiteRunner.run(SuiteRunner.java:268)
	at org.testng.SuiteRunnerWorker.runSuite(SuiteRunnerWorker.java:52)
	at org.testng.SuiteRunnerWorker.run(SuiteRunnerWorker.java:86)
	at org.testng.TestNG.runSuitesSequentially(TestNG.java:1244)
	at org.testng.TestNG.runSuitesLocally(TestNG.java:1169)
	at org.testng.TestNG.run(TestNG.java:1064)
	at org.testng.remote.AbstractRemoteTestNG.run(AbstractRemoteTestNG.java:114)
	at org.testng.remote.RemoteTestNG.initAndRun(RemoteTestNG.java:251)
	at org.testng.remote.RemoteTestNG.main(RemoteTestNG.java:77)
]]>
    </failure>
  </testcase> <!-- checkStockReservationForFifoCogsItemAfterConsumingInNextRow -->
  <testcase name="checkSalesOrderEntryPageDeleteOptionOnPreviousButton" time="8.524" classname="com.focus.testcases.VoucherReserveAndReleaseTest"/>
  <testcase name="checkCopyAndPasteFromClipboardOptionsAndVoucherDisplay" time="29.339" classname="com.focus.testcases.VoucherReserveAndReleaseTest"/>
  <testcase name="checkStockReservationForBatchItemWithQtySecondRowForConsuming" time="33.437" classname="com.focus.testcases.VoucherReserveAndReleaseTest"/>
  <testcase name="checkRmaReservationSerialNumbersInNewVoucherAfterFullConsuming" time="24.962" classname="com.focus.testcases.VoucherReserveAndReleaseTest">
    <failure type="java.lang.AssertionError" message="expected [true] but found [false]">
      <![CDATA[java.lang.AssertionError: expected [true] but found [false]
	at org.testng.Assert.fail(Assert.java:94)
	at org.testng.Assert.failNotEquals(Assert.java:513)
	at org.testng.Assert.assertEqualsImpl(Assert.java:135)
	at org.testng.Assert.assertEquals(Assert.java:116)
	at org.testng.Assert.assertEquals(Assert.java:305)
	at org.testng.Assert.assertEquals(Assert.java:315)
	at com.focus.testcases.VoucherReserveAndReleaseTest.checkRmaReservationSerialNumbersInNewVoucherAfterFullConsuming(VoucherReserveAndReleaseTest.java:492)
	at sun.reflect.NativeMethodAccessorImpl.invoke0(Native Method)
	at sun.reflect.NativeMethodAccessorImpl.invoke(Unknown Source)
	at sun.reflect.DelegatingMethodAccessorImpl.invoke(Unknown Source)
	at java.lang.reflect.Method.invoke(Unknown Source)
	at org.testng.internal.MethodInvocationHelper.invokeMethod(MethodInvocationHelper.java:86)
	at org.testng.internal.Invoker.invokeMethod(Invoker.java:643)
	at org.testng.internal.Invoker.invokeTestMethod(Invoker.java:820)
	at org.testng.internal.Invoker.invokeTestMethods(Invoker.java:1128)
	at org.testng.internal.TestMethodWorker.invokeTestMethods(TestMethodWorker.java:129)
	at org.testng.internal.TestMethodWorker.run(TestMethodWorker.java:112)
	at org.testng.TestRunner.privateRun(TestRunner.java:782)
	at org.testng.TestRunner.run(TestRunner.java:632)
	at org.testng.SuiteRunner.runTest(SuiteRunner.java:366)
	at org.testng.SuiteRunner.runSequentially(SuiteRunner.java:361)
	at org.testng.SuiteRunner.privateRun(SuiteRunner.java:319)
	at org.testng.SuiteRunner.run(SuiteRunner.java:268)
	at org.testng.SuiteRunnerWorker.runSuite(SuiteRunnerWorker.java:52)
	at org.testng.SuiteRunnerWorker.run(SuiteRunnerWorker.java:86)
	at org.testng.TestNG.runSuitesSequentially(TestNG.java:1244)
	at org.testng.TestNG.runSuitesLocally(TestNG.java:1169)
	at org.testng.TestNG.run(TestNG.java:1064)
	at org.testng.remote.AbstractRemoteTestNG.run(AbstractRemoteTestNG.java:114)
	at org.testng.remote.RemoteTestNG.initAndRun(RemoteTestNG.java:251)
	at org.testng.remote.RemoteTestNG.main(RemoteTestNG.java:77)
]]>
    </failure>
  </testcase> <!-- checkRmaReservationSerialNumbersInNewVoucherAfterFullConsuming -->
  <testcase name="checkBinItemPendingLinksThroughLineWise" time="29.497" classname="com.focus.testcases.VoucherReserveAndReleaseTest"/>
  <testcase name="checkBatchScreenPopupUsingReservationLinks" time="38.594" classname="com.focus.testcases.VoucherReserveAndReleaseTest"/>
  <testcase name="checkSalesOrderVoucherNewSaveWithoutMandatoryFields" time="8.072" classname="com.focus.testcases.VoucherReserveAndReleaseTest"/>
  <testcase name="checkBalanceQtyInPendingLinksPopupScreenInThirdRowAfterFullConsumeInPreviousRow" time="16.274" classname="com.focus.testcases.VoucherReserveAndReleaseTest"/>
  <testcase name="checkOkToConsumeFullQtyInThirdRowOfPendingLinksPopupScreenForBinItem" time="12.403" classname="com.focus.testcases.VoucherReserveAndReleaseTest"/>
  <testcase name="checkBatchReservationForBatchItemWithQtyForFullConsuming" time="24.754" classname="com.focus.testcases.VoucherReserveAndReleaseTest"/>
  <testcase name="checkDeleteRowandSaveVouhcerWithStockItemInFourthRow" time="11.158" classname="com.focus.testcases.VoucherReserveAndReleaseTest"/>
  <testcase name="checkSavingSalesOrderVoucherWithReservationBatchItem" time="9.029" classname="com.focus.testcases.VoucherReserveAndReleaseTest"/>
  <testcase name="checkAutoAllocateOptionInBinPopupToFullConsumeLinkInSecondRow" time="17.722" classname="com.focus.testcases.VoucherReserveAndReleaseTest"/>
  <testcase name="checkBatchScreenPopupUsingReservationLinksInSecondRowVoucher" time="40.500" classname="com.focus.testcases.VoucherReserveAndReleaseTest"/>
  <testcase name="checkDeleteRowAndSavingSalesOrderVoucherWithReservationBinItemInFirstRow" time="29.266" classname="com.focus.testcases.VoucherReserveAndReleaseTest"/>
  <testcase name="checkBalanceQtyInPendingLinksPopupScreenInSixthRowAfterFullConsumeInPreviousRowForStockItem" time="16.242" classname="com.focus.testcases.VoucherReserveAndReleaseTest"/>
  <testcase name="checkOkOnSlectingRowInPendingLinksPopupScreenWithFullConsumeForBinItem" time="12.937" classname="com.focus.testcases.VoucherReserveAndReleaseTest"/>
  <testcase name="checkSalesOrderVoucherAfterSavingOnPreviousOption" time="15.713" classname="com.focus.testcases.VoucherReserveAndReleaseTest"/>
  <testcase name="checkStockReservationForStockItemAfterConsumingInNextRow" time="40.879" classname="com.focus.testcases.VoucherReserveAndReleaseTest"/>
  <testcase name="checkSelectTheRMANumbersThroughCheckBoxInVoucherFourFourthRow" time="10.804" classname="com.focus.testcases.VoucherReserveAndReleaseTest"/>
  <testcase name="checkOkToConsumePartialQtyInFourthRowOfPendingLinksPopupScreenForStockItem" time="13.948" classname="com.focus.testcases.VoucherReserveAndReleaseTest"/>
  <testcase name="checkBatchPickAndOkButtonInBatchPopupUsingResevrationLinks" time="30.779" classname="com.focus.testcases.VoucherReserveAndReleaseTest"/>
  <testcase name="checkEditingAndUpdatingSalesOrderVoucherWithStockReservationIncreasingQty" time="62.863" classname="com.focus.testcases.VoucherReserveAndReleaseTest">
    <failure type="java.lang.AssertionError" message="expected [true] but found [false]">
      <![CDATA[java.lang.AssertionError: expected [true] but found [false]
	at org.testng.Assert.fail(Assert.java:94)
	at org.testng.Assert.failNotEquals(Assert.java:513)
	at org.testng.Assert.assertEqualsImpl(Assert.java:135)
	at org.testng.Assert.assertEquals(Assert.java:116)
	at org.testng.Assert.assertEquals(Assert.java:305)
	at org.testng.Assert.assertEquals(Assert.java:315)
	at com.focus.testcases.VoucherReserveAndReleaseTest.checkEditingAndUpdatingSalesOrderVoucherWithStockReservationIncreasingQty(VoucherReserveAndReleaseTest.java:621)
	at sun.reflect.NativeMethodAccessorImpl.invoke0(Native Method)
	at sun.reflect.NativeMethodAccessorImpl.invoke(Unknown Source)
	at sun.reflect.DelegatingMethodAccessorImpl.invoke(Unknown Source)
	at java.lang.reflect.Method.invoke(Unknown Source)
	at org.testng.internal.MethodInvocationHelper.invokeMethod(MethodInvocationHelper.java:86)
	at org.testng.internal.Invoker.invokeMethod(Invoker.java:643)
	at org.testng.internal.Invoker.invokeTestMethod(Invoker.java:820)
	at org.testng.internal.Invoker.invokeTestMethods(Invoker.java:1128)
	at org.testng.internal.TestMethodWorker.invokeTestMethods(TestMethodWorker.java:129)
	at org.testng.internal.TestMethodWorker.run(TestMethodWorker.java:112)
	at org.testng.TestRunner.privateRun(TestRunner.java:782)
	at org.testng.TestRunner.run(TestRunner.java:632)
	at org.testng.SuiteRunner.runTest(SuiteRunner.java:366)
	at org.testng.SuiteRunner.runSequentially(SuiteRunner.java:361)
	at org.testng.SuiteRunner.privateRun(SuiteRunner.java:319)
	at org.testng.SuiteRunner.run(SuiteRunner.java:268)
	at org.testng.SuiteRunnerWorker.runSuite(SuiteRunnerWorker.java:52)
	at org.testng.SuiteRunnerWorker.run(SuiteRunnerWorker.java:86)
	at org.testng.TestNG.runSuitesSequentially(TestNG.java:1244)
	at org.testng.TestNG.runSuitesLocally(TestNG.java:1169)
	at org.testng.TestNG.run(TestNG.java:1064)
	at org.testng.remote.AbstractRemoteTestNG.run(AbstractRemoteTestNG.java:114)
	at org.testng.remote.RemoteTestNG.initAndRun(RemoteTestNG.java:251)
	at org.testng.remote.RemoteTestNG.main(RemoteTestNG.java:77)
]]>
    </failure>
  </testcase> <!-- checkEditingAndUpdatingSalesOrderVoucherWithStockReservationIncreasingQty -->
  <testcase name="checkBalanceQtyInPendingLinksPopupScreenInFifthRowAfterFullConsumeInPreviousRowForRmaItem" time="16.774" classname="com.focus.testcases.VoucherReserveAndReleaseTest"/>
  <testcase name="checkBatchReservationForBatchItemWithQtyThirdRowAfterFullConsuming" time="36.673" classname="com.focus.testcases.VoucherReserveAndReleaseTest"/>
  <testcase name="checkOkButtonInRMAReservationPopupScreenByInput4QtyInVoucherAndSelectAllSerialNumbers" time="14.092" classname="com.focus.testcases.VoucherReserveAndReleaseTest"/>
  <testcase name="checkRMAColumnRMANumbersInVoucherFourThirdRow" time="8.759" classname="com.focus.testcases.VoucherReserveAndReleaseTest"/>
  <testcase name="checkOkOnSlectingRowInPendingLinksPopupScreenWithFullConsumeForRmaItem" time="13.157" classname="com.focus.testcases.VoucherReserveAndReleaseTest"/>
  <testcase name="checkOkButtonInRMAPopupScreenInVoucherFourThirdRowForFullConsume" time="10.235" classname="com.focus.testcases.VoucherReserveAndReleaseTest"/>
  <testcase name="checkBinItemPendingLinksThroughLineWiseAfterConsumingPartiallyinPreviousRow" time="20.748" classname="com.focus.testcases.VoucherReserveAndReleaseTest"/>
  <testcase name="checkRmaItemPendingLinksThroughLineWiseInFourthRow" time="23.106" classname="com.focus.testcases.VoucherReserveAndReleaseTest"/>
  <testcase name="checkSalesOrderVoucherNewEntryPageFooterFields" time="4.778" classname="com.focus.testcases.VoucherReserveAndReleaseTest"/>
  <testcase name="checkDeleteRowAndConsumeFullQtyOfReserveLinksInSecondRowForBinItem" time="16.204" classname="com.focus.testcases.VoucherReserveAndReleaseTest"/>
  <testcase name="checkBatchPickAndOkButtonInBatchPopupUsingResevrationLinksInSecondRow" time="33.706" classname="com.focus.testcases.VoucherReserveAndReleaseTest"/>
  <testcase name="checkSavingSalesOrderVoucherWithReservationStockItem" time="9.111" classname="com.focus.testcases.VoucherReserveAndReleaseTest"/>
  <testcase name="checkSalesOrderVoucherNewDateFieldLessThanCompanyAccountingDate" time="7.183" classname="com.focus.testcases.VoucherReserveAndReleaseTest"/>
  <testcase name="checkSalesOrderVoucherFourthRowToCheckRMAReservationPopUpScreenAndBalanceRMANumbers" time="44.386" classname="com.focus.testcases.VoucherReserveAndReleaseTest">
    <failure type="java.lang.AssertionError" message="expected [true] but found [false]">
      <![CDATA[java.lang.AssertionError: expected [true] but found [false]
	at org.testng.Assert.fail(Assert.java:94)
	at org.testng.Assert.failNotEquals(Assert.java:513)
	at org.testng.Assert.assertEqualsImpl(Assert.java:135)
	at org.testng.Assert.assertEquals(Assert.java:116)
	at org.testng.Assert.assertEquals(Assert.java:305)
	at org.testng.Assert.assertEquals(Assert.java:315)
	at com.focus.testcases.VoucherReserveAndReleaseTest.checkSalesOrderVoucherFourthRowToCheckRMAReservationPopUpScreenAndBalanceRMANumbers(VoucherReserveAndReleaseTest.java:457)
	at sun.reflect.NativeMethodAccessorImpl.invoke0(Native Method)
	at sun.reflect.NativeMethodAccessorImpl.invoke(Unknown Source)
	at sun.reflect.DelegatingMethodAccessorImpl.invoke(Unknown Source)
	at java.lang.reflect.Method.invoke(Unknown Source)
	at org.testng.internal.MethodInvocationHelper.invokeMethod(MethodInvocationHelper.java:86)
	at org.testng.internal.Invoker.invokeMethod(Invoker.java:643)
	at org.testng.internal.Invoker.invokeTestMethod(Invoker.java:820)
	at org.testng.internal.Invoker.invokeTestMethods(Invoker.java:1128)
	at org.testng.internal.TestMethodWorker.invokeTestMethods(TestMethodWorker.java:129)
	at org.testng.internal.TestMethodWorker.run(TestMethodWorker.java:112)
	at org.testng.TestRunner.privateRun(TestRunner.java:782)
	at org.testng.TestRunner.run(TestRunner.java:632)
	at org.testng.SuiteRunner.runTest(SuiteRunner.java:366)
	at org.testng.SuiteRunner.runSequentially(SuiteRunner.java:361)
	at org.testng.SuiteRunner.privateRun(SuiteRunner.java:319)
	at org.testng.SuiteRunner.run(SuiteRunner.java:268)
	at org.testng.SuiteRunnerWorker.runSuite(SuiteRunnerWorker.java:52)
	at org.testng.SuiteRunnerWorker.run(SuiteRunnerWorker.java:86)
	at org.testng.TestNG.runSuitesSequentially(TestNG.java:1244)
	at org.testng.TestNG.runSuitesLocally(TestNG.java:1169)
	at org.testng.TestNG.run(TestNG.java:1064)
	at org.testng.remote.AbstractRemoteTestNG.run(AbstractRemoteTestNG.java:114)
	at org.testng.remote.RemoteTestNG.initAndRun(RemoteTestNG.java:251)
	at org.testng.remote.RemoteTestNG.main(RemoteTestNG.java:77)
]]>
    </failure>
  </testcase> <!-- checkSalesOrderVoucherFourthRowToCheckRMAReservationPopUpScreenAndBalanceRMANumbers -->
  <testcase name="checkBatchReservationToVerifyPickAndChangeTheQtyToReserveColumnManualyByInputGreaterThanPick" time="22.592" classname="com.focus.testcases.VoucherReserveAndReleaseTest"/>
  <testcase name="checkStockReservationForFifoCogsItemWithQtySecondRowForConsuming" time="34.780" classname="com.focus.testcases.VoucherReserveAndReleaseTest"/>
  <testcase name="checkOkButtonInRMAReservationPopupScreenByInput2QtyInVoucherAndSelectOnly1SerialNumber" time="14.326" classname="com.focus.testcases.VoucherReserveAndReleaseTest"/>
  <testcase name="checkBatchPickAndOkButtonInBatchPopupUsingResevrationLinksForFullConsume" time="31.201" classname="com.focus.testcases.VoucherReserveAndReleaseTest"/>
  <testcase name="checkEditingSalesOrderVoucherByStockReservationDecreasingQty" time="54.780" classname="com.focus.testcases.VoucherReserveAndReleaseTest"/>
  <testcase name="checkSuspendOptionInSalesInvoiceVatHomePage" time="8.747" classname="com.focus.testcases.VoucherReserveAndReleaseTest"/>
  <testcase name="checkSelectingBatchFromBatchPopUpAndSaveWithoutRma" time="12.853" classname="com.focus.testcases.VoucherReserveAndReleaseTest"/>
  <testcase name="checkSavingSalesOrderVoucherAndCheckReservationScreenWithBatchItem" time="38.670" classname="com.focus.testcases.VoucherReserveAndReleaseTest"/>
  <testcase name="checkStockItemReservationInNewVoucherAfterConsuming" time="23.632" classname="com.focus.testcases.VoucherReserveAndReleaseTest"/>
  <testcase name="checkAllocatingStockOnStockItemThroughManualInput" time="8.556" classname="com.focus.testcases.VoucherReserveAndReleaseTest"/>
  <testcase name="checkBatchScreenPopupUsingReservationLinksOnEditing" time="36.206" classname="com.focus.testcases.VoucherReserveAndReleaseTest"/>
  <testcase name="checkBatchReservationByEditingSameRowByUpdatingQtyToReserveToLessThanDisplayQty" time="26.591" classname="com.focus.testcases.VoucherReserveAndReleaseTest"/>
  <testcase name="checkSaveSalesOrderVoucherToCheckQtyPreload" time="13.943" classname="com.focus.testcases.VoucherReserveAndReleaseTest"/>
  <testcase name="checkAutoAllocateOptionInBinPopupToFullConsumeLink" time="14.203" classname="com.focus.testcases.VoucherReserveAndReleaseTest"/>
  <testcase name="checkRmaReservationOnEditVoucherByIncreasingQty" time="36.925" classname="com.focus.testcases.VoucherReserveAndReleaseTest">
    <failure type="java.lang.AssertionError" message="expected [true] but found [false]">
      <![CDATA[java.lang.AssertionError: expected [true] but found [false]
	at org.testng.Assert.fail(Assert.java:94)
	at org.testng.Assert.failNotEquals(Assert.java:513)
	at org.testng.Assert.assertEqualsImpl(Assert.java:135)
	at org.testng.Assert.assertEquals(Assert.java:116)
	at org.testng.Assert.assertEquals(Assert.java:305)
	at org.testng.Assert.assertEquals(Assert.java:315)
	at com.focus.testcases.VoucherReserveAndReleaseTest.checkRmaReservationOnEditVoucherByIncreasingQty(VoucherReserveAndReleaseTest.java:517)
	at sun.reflect.NativeMethodAccessorImpl.invoke0(Native Method)
	at sun.reflect.NativeMethodAccessorImpl.invoke(Unknown Source)
	at sun.reflect.DelegatingMethodAccessorImpl.invoke(Unknown Source)
	at java.lang.reflect.Method.invoke(Unknown Source)
	at org.testng.internal.MethodInvocationHelper.invokeMethod(MethodInvocationHelper.java:86)
	at org.testng.internal.Invoker.invokeMethod(Invoker.java:643)
	at org.testng.internal.Invoker.invokeTestMethod(Invoker.java:820)
	at org.testng.internal.Invoker.invokeTestMethods(Invoker.java:1128)
	at org.testng.internal.TestMethodWorker.invokeTestMethods(TestMethodWorker.java:129)
	at org.testng.internal.TestMethodWorker.run(TestMethodWorker.java:112)
	at org.testng.TestRunner.privateRun(TestRunner.java:782)
	at org.testng.TestRunner.run(TestRunner.java:632)
	at org.testng.SuiteRunner.runTest(SuiteRunner.java:366)
	at org.testng.SuiteRunner.runSequentially(SuiteRunner.java:361)
	at org.testng.SuiteRunner.privateRun(SuiteRunner.java:319)
	at org.testng.SuiteRunner.run(SuiteRunner.java:268)
	at org.testng.SuiteRunnerWorker.runSuite(SuiteRunnerWorker.java:52)
	at org.testng.SuiteRunnerWorker.run(SuiteRunnerWorker.java:86)
	at org.testng.TestNG.runSuitesSequentially(TestNG.java:1244)
	at org.testng.TestNG.runSuitesLocally(TestNG.java:1169)
	at org.testng.TestNG.run(TestNG.java:1064)
	at org.testng.remote.AbstractRemoteTestNG.run(AbstractRemoteTestNG.java:114)
	at org.testng.remote.RemoteTestNG.initAndRun(RemoteTestNG.java:251)
	at org.testng.remote.RemoteTestNG.main(RemoteTestNG.java:77)
]]>
    </failure>
  </testcase> <!-- checkRmaReservationOnEditVoucherByIncreasingQty -->
  <testcase name="checkSaveOnBlankTaxCode" time="11.997" classname="com.focus.testcases.VoucherReserveAndReleaseTest"/>
  <testcase name="checkStockReservationForFifoCogsItemAfterFullComsumingInConsumedRow" time="3.936" classname="com.focus.testcases.VoucherReserveAndReleaseTest">
    <error type="org.openqa.selenium.ElementClickInterceptedException" message="element click intercepted: Element &lt;td class=&quot;FGridColumn  &quot; onclick=&quot;FGRIDCONTROL.PRIVATE.onCellClick(this, event);&quot; ondblclick=&quot;FGRIDCONTROL.PRIVATE.onCellDblClick(this, event);&quot; onmouseenter=&quot;null&quot; onmouseleave=&quot;null&quot; style=&quot;border: 1px solid rgb(204, 204, 204); overflow: hidden; white-space: nowrap; text-overflow: ellipsis; min-width: 120px; max-width: 120px; text-align: left; padding: 0px; background-color: rgb(235, 235, 235);&quot; data-value=&quot;{&amp;quot;BinList&amp;quot;:[{&amp;quot;DocumentId&amp;quot;:0,&amp;quot;InvTagId&amp;quot;:3,&amp;quot;InvTagName&amp;quot;:&amp;quot;HYDERABAD&amp;quot;,&amp;quot;BinId&amp;quot;:10,&amp;quot;Bins&amp;quot;:&amp;quot;Bin5&amp;quot;,&amp;quot;BinQty&amp;quot;:12,&amp;quot;SkidId&amp;quot;:0,&amp;quot;SkidNo&amp;quot;:&amp;quot;&amp;quot;,&amp;quot;AllocStatusId&amp;quot;:0,&amp;quot;AllocStatus&amp;quot;:&amp;quot;&amp;quot;,&amp;quot;Flag&amp;quot;:0,&amp;quot;LotNo&amp;quot;:0,&amp;quot;FlagStatus&amp;quot;:&amp;quot;Available&amp;quot;,&amp;quot;...Qty&amp;quot;:0,&amp;quot;ReleasedQty&amp;quot;:0,&amp;quot;AvailableBinQty&amp;quot;:0,&amp;quot;AvailableForReserveQty&amp;quot;:12,&amp;quot;ActualAvailableQty&amp;quot;:12,&amp;quot;ReserveQty&amp;quot;:&amp;quot;12&amp;quot;,&amp;quot;IsReserveOrRelease&amp;quot;:false,&amp;quot;FullFillTransId&amp;quot;:0,&amp;quot;AlreadyReserved&amp;quot;:0,&amp;quot;AlreadyReleased&amp;quot;:0,&amp;quot;BalanceQty&amp;quot;:12},{&amp;quot;DocumentId&amp;quot;:0,&amp;quot;InvTagId&amp;quot;:3,&amp;quot;InvTagName&amp;quot;:&amp;quot;HYDERABAD&amp;quot;,&amp;quot;BinId&amp;quot;:9,&amp;quot;Bins&amp;quot;:&amp;quot;Bin4&amp;quot;,&amp;quot;BinQty&amp;quot;:8,&amp;quot;SkidId&amp;quot;:0,&amp;quot;SkidNo&amp;quot;:&amp;quot;&amp;quot;,&amp;quot;AllocStatusId&amp;quot;:0,&amp;quot;AllocStatus&amp;quot;:&amp;quot;&amp;quot;,&amp;quot;Flag&amp;quot;:0,&amp;quot;LotNo&amp;quot;:0,&amp;quot;FlagStatus&amp;quot;:&amp;quot;Available&amp;quot;,&amp;quot;ReservedQty&amp;quot;:0,&amp;quot;ReleasedQty&amp;quot;:0,&amp;quot;AvailableBinQty&amp;quot;:0,&amp;quot;AvailableForReserveQty&amp;quot;:8,&amp;quot;ActualAvailableQty&amp;quot;:8,&amp;quot;ReserveQty&amp;quot;:0,&amp;quot;IsReserveOrRelease&amp;quot;:false,&amp;quot;FullFillTransId&amp;quot;:0,&amp;quot;AlreadyReserved&amp;quot;:8,&amp;quot;AlreadyReleased&amp;quot;:0,&amp;quot;BalanceQty&amp;quot;:0}],&amp;quot;ProductId&amp;quot;:18,&amp;quot;ProductCode&amp;quot;:&amp;quot;FIFO COGS ITEM&amp;quot;,&amp;quot;ProductName&amp;quot;:&amp;quot;FIFO COGS ITEM&amp;quot;,&amp;quot;Quantity&amp;quot;:12,&amp;quot;InvTagId&amp;quot;:3,&amp;quot;InvTagName&amp;quot;:&amp;quot;HYDERABAD&amp;quot;,&amp;quot;ReserveType&amp;quot;:3,&amp;quot;ReserveByBatch&amp;quot;:false,&amp;quot;ReserveByBin&amp;quot;:true,&amp;quot;ReserveByRMA&amp;quot;:false,&amp;quot;DueDate&amp;quot;:{&amp;quot;Value&amp;quot;:132448778,&amp;quot;Day&amp;quot;:10,&amp;quot;Month&amp;quot;:2,&amp;quot;Year&amp;quot;:2021,&amp;quot;IsLeapYear&amp;quot;:false,&amp;quot;IsValidDate&amp;quot;:true},&amp;quot;ReqTransactionId&amp;quot;:0,&amp;quot;iTransactionId&amp;quot;:0,&amp;quot;BaseUnitName&amp;quot;:&amp;quot;Pcs&amp;quot;,&amp;quot;bPendingSales&amp;quot;:false,&amp;quot;Bins&amp;quot;:null,&amp;quot;BatchNo&amp;quot;:null,&amp;quot;BatchId&amp;quot;:0,&amp;quot;BinIds&amp;quot;:null,&amp;quot;SkidId&amp;quot;:0,&amp;quot;AllocTag&amp;quot;:0,&amp;quot;Flag&amp;quot;:0,&amp;quot;LotNo&amp;quot;:0,&amp;quot;AllocStatusId&amp;quot;:0,&amp;quot;IsSelected&amp;quot;:true,&amp;quot;ResDocType&amp;quot;:0,&amp;quot;iType&amp;quot;:0,&amp;quot;sRMA&amp;quot;:null,&amp;quot;Index&amp;quot;:0}&quot;&gt;Reserved&lt;/td&gt; is not clickable at point (797, 485). Other element would receive the click: &lt;body class=&quot;custom_scrollbar&quot; onscroll=&quot;mainScroll(this, event);&quot; onkeydown=&quot;return onBodyKeyDown(this, event);&quot; style=&quot;&quot;&gt;...&lt;/body&gt;
  (Session info: chrome=88.0.4324.146)
Build info: version: &#039;3.12.0&#039;, revision: &#039;7c6e0b3&#039;, time: &#039;2018-05-08T14:04:26.12Z&#039;
System info: host: &#039;FOCUS-QA-21&#039;, ip: &#039;192.168.4.42&#039;, os.name: &#039;Windows 10&#039;, os.arch: &#039;amd64&#039;, os.version: &#039;10.0&#039;, java.version: &#039;1.8.0_111&#039;
Driver info: org.openqa.selenium.chrome.ChromeDriver
Capabilities {acceptInsecureCerts: false, browserName: chrome, browserVersion: 88.0.4324.146, chrome: {chromedriverVersion: 87.0.4280.20 (c99e81631faa0..., userDataDir: C:\Users\Admin\AppData\Loca...}, goog:chromeOptions: {debuggerAddress: localhost:52364}, javascriptEnabled: true, networkConnectionEnabled: false, pageLoadStrategy: normal, platform: WINDOWS, platformName: WINDOWS, proxy: Proxy(), setWindowRect: true, strictFileInteractability: false, timeouts: {implicit: 0, pageLoad: 300000, script: 30000}, unhandledPromptBehavior: dismiss and notify, webauthn:virtualAuthenticators: true}
Session ID: 21abec4cbf1c5ffdf29947ee1aa2eb92">
      <![CDATA[org.openqa.selenium.ElementClickInterceptedException: element click intercepted: Element <td class="FGridColumn  " onclick="FGRIDCONTROL.PRIVATE.onCellClick(this, event);" ondblclick="FGRIDCONTROL.PRIVATE.onCellDblClick(this, event);" onmouseenter="null" onmouseleave="null" style="border: 1px solid rgb(204, 204, 204); overflow: hidden; white-space: nowrap; text-overflow: ellipsis; min-width: 120px; max-width: 120px; text-align: left; padding: 0px; background-color: rgb(235, 235, 235);" data-value="{&quot;BinList&quot;:[{&quot;DocumentId&quot;:0,&quot;InvTagId&quot;:3,&quot;InvTagName&quot;:&quot;HYDERABAD&quot;,&quot;BinId&quot;:10,&quot;Bins&quot;:&quot;Bin5&quot;,&quot;BinQty&quot;:12,&quot;SkidId&quot;:0,&quot;SkidNo&quot;:&quot;&quot;,&quot;AllocStatusId&quot;:0,&quot;AllocStatus&quot;:&quot;&quot;,&quot;Flag&quot;:0,&quot;LotNo&quot;:0,&quot;FlagStatus&quot;:&quot;Available&quot;,&quot;...Qty&quot;:0,&quot;ReleasedQty&quot;:0,&quot;AvailableBinQty&quot;:0,&quot;AvailableForReserveQty&quot;:12,&quot;ActualAvailableQty&quot;:12,&quot;ReserveQty&quot;:&quot;12&quot;,&quot;IsReserveOrRelease&quot;:false,&quot;FullFillTransId&quot;:0,&quot;AlreadyReserved&quot;:0,&quot;AlreadyReleased&quot;:0,&quot;BalanceQty&quot;:12},{&quot;DocumentId&quot;:0,&quot;InvTagId&quot;:3,&quot;InvTagName&quot;:&quot;HYDERABAD&quot;,&quot;BinId&quot;:9,&quot;Bins&quot;:&quot;Bin4&quot;,&quot;BinQty&quot;:8,&quot;SkidId&quot;:0,&quot;SkidNo&quot;:&quot;&quot;,&quot;AllocStatusId&quot;:0,&quot;AllocStatus&quot;:&quot;&quot;,&quot;Flag&quot;:0,&quot;LotNo&quot;:0,&quot;FlagStatus&quot;:&quot;Available&quot;,&quot;ReservedQty&quot;:0,&quot;ReleasedQty&quot;:0,&quot;AvailableBinQty&quot;:0,&quot;AvailableForReserveQty&quot;:8,&quot;ActualAvailableQty&quot;:8,&quot;ReserveQty&quot;:0,&quot;IsReserveOrRelease&quot;:false,&quot;FullFillTransId&quot;:0,&quot;AlreadyReserved&quot;:8,&quot;AlreadyReleased&quot;:0,&quot;BalanceQty&quot;:0}],&quot;ProductId&quot;:18,&quot;ProductCode&quot;:&quot;FIFO COGS ITEM&quot;,&quot;ProductName&quot;:&quot;FIFO COGS ITEM&quot;,&quot;Quantity&quot;:12,&quot;InvTagId&quot;:3,&quot;InvTagName&quot;:&quot;HYDERABAD&quot;,&quot;ReserveType&quot;:3,&quot;ReserveByBatch&quot;:false,&quot;ReserveByBin&quot;:true,&quot;ReserveByRMA&quot;:false,&quot;DueDate&quot;:{&quot;Value&quot;:132448778,&quot;Day&quot;:10,&quot;Month&quot;:2,&quot;Year&quot;:2021,&quot;IsLeapYear&quot;:false,&quot;IsValidDate&quot;:true},&quot;ReqTransactionId&quot;:0,&quot;iTransactionId&quot;:0,&quot;BaseUnitName&quot;:&quot;Pcs&quot;,&quot;bPendingSales&quot;:false,&quot;Bins&quot;:null,&quot;BatchNo&quot;:null,&quot;BatchId&quot;:0,&quot;BinIds&quot;:null,&quot;SkidId&quot;:0,&quot;AllocTag&quot;:0,&quot;Flag&quot;:0,&quot;LotNo&quot;:0,&quot;AllocStatusId&quot;:0,&quot;IsSelected&quot;:true,&quot;ResDocType&quot;:0,&quot;iType&quot;:0,&quot;sRMA&quot;:null,&quot;Index&quot;:0}">Reserved</td> is not clickable at point (797, 485). Other element would receive the click: <body class="custom_scrollbar" onscroll="mainScroll(this, event);" onkeydown="return onBodyKeyDown(this, event);" style="">...</body>
  (Session info: chrome=88.0.4324.146)
Build info: version: '3.12.0', revision: '7c6e0b3', time: '2018-05-08T14:04:26.12Z'
System info: host: 'FOCUS-QA-21', ip: '192.168.4.42', os.name: 'Windows 10', os.arch: 'amd64', os.version: '10.0', java.version: '1.8.0_111'
Driver info: org.openqa.selenium.chrome.ChromeDriver
Capabilities {acceptInsecureCerts: false, browserName: chrome, browserVersion: 88.0.4324.146, chrome: {chromedriverVersion: 87.0.4280.20 (c99e81631faa0..., userDataDir: C:\Users\Admin\AppData\Loca...}, goog:chromeOptions: {debuggerAddress: localhost:52364}, javascriptEnabled: true, networkConnectionEnabled: false, pageLoadStrategy: normal, platform: WINDOWS, platformName: WINDOWS, proxy: Proxy(), setWindowRect: true, strictFileInteractability: false, timeouts: {implicit: 0, pageLoad: 300000, script: 30000}, unhandledPromptBehavior: dismiss and notify, webauthn:virtualAuthenticators: true}
Session ID: 21abec4cbf1c5ffdf29947ee1aa2eb92
	at sun.reflect.NativeConstructorAccessorImpl.newInstance0(Native Method)
	at sun.reflect.NativeConstructorAccessorImpl.newInstance(Unknown Source)
	at sun.reflect.DelegatingConstructorAccessorImpl.newInstance(Unknown Source)
	at java.lang.reflect.Constructor.newInstance(Unknown Source)
	at org.openqa.selenium.remote.http.W3CHttpResponseCodec.createException(W3CHttpResponseCodec.java:187)
	at org.openqa.selenium.remote.http.W3CHttpResponseCodec.decode(W3CHttpResponseCodec.java:122)
	at org.openqa.selenium.remote.http.W3CHttpResponseCodec.decode(W3CHttpResponseCodec.java:49)
	at org.openqa.selenium.remote.HttpCommandExecutor.execute(HttpCommandExecutor.java:158)
	at org.openqa.selenium.remote.service.DriverCommandExecutor.execute(DriverCommandExecutor.java:83)
	at org.openqa.selenium.remote.RemoteWebDriver.execute(RemoteWebDriver.java:543)
	at org.openqa.selenium.remote.RemoteWebElement.execute(RemoteWebElement.java:276)
	at org.openqa.selenium.remote.RemoteWebElement.click(RemoteWebElement.java:83)
	at sun.reflect.GeneratedMethodAccessor4.invoke(Unknown Source)
	at sun.reflect.DelegatingMethodAccessorImpl.invoke(Unknown Source)
	at java.lang.reflect.Method.invoke(Unknown Source)
	at org.openqa.selenium.support.pagefactory.internal.LocatingElementHandler.invoke(LocatingElementHandler.java:51)
	at com.sun.proxy.$Proxy15.click(Unknown Source)
	at com.focus.Pages.VoucherReserveAndReleasePage.checkStockReservationForFifoCogsItemAfterFullComsumingInConsumedRow(VoucherReserveAndReleasePage.java:2391)
	at com.focus.testcases.VoucherReserveAndReleaseTest.checkStockReservationForFifoCogsItemAfterFullComsumingInConsumedRow(VoucherReserveAndReleaseTest.java:301)
	at sun.reflect.NativeMethodAccessorImpl.invoke0(Native Method)
	at sun.reflect.NativeMethodAccessorImpl.invoke(Unknown Source)
	at sun.reflect.DelegatingMethodAccessorImpl.invoke(Unknown Source)
	at java.lang.reflect.Method.invoke(Unknown Source)
	at org.testng.internal.MethodInvocationHelper.invokeMethod(MethodInvocationHelper.java:86)
	at org.testng.internal.Invoker.invokeMethod(Invoker.java:643)
	at org.testng.internal.Invoker.invokeTestMethod(Invoker.java:820)
	at org.testng.internal.Invoker.invokeTestMethods(Invoker.java:1128)
	at org.testng.internal.TestMethodWorker.invokeTestMethods(TestMethodWorker.java:129)
	at org.testng.internal.TestMethodWorker.run(TestMethodWorker.java:112)
	at org.testng.TestRunner.privateRun(TestRunner.java:782)
	at org.testng.TestRunner.run(TestRunner.java:632)
	at org.testng.SuiteRunner.runTest(SuiteRunner.java:366)
	at org.testng.SuiteRunner.runSequentially(SuiteRunner.java:361)
	at org.testng.SuiteRunner.privateRun(SuiteRunner.java:319)
	at org.testng.SuiteRunner.run(SuiteRunner.java:268)
	at org.testng.SuiteRunnerWorker.runSuite(SuiteRunnerWorker.java:52)
	at org.testng.SuiteRunnerWorker.run(SuiteRunnerWorker.java:86)
	at org.testng.TestNG.runSuitesSequentially(TestNG.java:1244)
	at org.testng.TestNG.runSuitesLocally(TestNG.java:1169)
	at org.testng.TestNG.run(TestNG.java:1064)
	at org.testng.remote.AbstractRemoteTestNG.run(AbstractRemoteTestNG.java:114)
	at org.testng.remote.RemoteTestNG.initAndRun(RemoteTestNG.java:251)
	at org.testng.remote.RemoteTestNG.main(RemoteTestNG.java:77)
]]>
    </error>
  </testcase> <!-- checkStockReservationForFifoCogsItemAfterFullComsumingInConsumedRow -->
  <testcase name="checkReservationForFifoCogsItemWithQty" time="33.545" classname="com.focus.testcases.VoucherReserveAndReleaseTest"/>
  <testcase name="checkSalesOrderVoucherNewEntryPageHeaderFields" time="4.632" classname="com.focus.testcases.VoucherReserveAndReleaseTest"/>
  <testcase name="checkOkOnSlectingRowInPendingLinksPopupScreenWithFullConsume" time="12.310" classname="com.focus.testcases.VoucherReserveAndReleaseTest"/>
  <testcase name="checkStockReservationForFifoCogsItemInFourthRowForFullConsuming" time="60.164" classname="com.focus.testcases.VoucherReserveAndReleaseTest"/>
  <testcase name="checkRmaItemPendingLinksThroughLineWise" time="23.054" classname="com.focus.testcases.VoucherReserveAndReleaseTest"/>
  <testcase name="checkRmaPopupUsingReservationLinksInThirdRow" time="56.656" classname="com.focus.testcases.VoucherReserveAndReleaseTest"/>
  <testcase name="checkReservationWithAllItemInSingleVoucher" time="38.516" classname="com.focus.testcases.VoucherReserveAndReleaseTest"/>
  <testcase name="checkSavingSalesOrderVoucherOnCopyDocument" time="45.236" classname="com.focus.testcases.VoucherReserveAndReleaseTest"/>
  <testcase name="checkOkButtonInRMAPopupScreenInVoucherFourThirdRow" time="9.569" classname="com.focus.testcases.VoucherReserveAndReleaseTest"/>
  <testcase name="checkSalesOrderVoucherNewHomePage" time="20.175" classname="com.focus.testcases.VoucherReserveAndReleaseTest"/>
  <testcase name="checkSelectTheRMANumbersThroughCheckBoxInVoucherFourThirdRowForFullComsume" time="10.843" classname="com.focus.testcases.VoucherReserveAndReleaseTest"/>
  <testcase name="checkDeleteRowAndConsumeFullQtyOfReserveLinksInThirdRowForRmaItem" time="16.946" classname="com.focus.testcases.VoucherReserveAndReleaseTest"/>
  <testcase name="checkAutoAllocateOptionInBinPopupToConsumeLinkPartially" time="15.622" classname="com.focus.testcases.VoucherReserveAndReleaseTest"/>
  <testcase name="checkBinPopupUsingReservationLinksInThirdRowVoucher" time="16.095" classname="com.focus.testcases.VoucherReserveAndReleaseTest"/>
  <testcase name="checkStockItemPendingLinksThroughLineWise" time="22.433" classname="com.focus.testcases.VoucherReserveAndReleaseTest"/>
  <testcase name="checkRmaReservationOnEditVoucherByDecreasingQty" time="44.739" classname="com.focus.testcases.VoucherReserveAndReleaseTest">
    <failure type="java.lang.AssertionError" message="expected [true] but found [false]">
      <![CDATA[java.lang.AssertionError: expected [true] but found [false]
	at org.testng.Assert.fail(Assert.java:94)
	at org.testng.Assert.failNotEquals(Assert.java:513)
	at org.testng.Assert.assertEqualsImpl(Assert.java:135)
	at org.testng.Assert.assertEquals(Assert.java:116)
	at org.testng.Assert.assertEquals(Assert.java:305)
	at org.testng.Assert.assertEquals(Assert.java:315)
	at com.focus.testcases.VoucherReserveAndReleaseTest.checkRmaReservationOnEditVoucherByDecreasingQty(VoucherReserveAndReleaseTest.java:500)
	at sun.reflect.NativeMethodAccessorImpl.invoke0(Native Method)
	at sun.reflect.NativeMethodAccessorImpl.invoke(Unknown Source)
	at sun.reflect.DelegatingMethodAccessorImpl.invoke(Unknown Source)
	at java.lang.reflect.Method.invoke(Unknown Source)
	at org.testng.internal.MethodInvocationHelper.invokeMethod(MethodInvocationHelper.java:86)
	at org.testng.internal.Invoker.invokeMethod(Invoker.java:643)
	at org.testng.internal.Invoker.invokeTestMethod(Invoker.java:820)
	at org.testng.internal.Invoker.invokeTestMethods(Invoker.java:1128)
	at org.testng.internal.TestMethodWorker.invokeTestMethods(TestMethodWorker.java:129)
	at org.testng.internal.TestMethodWorker.run(TestMethodWorker.java:112)
	at org.testng.TestRunner.privateRun(TestRunner.java:782)
	at org.testng.TestRunner.run(TestRunner.java:632)
	at org.testng.SuiteRunner.runTest(SuiteRunner.java:366)
	at org.testng.SuiteRunner.runSequentially(SuiteRunner.java:361)
	at org.testng.SuiteRunner.privateRun(SuiteRunner.java:319)
	at org.testng.SuiteRunner.run(SuiteRunner.java:268)
	at org.testng.SuiteRunnerWorker.runSuite(SuiteRunnerWorker.java:52)
	at org.testng.SuiteRunnerWorker.run(SuiteRunnerWorker.java:86)
	at org.testng.TestNG.runSuitesSequentially(TestNG.java:1244)
	at org.testng.TestNG.runSuitesLocally(TestNG.java:1169)
	at org.testng.TestNG.run(TestNG.java:1064)
	at org.testng.remote.AbstractRemoteTestNG.run(AbstractRemoteTestNG.java:114)
	at org.testng.remote.RemoteTestNG.initAndRun(RemoteTestNG.java:251)
	at org.testng.remote.RemoteTestNG.main(RemoteTestNG.java:77)
]]>
    </failure>
  </testcase> <!-- checkRmaReservationOnEditVoucherByDecreasingQty -->
  <testcase name="checkSalesInvoiceVoucherBatchPopUpScreenForBatchExpired" time="21.092" classname="com.focus.testcases.VoucherReserveAndReleaseTest">
    <failure type="java.lang.AssertionError" message="expected [true] but found [false]">
      <![CDATA[java.lang.AssertionError: expected [true] but found [false]
	at org.testng.Assert.fail(Assert.java:94)
	at org.testng.Assert.failNotEquals(Assert.java:513)
	at org.testng.Assert.assertEqualsImpl(Assert.java:135)
	at org.testng.Assert.assertEquals(Assert.java:116)
	at org.testng.Assert.assertEquals(Assert.java:305)
	at org.testng.Assert.assertEquals(Assert.java:315)
	at com.focus.testcases.VoucherReserveAndReleaseTest.checkSalesInvoiceVoucherBatchPopUpScreenForBatchExpired(VoucherReserveAndReleaseTest.java:750)
	at sun.reflect.NativeMethodAccessorImpl.invoke0(Native Method)
	at sun.reflect.NativeMethodAccessorImpl.invoke(Unknown Source)
	at sun.reflect.DelegatingMethodAccessorImpl.invoke(Unknown Source)
	at java.lang.reflect.Method.invoke(Unknown Source)
	at org.testng.internal.MethodInvocationHelper.invokeMethod(MethodInvocationHelper.java:86)
	at org.testng.internal.Invoker.invokeMethod(Invoker.java:643)
	at org.testng.internal.Invoker.invokeTestMethod(Invoker.java:820)
	at org.testng.internal.Invoker.invokeTestMethods(Invoker.java:1128)
	at org.testng.internal.TestMethodWorker.invokeTestMethods(TestMethodWorker.java:129)
	at org.testng.internal.TestMethodWorker.run(TestMethodWorker.java:112)
	at org.testng.TestRunner.privateRun(TestRunner.java:782)
	at org.testng.TestRunner.run(TestRunner.java:632)
	at org.testng.SuiteRunner.runTest(SuiteRunner.java:366)
	at org.testng.SuiteRunner.runSequentially(SuiteRunner.java:361)
	at org.testng.SuiteRunner.privateRun(SuiteRunner.java:319)
	at org.testng.SuiteRunner.run(SuiteRunner.java:268)
	at org.testng.SuiteRunnerWorker.runSuite(SuiteRunnerWorker.java:52)
	at org.testng.SuiteRunnerWorker.run(SuiteRunnerWorker.java:86)
	at org.testng.TestNG.runSuitesSequentially(TestNG.java:1244)
	at org.testng.TestNG.runSuitesLocally(TestNG.java:1169)
	at org.testng.TestNG.run(TestNG.java:1064)
	at org.testng.remote.AbstractRemoteTestNG.run(AbstractRemoteTestNG.java:114)
	at org.testng.remote.RemoteTestNG.initAndRun(RemoteTestNG.java:251)
	at org.testng.remote.RemoteTestNG.main(RemoteTestNG.java:77)
]]>
    </failure>
  </testcase> <!-- checkSalesInvoiceVoucherBatchPopUpScreenForBatchExpired -->
  <testcase name="checkSalesOrderVoucherNewVouchersEntryPageNew" time="10.092" classname="com.focus.testcases.VoucherReserveAndReleaseTest"/>
  <testcase name="checkSalesOrderVoucherToCheckBatchExpiryDateValidation" time="42.135" classname="com.focus.testcases.VoucherReserveAndReleaseTest"/>
  <testcase name="checkBinPopupUsingReservationLinksInSecondRowVoucher" time="18.193" classname="com.focus.testcases.VoucherReserveAndReleaseTest"/>
  <testcase name="checkOkToConsumeFullQtyInFifthRowOfPendingLinksPopupScreenForStockItem" time="13.455" classname="com.focus.testcases.VoucherReserveAndReleaseTest"/>
  <testcase name="checkBatchColoumInVoucherAfterClickOnOkButtonInBatchPopUpQtyFullConsumeUsingReservationLinks" time="10.007" classname="com.focus.testcases.VoucherReserveAndReleaseTest"/>
  <testcase name="checkBatchColoumInVoucherAfterClickOnOkButtonInBatchPopUpQtyConsumeUsingReservationLinks" time="8.608" classname="com.focus.testcases.VoucherReserveAndReleaseTest"/>
  <testcase name="checkUpdatingSalesOrderVoucherByDeleteRowWithBatchReservation" time="19.557" classname="com.focus.testcases.VoucherReserveAndReleaseTest"/>
  <testcase name="checkAllocatingStockOnBatchBrItemThroughManualInput" time="9.552" classname="com.focus.testcases.VoucherReserveAndReleaseTest"/>
  <testcase name="checkSavingSalesOrderVoucherNewWithEmptyRows" time="6.825" classname="com.focus.testcases.VoucherReserveAndReleaseTest"/>
  <testcase name="checkStockReservationForStockItemAsEmptyInNextRow" time="41.390" classname="com.focus.testcases.VoucherReserveAndReleaseTest"/>
  <testcase name="checkRMAColumnRMANumbersInVoucherFourThirdRowFullConsume" time="12.345" classname="com.focus.testcases.VoucherReserveAndReleaseTest"/>
  <testcase name="checkStockItemReservationInNewVoucherAfterUpdatingInPreviousVoucher" time="41.118" classname="com.focus.testcases.VoucherReserveAndReleaseTest"/>
  <testcase name="checkSelectingRmaAndSave" time="74.579" classname="com.focus.testcases.VoucherReserveAndReleaseTest"/>
  <testcase name="checkSelectTheRMANumbersThroughCheckBoxInVoucherFourThirdow" time="10.390" classname="com.focus.testcases.VoucherReserveAndReleaseTest"/>
  <testcase name="checkSalesInvoiceVoucherInformationDisplayAfterSelectLinksThroughSearch" time="16.181" classname="com.focus.testcases.VoucherReserveAndReleaseTest"/>
  <testcase name="checkSavingSalesOrderVoucherAndCheckReservationScreenWithItemNoStocks" time="20.296" classname="com.focus.testcases.VoucherReserveAndReleaseTest"/>
  <testcase name="checkAllocatingStockOnBatchItemThroughPickOption" time="13.794" classname="com.focus.testcases.VoucherReserveAndReleaseTest"/>
  <testcase name="checkEntryPageSuspendOptionInSalesOrdersVoucher" time="8.656" classname="com.focus.testcases.VoucherReserveAndReleaseTest"/>
  <testcase name="checkSavingVoucherWithAllItemsReserveLineWise" time="87.191" classname="com.focus.testcases.VoucherReserveAndReleaseTest"/>
  <testcase name="checkOkButtonInRMAPopupScreenInVoucherFourFourthRow" time="11.366" classname="com.focus.testcases.VoucherReserveAndReleaseTest"/>
  <testcase name="checkSalesInvoiceVoucherToCheckLinkPopUpScreenWithCRTlPlusLForBatchExpired" time="52.216" classname="com.focus.testcases.VoucherReserveAndReleaseTest"/>
  <testcase name="checkSalesOrderVoucherNewEntryPage" time="86.932" classname="com.focus.testcases.VoucherReserveAndReleaseTest"/>
  <testcase name="checkStockReservationForBrCogsItemConsumedInThePreviousRow" time="54.338" classname="com.focus.testcases.VoucherReserveAndReleaseTest"/>
  <testcase name="checkRMAColumnRMANumbersInVoucherFourFourthRow" time="8.350" classname="com.focus.testcases.VoucherReserveAndReleaseTest"/>
  <testcase name="checkBalanceQtyInPendingLinksPopupScreenInFourthRowAfterFullConsumeInPreviousRowForBinItem" time="15.860" classname="com.focus.testcases.VoucherReserveAndReleaseTest"/>
  <testcase name="checkDeleteRowAndConsumeFullQtyOfReserveLinksInFirstRow" time="15.898" classname="com.focus.testcases.VoucherReserveAndReleaseTest"/>
  <testcase name="checkUpdatingRmaReservationAndSaving" time="55.267" classname="com.focus.testcases.VoucherReserveAndReleaseTest">
    <failure type="java.lang.AssertionError" message="expected [true] but found [false]">
      <![CDATA[java.lang.AssertionError: expected [true] but found [false]
	at org.testng.Assert.fail(Assert.java:94)
	at org.testng.Assert.failNotEquals(Assert.java:513)
	at org.testng.Assert.assertEqualsImpl(Assert.java:135)
	at org.testng.Assert.assertEquals(Assert.java:116)
	at org.testng.Assert.assertEquals(Assert.java:305)
	at org.testng.Assert.assertEquals(Assert.java:315)
	at com.focus.testcases.VoucherReserveAndReleaseTest.checkUpdatingRmaReservationAndSaving(VoucherReserveAndReleaseTest.java:542)
	at sun.reflect.NativeMethodAccessorImpl.invoke0(Native Method)
	at sun.reflect.NativeMethodAccessorImpl.invoke(Unknown Source)
	at sun.reflect.DelegatingMethodAccessorImpl.invoke(Unknown Source)
	at java.lang.reflect.Method.invoke(Unknown Source)
	at org.testng.internal.MethodInvocationHelper.invokeMethod(MethodInvocationHelper.java:86)
	at org.testng.internal.Invoker.invokeMethod(Invoker.java:643)
	at org.testng.internal.Invoker.invokeTestMethod(Invoker.java:820)
	at org.testng.internal.Invoker.invokeTestMethods(Invoker.java:1128)
	at org.testng.internal.TestMethodWorker.invokeTestMethods(TestMethodWorker.java:129)
	at org.testng.internal.TestMethodWorker.run(TestMethodWorker.java:112)
	at org.testng.TestRunner.privateRun(TestRunner.java:782)
	at org.testng.TestRunner.run(TestRunner.java:632)
	at org.testng.SuiteRunner.runTest(SuiteRunner.java:366)
	at org.testng.SuiteRunner.runSequentially(SuiteRunner.java:361)
	at org.testng.SuiteRunner.privateRun(SuiteRunner.java:319)
	at org.testng.SuiteRunner.run(SuiteRunner.java:268)
	at org.testng.SuiteRunnerWorker.runSuite(SuiteRunnerWorker.java:52)
	at org.testng.SuiteRunnerWorker.run(SuiteRunnerWorker.java:86)
	at org.testng.TestNG.runSuitesSequentially(TestNG.java:1244)
	at org.testng.TestNG.runSuitesLocally(TestNG.java:1169)
	at org.testng.TestNG.run(TestNG.java:1064)
	at org.testng.remote.AbstractRemoteTestNG.run(AbstractRemoteTestNG.java:114)
	at org.testng.remote.RemoteTestNG.initAndRun(RemoteTestNG.java:251)
	at org.testng.remote.RemoteTestNG.main(RemoteTestNG.java:77)
]]>
    </failure>
  </testcase> <!-- checkUpdatingRmaReservationAndSaving -->
  <testcase name="checkOkOnSlectingRowInPendingLinksPopupScreenWithFullConsumeForStockItem" time="14.054" classname="com.focus.testcases.VoucherReserveAndReleaseTest"/>
  <testcase name="checkAllocatingStockOnFifoCogsItemThroughManualInput" time="11.228" classname="com.focus.testcases.VoucherReserveAndReleaseTest"/>
  <testcase name="checkBalanceQtyInPendingLinksPopupScreenInSecondRowAfterConsumeInFirstRow" time="19.423" classname="com.focus.testcases.VoucherReserveAndReleaseTest"/>
  <testcase name="checkLoadingAllLiknksAvailableThroughCTRlPlus" time="15.829" classname="com.focus.testcases.VoucherReserveAndReleaseTest"/>
  <testcase name="checkLinkMappingInDesignWorkFlowForSales" time="50.597" classname="com.focus.testcases.VoucherReserveAndReleaseTest">
    <failure type="java.lang.AssertionError" message="expected [true] but found [false]">
      <![CDATA[java.lang.AssertionError: expected [true] but found [false]
	at org.testng.Assert.fail(Assert.java:94)
	at org.testng.Assert.failNotEquals(Assert.java:513)
	at org.testng.Assert.assertEqualsImpl(Assert.java:135)
	at org.testng.Assert.assertEquals(Assert.java:116)
	at org.testng.Assert.assertEquals(Assert.java:305)
	at org.testng.Assert.assertEquals(Assert.java:315)
	at com.focus.testcases.VoucherReserveAndReleaseTest.checkLinkMappingInDesignWorkFlowForSales(VoucherReserveAndReleaseTest.java:716)
	at sun.reflect.NativeMethodAccessorImpl.invoke0(Native Method)
	at sun.reflect.NativeMethodAccessorImpl.invoke(Unknown Source)
	at sun.reflect.DelegatingMethodAccessorImpl.invoke(Unknown Source)
	at java.lang.reflect.Method.invoke(Unknown Source)
	at org.testng.internal.MethodInvocationHelper.invokeMethod(MethodInvocationHelper.java:86)
	at org.testng.internal.Invoker.invokeMethod(Invoker.java:643)
	at org.testng.internal.Invoker.invokeTestMethod(Invoker.java:820)
	at org.testng.internal.Invoker.invokeTestMethods(Invoker.java:1128)
	at org.testng.internal.TestMethodWorker.invokeTestMethods(TestMethodWorker.java:129)
	at org.testng.internal.TestMethodWorker.run(TestMethodWorker.java:112)
	at org.testng.TestRunner.privateRun(TestRunner.java:782)
	at org.testng.TestRunner.run(TestRunner.java:632)
	at org.testng.SuiteRunner.runTest(SuiteRunner.java:366)
	at org.testng.SuiteRunner.runSequentially(SuiteRunner.java:361)
	at org.testng.SuiteRunner.privateRun(SuiteRunner.java:319)
	at org.testng.SuiteRunner.run(SuiteRunner.java:268)
	at org.testng.SuiteRunnerWorker.runSuite(SuiteRunnerWorker.java:52)
	at org.testng.SuiteRunnerWorker.run(SuiteRunnerWorker.java:86)
	at org.testng.TestNG.runSuitesSequentially(TestNG.java:1244)
	at org.testng.TestNG.runSuitesLocally(TestNG.java:1169)
	at org.testng.TestNG.run(TestNG.java:1064)
	at org.testng.remote.AbstractRemoteTestNG.run(AbstractRemoteTestNG.java:114)
	at org.testng.remote.RemoteTestNG.initAndRun(RemoteTestNG.java:251)
	at org.testng.remote.RemoteTestNG.main(RemoteTestNG.java:77)
]]>
    </failure>
  </testcase> <!-- checkLinkMappingInDesignWorkFlowForSales -->
  <testcase name="checkSavingVoucherAndCheckBatchReservationAsEmptyInNewVoucher" time="29.703" classname="com.focus.testcases.VoucherReserveAndReleaseTest"/>
  <testcase name="checkReservationForStockItem" time="37.580" classname="com.focus.testcases.VoucherReserveAndReleaseTest"/>
  <testcase name="checkStockReservationForStockItemWithQtyFifthRowForFullConsuming" time="45.005" classname="com.focus.testcases.VoucherReserveAndReleaseTest"/>
  <testcase name="checkSalesOrderVoucherBatchReservationByEditingVoucherToVerifyToDisplayBalanceQty" time="46.136" classname="com.focus.testcases.VoucherReserveAndReleaseTest"/>
  <testcase name="checkStockReservationToVerifyPickAndChangeTheQtyToReserveColumnManualyByInputGreaterThanPick" time="20.796" classname="com.focus.testcases.VoucherReserveAndReleaseTest"/>
  <testcase name="checkSelectSerialNumberAndClickOnOkButtonEditingSalesOrderVoucher" time="19.936" classname="com.focus.testcases.VoucherReserveAndReleaseTest"/>
  <testcase name="checkSalesOrderVoucherCUstomizationOption" time="65.986" classname="com.focus.testcases.VoucherReserveAndReleaseTest"/>
  <testcase name="checkSavedSalesOrderVoucherOnPreviousButton" time="21.016" classname="com.focus.testcases.VoucherReserveAndReleaseTest"/>
  <testcase name="checkBinPopupUsingReservationLinksInSecondRowVoucherForFullConsume" time="16.966" classname="com.focus.testcases.VoucherReserveAndReleaseTest"/>
  <testcase name="checkSalesOrderPreviousOptionBySavingVoucherWithBatchReservationAndClickOnPrevious" time="24.648" classname="com.focus.testcases.VoucherReserveAndReleaseTest"/>
  <testcase name="checkRmaPopupUsingReservationLinksInThiirdRowVoucher" time="53.254" classname="com.focus.testcases.VoucherReserveAndReleaseTest"/>
  <testcase name="checkOkButtonInRMAReservationPopupScreenBySelecting2SerialNumbers" time="21.409" classname="com.focus.testcases.VoucherReserveAndReleaseTest"/>
  <testcase name="checkSuspendStatusInEntryPageAndHomePageOnPreviousOption" time="11.567" classname="com.focus.testcases.VoucherReserveAndReleaseTest"/>
  <testcase name="checkRmaPopupUsingReservationLinksInFourthRowVoucher" time="56.624" classname="com.focus.testcases.VoucherReserveAndReleaseTest"/>
  <testcase name="checkStockItemPendingLinksThroughLineWiseFullConsume" time="22.598" classname="com.focus.testcases.VoucherReserveAndReleaseTest"/>
  <testcase name="checkSalesOrderVoucherNewCustomerOptions" time="13.031" classname="com.focus.testcases.VoucherReserveAndReleaseTest"/>
  <testcase name="checkSalesOrderVoucherWithNoReservation" time="10.328" classname="com.focus.testcases.VoucherReserveAndReleaseTest"/>
  <testcase name="checkAllocatingStockOnStockItemThroughPickOption" time="9.014" classname="com.focus.testcases.VoucherReserveAndReleaseTest"/>
  <testcase name="checkOkOnSlectingRowInPendingLinksPopupScreen" time="14.850" classname="com.focus.testcases.VoucherReserveAndReleaseTest"/>
  <testcase name="checkSavedVoucherWithFullConsumeOfLinksCrtlPlusL" time="16.216" classname="com.focus.testcases.VoucherReserveAndReleaseTest"/>
  <testcase name="checkOkToConsumeFullQtyInSecondRowOfPendingLinksPopupScreen" time="12.673" classname="com.focus.testcases.VoucherReserveAndReleaseTest"/>
  <testcase name="checkOkToConsumePartialQtyInThirdRowOfPendingLinksPopupScreenForRmaItem" time="12.959" classname="com.focus.testcases.VoucherReserveAndReleaseTest"/>
  <testcase name="checkSalesInvoiceVoucherByInputingCustomerAWarhouseHderabadLinewisePendingLinksForBatchItem" time="34.992" classname="com.focus.testcases.VoucherReserveAndReleaseTest"/>
  <testcase name="checkSaveSalesOrderVoucherWithRMAReservation" time="14.041" classname="com.focus.testcases.VoucherReserveAndReleaseTest"/>
  <testcase name="checkBatchColoumInVoucherAfterClickOnOkButtonInBatchPopUpQtyConsumeUsingReservationLinksInSecondRow" time="8.909" classname="com.focus.testcases.VoucherReserveAndReleaseTest"/>
  <testcase name="checkOkToConsumeFullQtyInSecondRowOfPendingLinksPopupScreenForBinItem" time="13.070" classname="com.focus.testcases.VoucherReserveAndReleaseTest"/>
  <testcase name="checkAllocatingStockOnFifoCogsItemThroughPickOption" time="12.555" classname="com.focus.testcases.VoucherReserveAndReleaseTest"/>
  <testcase name="checkRmaSerialNumbersInNewSalesOrderVoucher" time="37.692" classname="com.focus.testcases.VoucherReserveAndReleaseTest">
    <failure type="java.lang.AssertionError" message="expected [true] but found [false]">
      <![CDATA[java.lang.AssertionError: expected [true] but found [false]
	at org.testng.Assert.fail(Assert.java:94)
	at org.testng.Assert.failNotEquals(Assert.java:513)
	at org.testng.Assert.assertEqualsImpl(Assert.java:135)
	at org.testng.Assert.assertEquals(Assert.java:116)
	at org.testng.Assert.assertEquals(Assert.java:305)
	at org.testng.Assert.assertEquals(Assert.java:315)
	at com.focus.testcases.VoucherReserveAndReleaseTest.checkRmaSerialNumbersInNewSalesOrderVoucher(VoucherReserveAndReleaseTest.java:534)
	at sun.reflect.NativeMethodAccessorImpl.invoke0(Native Method)
	at sun.reflect.NativeMethodAccessorImpl.invoke(Unknown Source)
	at sun.reflect.DelegatingMethodAccessorImpl.invoke(Unknown Source)
	at java.lang.reflect.Method.invoke(Unknown Source)
	at org.testng.internal.MethodInvocationHelper.invokeMethod(MethodInvocationHelper.java:86)
	at org.testng.internal.Invoker.invokeMethod(Invoker.java:643)
	at org.testng.internal.Invoker.invokeTestMethod(Invoker.java:820)
	at org.testng.internal.Invoker.invokeTestMethods(Invoker.java:1128)
	at org.testng.internal.TestMethodWorker.invokeTestMethods(TestMethodWorker.java:129)
	at org.testng.internal.TestMethodWorker.run(TestMethodWorker.java:112)
	at org.testng.TestRunner.privateRun(TestRunner.java:782)
	at org.testng.TestRunner.run(TestRunner.java:632)
	at org.testng.SuiteRunner.runTest(SuiteRunner.java:366)
	at org.testng.SuiteRunner.runSequentially(SuiteRunner.java:361)
	at org.testng.SuiteRunner.privateRun(SuiteRunner.java:319)
	at org.testng.SuiteRunner.run(SuiteRunner.java:268)
	at org.testng.SuiteRunnerWorker.runSuite(SuiteRunnerWorker.java:52)
	at org.testng.SuiteRunnerWorker.run(SuiteRunnerWorker.java:86)
	at org.testng.TestNG.runSuitesSequentially(TestNG.java:1244)
	at org.testng.TestNG.runSuitesLocally(TestNG.java:1169)
	at org.testng.TestNG.run(TestNG.java:1064)
	at org.testng.remote.AbstractRemoteTestNG.run(AbstractRemoteTestNG.java:114)
	at org.testng.remote.RemoteTestNG.initAndRun(RemoteTestNG.java:251)
	at org.testng.remote.RemoteTestNG.main(RemoteTestNG.java:77)
]]>
    </failure>
  </testcase> <!-- checkRmaSerialNumbersInNewSalesOrderVoucher -->
  <testcase name="checkSignInDemoPopupPageOnClickDoNotShowAndCloseToDisplayMenusAndHomePage" time="28.538" classname="com.focus.testcases.VoucherReserveAndReleaseTest"/>
  <testcase name="checkDeleteRowAndConsumeFullQtyOfReserveLinksInFourthRowForStockItem" time="17.877" classname="com.focus.testcases.VoucherReserveAndReleaseTest"/>
  <testcase name="checkStockReservationForFifoCogsItemWithQtyThirdRowForConsuming" time="55.940" classname="com.focus.testcases.VoucherReserveAndReleaseTest">
    <failure type="java.lang.AssertionError" message="expected [true] but found [false]">
      <![CDATA[java.lang.AssertionError: expected [true] but found [false]
	at org.testng.Assert.fail(Assert.java:94)
	at org.testng.Assert.failNotEquals(Assert.java:513)
	at org.testng.Assert.assertEqualsImpl(Assert.java:135)
	at org.testng.Assert.assertEquals(Assert.java:116)
	at org.testng.Assert.assertEquals(Assert.java:305)
	at org.testng.Assert.assertEquals(Assert.java:315)
	at com.focus.testcases.VoucherReserveAndReleaseTest.checkStockReservationForFifoCogsItemWithQtyThirdRowForConsuming(VoucherReserveAndReleaseTest.java:266)
	at sun.reflect.NativeMethodAccessorImpl.invoke0(Native Method)
	at sun.reflect.NativeMethodAccessorImpl.invoke(Unknown Source)
	at sun.reflect.DelegatingMethodAccessorImpl.invoke(Unknown Source)
	at java.lang.reflect.Method.invoke(Unknown Source)
	at org.testng.internal.MethodInvocationHelper.invokeMethod(MethodInvocationHelper.java:86)
	at org.testng.internal.Invoker.invokeMethod(Invoker.java:643)
	at org.testng.internal.Invoker.invokeTestMethod(Invoker.java:820)
	at org.testng.internal.Invoker.invokeTestMethods(Invoker.java:1128)
	at org.testng.internal.TestMethodWorker.invokeTestMethods(TestMethodWorker.java:129)
	at org.testng.internal.TestMethodWorker.run(TestMethodWorker.java:112)
	at org.testng.TestRunner.privateRun(TestRunner.java:782)
	at org.testng.TestRunner.run(TestRunner.java:632)
	at org.testng.SuiteRunner.runTest(SuiteRunner.java:366)
	at org.testng.SuiteRunner.runSequentially(SuiteRunner.java:361)
	at org.testng.SuiteRunner.privateRun(SuiteRunner.java:319)
	at org.testng.SuiteRunner.run(SuiteRunner.java:268)
	at org.testng.SuiteRunnerWorker.runSuite(SuiteRunnerWorker.java:52)
	at org.testng.SuiteRunnerWorker.run(SuiteRunnerWorker.java:86)
	at org.testng.TestNG.runSuitesSequentially(TestNG.java:1244)
	at org.testng.TestNG.runSuitesLocally(TestNG.java:1169)
	at org.testng.TestNG.run(TestNG.java:1064)
	at org.testng.remote.AbstractRemoteTestNG.run(AbstractRemoteTestNG.java:114)
	at org.testng.remote.RemoteTestNG.initAndRun(RemoteTestNG.java:251)
	at org.testng.remote.RemoteTestNG.main(RemoteTestNG.java:77)
]]>
    </failure>
  </testcase> <!-- checkStockReservationForFifoCogsItemWithQtyThirdRowForConsuming -->
  <testcase name="checkSalesOrderVoucherFifthRowToCheckRMAReservationPopUpScreenAndBalanceRMANumbersAfterFullSelectionInPreviousRow" time="39.453" classname="com.focus.testcases.VoucherReserveAndReleaseTest">
    <failure type="java.lang.AssertionError" message="expected [true] but found [false]">
      <![CDATA[java.lang.AssertionError: expected [true] but found [false]
	at org.testng.Assert.fail(Assert.java:94)
	at org.testng.Assert.failNotEquals(Assert.java:513)
	at org.testng.Assert.assertEqualsImpl(Assert.java:135)
	at org.testng.Assert.assertEquals(Assert.java:116)
	at org.testng.Assert.assertEquals(Assert.java:305)
	at org.testng.Assert.assertEquals(Assert.java:315)
	at com.focus.testcases.VoucherReserveAndReleaseTest.checkSalesOrderVoucherFifthRowToCheckRMAReservationPopUpScreenAndBalanceRMANumbersAfterFullSelectionInPreviousRow(VoucherReserveAndReleaseTest.java:474)
	at sun.reflect.NativeMethodAccessorImpl.invoke0(Native Method)
	at sun.reflect.NativeMethodAccessorImpl.invoke(Unknown Source)
	at sun.reflect.DelegatingMethodAccessorImpl.invoke(Unknown Source)
	at java.lang.reflect.Method.invoke(Unknown Source)
	at org.testng.internal.MethodInvocationHelper.invokeMethod(MethodInvocationHelper.java:86)
	at org.testng.internal.Invoker.invokeMethod(Invoker.java:643)
	at org.testng.internal.Invoker.invokeTestMethod(Invoker.java:820)
	at org.testng.internal.Invoker.invokeTestMethods(Invoker.java:1128)
	at org.testng.internal.TestMethodWorker.invokeTestMethods(TestMethodWorker.java:129)
	at org.testng.internal.TestMethodWorker.run(TestMethodWorker.java:112)
	at org.testng.TestRunner.privateRun(TestRunner.java:782)
	at org.testng.TestRunner.run(TestRunner.java:632)
	at org.testng.SuiteRunner.runTest(SuiteRunner.java:366)
	at org.testng.SuiteRunner.runSequentially(SuiteRunner.java:361)
	at org.testng.SuiteRunner.privateRun(SuiteRunner.java:319)
	at org.testng.SuiteRunner.run(SuiteRunner.java:268)
	at org.testng.SuiteRunnerWorker.runSuite(SuiteRunnerWorker.java:52)
	at org.testng.SuiteRunnerWorker.run(SuiteRunnerWorker.java:86)
	at org.testng.TestNG.runSuitesSequentially(TestNG.java:1244)
	at org.testng.TestNG.runSuitesLocally(TestNG.java:1169)
	at org.testng.TestNG.run(TestNG.java:1064)
	at org.testng.remote.AbstractRemoteTestNG.run(AbstractRemoteTestNG.java:114)
	at org.testng.remote.RemoteTestNG.initAndRun(RemoteTestNG.java:251)
	at org.testng.remote.RemoteTestNG.main(RemoteTestNG.java:77)
]]>
    </failure>
  </testcase> <!-- checkSalesOrderVoucherFifthRowToCheckRMAReservationPopUpScreenAndBalanceRMANumbersAfterFullSelectionInPreviousRow -->
  <testcase name="checkSalesInvoiceVoucherSearchInLinkPopupScreen" time="16.053" classname="com.focus.testcases.VoucherReserveAndReleaseTest"/>
  <testcase name="checkSalesOrderVoucherNewEntryPageDocumentNumber" time="5.591" classname="com.focus.testcases.VoucherReserveAndReleaseTest"/>
  <testcase name="checkSalesOrderVoucherNewEntryPageBodyFields" time="5.514" classname="com.focus.testcases.VoucherReserveAndReleaseTest"/>
  <testcase name="checkSalesInvoiceVoucherByInputingCustomerCLinkCRTLPlusPendingLinks" time="14.371" classname="com.focus.testcases.VoucherReserveAndReleaseTest"/>
  <testcase name="checkSalesInvoicePendingLinksThroughCRTLAfterFullComsumed" time="18.941" classname="com.focus.testcases.VoucherReserveAndReleaseTest"/>
  <testcase name="CheckVoucherGridOnInputingTaxCodeAndSaveWithoutBatchSelection" time="27.213" classname="com.focus.testcases.VoucherReserveAndReleaseTest"/>
  <testcase name="checkSalesOrderVoucherCheckRMAReservationPopUpScreen" time="40.256" classname="com.focus.testcases.VoucherReserveAndReleaseTest">
    <failure type="java.lang.AssertionError" message="expected [true] but found [false]">
      <![CDATA[java.lang.AssertionError: expected [true] but found [false]
	at org.testng.Assert.fail(Assert.java:94)
	at org.testng.Assert.failNotEquals(Assert.java:513)
	at org.testng.Assert.assertEqualsImpl(Assert.java:135)
	at org.testng.Assert.assertEquals(Assert.java:116)
	at org.testng.Assert.assertEquals(Assert.java:305)
	at org.testng.Assert.assertEquals(Assert.java:315)
	at com.focus.testcases.VoucherReserveAndReleaseTest.checkSalesOrderVoucherCheckRMAReservationPopUpScreen(VoucherReserveAndReleaseTest.java:440)
	at sun.reflect.NativeMethodAccessorImpl.invoke0(Native Method)
	at sun.reflect.NativeMethodAccessorImpl.invoke(Unknown Source)
	at sun.reflect.DelegatingMethodAccessorImpl.invoke(Unknown Source)
	at java.lang.reflect.Method.invoke(Unknown Source)
	at org.testng.internal.MethodInvocationHelper.invokeMethod(MethodInvocationHelper.java:86)
	at org.testng.internal.Invoker.invokeMethod(Invoker.java:643)
	at org.testng.internal.Invoker.invokeTestMethod(Invoker.java:820)
	at org.testng.internal.Invoker.invokeTestMethods(Invoker.java:1128)
	at org.testng.internal.TestMethodWorker.invokeTestMethods(TestMethodWorker.java:129)
	at org.testng.internal.TestMethodWorker.run(TestMethodWorker.java:112)
	at org.testng.TestRunner.privateRun(TestRunner.java:782)
	at org.testng.TestRunner.run(TestRunner.java:632)
	at org.testng.SuiteRunner.runTest(SuiteRunner.java:366)
	at org.testng.SuiteRunner.runSequentially(SuiteRunner.java:361)
	at org.testng.SuiteRunner.privateRun(SuiteRunner.java:319)
	at org.testng.SuiteRunner.run(SuiteRunner.java:268)
	at org.testng.SuiteRunnerWorker.runSuite(SuiteRunnerWorker.java:52)
	at org.testng.SuiteRunnerWorker.run(SuiteRunnerWorker.java:86)
	at org.testng.TestNG.runSuitesSequentially(TestNG.java:1244)
	at org.testng.TestNG.runSuitesLocally(TestNG.java:1169)
	at org.testng.TestNG.run(TestNG.java:1064)
	at org.testng.remote.AbstractRemoteTestNG.run(AbstractRemoteTestNG.java:114)
	at org.testng.remote.RemoteTestNG.initAndRun(RemoteTestNG.java:251)
	at org.testng.remote.RemoteTestNG.main(RemoteTestNG.java:77)
]]>
    </failure>
  </testcase> <!-- checkSalesOrderVoucherCheckRMAReservationPopUpScreen -->
  <testcase name="checkOkToConsumePartialQtyInFourthRowOfPendingLinksPopupScreenForRmaItem" time="14.197" classname="com.focus.testcases.VoucherReserveAndReleaseTest"/>
</testsuite> <!-- com.focus.testcases.VoucherReserveAndReleaseTest -->
