<?xml version="1.0" encoding="UTF-8"?>
<!-- Generated by org.testng.reporters.JUnitReportReporter -->
<testsuite hostname="FOCUS-QA-21" name="com.focus.testcases.ReceiptsVoucherTest" tests="31" failures="2" timestamp="10 Feb 2021 14:53:01 GMT" time="482.688" errors="0">
  <testcase name="checkRecepitsVATHomePageOptionsUndertoggleBtn" time="5.341" classname="com.focus.testcases.ReceiptsVoucherTest"/>
  <testcase name="checkNavigationToRecepitsVATVocher" time="13.784" classname="com.focus.testcases.ReceiptsVoucherTest"/>
  <testcase name="checkReceiptsVATNewDateFieldLessThanCompanyAccountingDate" time="9.768" classname="com.focus.testcases.ReceiptsVoucherTest"/>
  <testcase name="checkRecepitsVATNewEntryPageHeaderFields" time="9.682" classname="com.focus.testcases.ReceiptsVoucherTest"/>
  <testcase name="checkCopyDocumentAndSavingInReceiptsVAT" time="37.378" classname="com.focus.testcases.ReceiptsVoucherTest"/>
  <testcase name="checkDueDateOptioninReceiptsVATEntryPage" time="6.739" classname="com.focus.testcases.ReceiptsVoucherTest"/>
  <testcase name="checkRecepitsVATEntryPageFooterFields" time="4.406" classname="com.focus.testcases.ReceiptsVoucherTest"/>
  <testcase name="checkCustomizationOptionInRecepitsVAT" time="20.587" classname="com.focus.testcases.ReceiptsVoucherTest"/>
  <testcase name="checkReceiptsVATWithCurrencyINRInputAndExcgRate" time="18.468" classname="com.focus.testcases.ReceiptsVoucherTest"/>
  <testcase name="checkNewOptioninEntryPageinReceiptsVAT" time="8.704" classname="com.focus.testcases.ReceiptsVoucherTest"/>
  <testcase name="checkRecepitssVATVoucherHomeScreenOptions" time="9.878" classname="com.focus.testcases.ReceiptsVoucherTest"/>
  <testcase name="checkReceiptsVATSaveWithoutMandatoryFields" time="6.623" classname="com.focus.testcases.ReceiptsVoucherTest"/>
  <testcase name="checkEnteringDataIntoBodyGridInReceiptsVAT" time="25.654" classname="com.focus.testcases.ReceiptsVoucherTest"/>
  <testcase name="checkReceiptsVATVoucherSaveWithHeaderFieldsInput" time="7.935" classname="com.focus.testcases.ReceiptsVoucherTest"/>
  <testcase name="checkPendingBillsInRecepitsVATVoucher" time="8.755" classname="com.focus.testcases.ReceiptsVoucherTest">
    <failure type="java.lang.AssertionError" message="expected [true] but found [false]">
      <![CDATA[java.lang.AssertionError: expected [true] but found [false]
	at org.testng.Assert.fail(Assert.java:94)
	at org.testng.Assert.failNotEquals(Assert.java:513)
	at org.testng.Assert.assertEqualsImpl(Assert.java:135)
	at org.testng.Assert.assertEquals(Assert.java:116)
	at org.testng.Assert.assertEquals(Assert.java:305)
	at org.testng.Assert.assertEquals(Assert.java:315)
	at com.focus.testcases.ReceiptsVoucherTest.checkPendingBillsInRecepitsVATVoucher(ReceiptsVoucherTest.java:42)
	at sun.reflect.NativeMethodAccessorImpl.invoke0(Native Method)
	at sun.reflect.NativeMethodAccessorImpl.invoke(Unknown Source)
	at sun.reflect.DelegatingMethodAccessorImpl.invoke(Unknown Source)
	at java.lang.reflect.Method.invoke(Unknown Source)
	at org.testng.internal.MethodInvocationHelper.invokeMethod(MethodInvocationHelper.java:86)
	at org.testng.internal.Invoker.invokeMethod(Invoker.java:643)
	at org.testng.internal.Invoker.invokeTestMethod(Invoker.java:820)
	at org.testng.internal.Invoker.invokeTestMethods(Invoker.java:1128)
	at org.testng.internal.TestMethodWorker.invokeTestMethods(TestMethodWorker.java:129)
	at org.testng.internal.TestMethodWorker.run(TestMethodWorker.java:112)
	at org.testng.TestRunner.privateRun(TestRunner.java:782)
	at org.testng.TestRunner.run(TestRunner.java:632)
	at org.testng.SuiteRunner.runTest(SuiteRunner.java:366)
	at org.testng.SuiteRunner.runSequentially(SuiteRunner.java:361)
	at org.testng.SuiteRunner.privateRun(SuiteRunner.java:319)
	at org.testng.SuiteRunner.run(SuiteRunner.java:268)
	at org.testng.SuiteRunnerWorker.runSuite(SuiteRunnerWorker.java:52)
	at org.testng.SuiteRunnerWorker.run(SuiteRunnerWorker.java:86)
	at org.testng.TestNG.runSuitesSequentially(TestNG.java:1244)
	at org.testng.TestNG.runSuitesLocally(TestNG.java:1169)
	at org.testng.TestNG.run(TestNG.java:1064)
	at org.testng.remote.AbstractRemoteTestNG.run(AbstractRemoteTestNG.java:114)
	at org.testng.remote.RemoteTestNG.initAndRun(RemoteTestNG.java:251)
	at org.testng.remote.RemoteTestNG.main(RemoteTestNG.java:77)
]]>
    </failure>
  </testcase> <!-- checkPendingBillsInRecepitsVATVoucher -->
  <testcase name="checkReceiptsVATVoucherVATDepartment" time="4.755" classname="com.focus.testcases.ReceiptsVoucherTest"/>
  <testcase name="checkCurrencyOptioninRecepitsVAT" time="4.615" classname="com.focus.testcases.ReceiptsVoucherTest"/>
  <testcase name="checkSignOutRecepitsVoucher" time="5.531" classname="com.focus.testcases.ReceiptsVoucherTest">
    <failure type="java.lang.AssertionError" message="expected [true] but found [false]">
      <![CDATA[java.lang.AssertionError: expected [true] but found [false]
	at org.testng.Assert.fail(Assert.java:94)
	at org.testng.Assert.failNotEquals(Assert.java:513)
	at org.testng.Assert.assertEqualsImpl(Assert.java:135)
	at org.testng.Assert.assertEquals(Assert.java:116)
	at org.testng.Assert.assertEquals(Assert.java:305)
	at org.testng.Assert.assertEquals(Assert.java:315)
	at com.focus.testcases.ReceiptsVoucherTest.checkSignOutRecepitsVoucher(ReceiptsVoucherTest.java:304)
	at sun.reflect.NativeMethodAccessorImpl.invoke0(Native Method)
	at sun.reflect.NativeMethodAccessorImpl.invoke(Unknown Source)
	at sun.reflect.DelegatingMethodAccessorImpl.invoke(Unknown Source)
	at java.lang.reflect.Method.invoke(Unknown Source)
	at org.testng.internal.MethodInvocationHelper.invokeMethod(MethodInvocationHelper.java:86)
	at org.testng.internal.Invoker.invokeMethod(Invoker.java:643)
	at org.testng.internal.Invoker.invokeTestMethod(Invoker.java:820)
	at org.testng.internal.Invoker.invokeTestMethods(Invoker.java:1128)
	at org.testng.internal.TestMethodWorker.invokeTestMethods(TestMethodWorker.java:129)
	at org.testng.internal.TestMethodWorker.run(TestMethodWorker.java:112)
	at org.testng.TestRunner.privateRun(TestRunner.java:782)
	at org.testng.TestRunner.run(TestRunner.java:632)
	at org.testng.SuiteRunner.runTest(SuiteRunner.java:366)
	at org.testng.SuiteRunner.runSequentially(SuiteRunner.java:361)
	at org.testng.SuiteRunner.privateRun(SuiteRunner.java:319)
	at org.testng.SuiteRunner.run(SuiteRunner.java:268)
	at org.testng.SuiteRunnerWorker.runSuite(SuiteRunnerWorker.java:52)
	at org.testng.SuiteRunnerWorker.run(SuiteRunnerWorker.java:86)
	at org.testng.TestNG.runSuitesSequentially(TestNG.java:1244)
	at org.testng.TestNG.runSuitesLocally(TestNG.java:1169)
	at org.testng.TestNG.run(TestNG.java:1064)
	at org.testng.remote.AbstractRemoteTestNG.run(AbstractRemoteTestNG.java:114)
	at org.testng.remote.RemoteTestNG.initAndRun(RemoteTestNG.java:251)
	at org.testng.remote.RemoteTestNG.main(RemoteTestNG.java:77)
]]>
    </failure>
  </testcase> <!-- checkSignOutRecepitsVoucher -->
  <testcase name="checkRecepitsVATNewEntryPageRibbonControl" time="5.349" classname="com.focus.testcases.ReceiptsVoucherTest"/>
  <testcase name="checkClickOnSecondEntryInBillwiseScreenForVendorBINRecepitsVAT" time="42.621" classname="com.focus.testcases.ReceiptsVoucherTest"/>
  <testcase name="checkCopyAndPasteToClipBoardAndSavingInReceiptsVAT" time="52.427" classname="com.focus.testcases.ReceiptsVoucherTest"/>
  <testcase name="checkRecepitsVATEntryPageDocumentNumber" time="4.538" classname="com.focus.testcases.ReceiptsVoucherTest"/>
  <testcase name="checkReceiptsVATWithCurrencyAEDInputAndExcgRate" time="7.093" classname="com.focus.testcases.ReceiptsVoucherTest"/>
  <testcase name="checkDeleteOptionInReceiptsEntryPageVAT" time="19.145" classname="com.focus.testcases.ReceiptsVoucherTest"/>
  <testcase name="checkRecepitsVATEntryPageBodyFields" time="5.493" classname="com.focus.testcases.ReceiptsVoucherTest"/>
  <testcase name="checkRecepitsVATNewHomePageNewOption" time="11.942" classname="com.focus.testcases.ReceiptsVoucherTest"/>
  <testcase name="checkSavedVoucherInRecepitsVAT" time="37.817" classname="com.focus.testcases.ReceiptsVoucherTest"/>
  <testcase name="CheckClickOnNewButtonInEntryPage" time="8.387" classname="com.focus.testcases.ReceiptsVoucherTest"/>
  <testcase name="checkLoginToFinancialVouchers" time="13.367" classname="com.focus.testcases.ReceiptsVoucherTest"/>
  <testcase name="checkBillwiseScreeninRecepitsVATWithNewAmountForVendorA" time="47.311" classname="com.focus.testcases.ReceiptsVoucherTest"/>
  <testcase name="checkReceiptsVATWithCurrencyUSDInputAndExcgRate" time="18.595" classname="com.focus.testcases.ReceiptsVoucherTest"/>
</testsuite> <!-- com.focus.testcases.ReceiptsVoucherTest -->
