<?xml version="1.0" encoding="UTF-8"?>
<!-- Generated by org.testng.reporters.JUnitReportReporter -->
<testsuite hostname="FOCUS-QA-11" name="com.focus.testcases.SmokeWarehouseTest" tests="33" failures="2" timestamp="28 Oct 2020 23:04:13 GMT" time="370.648" errors="0">
  <testcase name="checkCreateViewToggleOptionsAvailableWarehouseMastersPage" time="3.726" classname="com.focus.testcases.SmokeWarehouseTest"/>
  <testcase name="checkNewButtonInWarehouseMasterOptions" time="5.473" classname="com.focus.testcases.SmokeWarehouseTest"/>
  <testcase name="checkWarehouseMastersDisplayTableColumnValuesAvailableInWarehouseMastersPage" time="3.534" classname="com.focus.testcases.SmokeWarehouseTest"/>
  <testcase name="checkSaveButtonInWarehouseMasterCreationPage" time="5.094" classname="com.focus.testcases.SmokeWarehouseTest"/>
  <testcase name="checkSaveByUpdatingNameAndCodeInWarehouseGroupCreationPage" time="9.982" classname="com.focus.testcases.SmokeWarehouseTest"/>
  <testcase name="checkCloseBtnOpenWarehouseMasterUpdateWarehouse" time="5.744" classname="com.focus.testcases.SmokeWarehouseTest"/>
  <testcase name="checkLogoutInWarehouseMasterPage" time="82.150" classname="com.focus.testcases.SmokeWarehouseTest">
    <failure type="java.lang.AssertionError" message="expected [true] but found [false]">
      <![CDATA[java.lang.AssertionError: expected [true] but found [false]
	at org.testng.Assert.fail(Assert.java:94)
	at org.testng.Assert.failNotEquals(Assert.java:513)
	at org.testng.Assert.assertEqualsImpl(Assert.java:135)
	at org.testng.Assert.assertEquals(Assert.java:116)
	at org.testng.Assert.assertEquals(Assert.java:305)
	at org.testng.Assert.assertEquals(Assert.java:315)
	at com.focus.testcases.SmokeWarehouseTest.checkLogoutInWarehouseMasterPage(SmokeWarehouseTest.java:263)
	at sun.reflect.NativeMethodAccessorImpl.invoke0(Native Method)
	at sun.reflect.NativeMethodAccessorImpl.invoke(Unknown Source)
	at sun.reflect.DelegatingMethodAccessorImpl.invoke(Unknown Source)
	at java.lang.reflect.Method.invoke(Unknown Source)
	at org.testng.internal.MethodInvocationHelper.invokeMethod(MethodInvocationHelper.java:86)
	at org.testng.internal.Invoker.invokeMethod(Invoker.java:643)
	at org.testng.internal.Invoker.invokeTestMethod(Invoker.java:820)
	at org.testng.internal.Invoker.invokeTestMethods(Invoker.java:1128)
	at org.testng.internal.TestMethodWorker.invokeTestMethods(TestMethodWorker.java:129)
	at org.testng.internal.TestMethodWorker.run(TestMethodWorker.java:112)
	at org.testng.TestRunner.privateRun(TestRunner.java:782)
	at org.testng.TestRunner.run(TestRunner.java:632)
	at org.testng.SuiteRunner.runTest(SuiteRunner.java:366)
	at org.testng.SuiteRunner.runSequentially(SuiteRunner.java:361)
	at org.testng.SuiteRunner.privateRun(SuiteRunner.java:319)
	at org.testng.SuiteRunner.run(SuiteRunner.java:268)
	at org.testng.SuiteRunnerWorker.runSuite(SuiteRunnerWorker.java:52)
	at org.testng.SuiteRunnerWorker.run(SuiteRunnerWorker.java:86)
	at org.testng.TestNG.runSuitesSequentially(TestNG.java:1244)
	at org.testng.TestNG.runSuitesLocally(TestNG.java:1169)
	at org.testng.TestNG.run(TestNG.java:1064)
	at org.testng.remote.AbstractRemoteTestNG.run(AbstractRemoteTestNG.java:114)
	at org.testng.remote.RemoteTestNG.initAndRun(RemoteTestNG.java:251)
	at org.testng.remote.RemoteTestNG.main(RemoteTestNG.java:77)
]]>
    </failure>
  </testcase> <!-- checkLogoutInWarehouseMasterPage -->
  <testcase name="checkWarehouseMastersDisplayTableColumnNamesAvailableInWarehouseMastersPage" time="3.840" classname="com.focus.testcases.SmokeWarehouseTest"/>
  <testcase name="checkSaveWarhouse" time="5.532" classname="com.focus.testcases.SmokeWarehouseTest"/>
  <testcase name="checkToolsOptionsAvailabilityOnClickMasterRibbonToExpandOptionsInWarehouseMastersPage" time="5.452" classname="com.focus.testcases.SmokeWarehouseTest"/>
  <testcase name="checkCustomizeMasterTabOptionInWarehouseMaster" time="3.199" classname="com.focus.testcases.SmokeWarehouseTest"/>
  <testcase name="checkUnHideUnitsGroupOptionsAvailableInWarehouseMastersPage" time="3.788" classname="com.focus.testcases.SmokeWarehouseTest"/>
  <testcase name="checkDisplayOfGroupAvailableTreeStructureLeftPageWarehouseMasterPage" time="3.512" classname="com.focus.testcases.SmokeWarehouseTest"/>
  <testcase name="checkWarehouseMasterPageIsDisplayByClickOnWarehouseMenu" time="5.459" classname="com.focus.testcases.SmokeWarehouseTest"/>
  <testcase name="checkSearchOptionAvailableInWarehouseMastersPage" time="7.063" classname="com.focus.testcases.SmokeWarehouseTest"/>
  <testcase name="checkMainOptionsAvailabilityInWarhouseMasterPage" time="4.020" classname="com.focus.testcases.SmokeWarehouseTest"/>
  <testcase name="checkEditOptionForNewlyCreateAddGroupWarehouse" time="10.907" classname="com.focus.testcases.SmokeWarehouseTest"/>
  <testcase name="checkOtherToolsOptionsAvailabilityInWarehouseMastersPageOnClickRibbonControlNextButton" time="4.356" classname="com.focus.testcases.SmokeWarehouseTest"/>
  <testcase name="checkGeneralTabOptionMainTabInCustomizeMaster" time="3.505" classname="com.focus.testcases.SmokeWarehouseTest"/>
  <testcase name="checkHeaderFieldsOptionsAvailableInWarehouseMastersPage" time="6.910" classname="com.focus.testcases.SmokeWarehouseTest"/>
  <testcase name="checkEditBinInMainTabInCustomizeMaster" time="2.909" classname="com.focus.testcases.SmokeWarehouseTest"/>
  <testcase name="checkCloseWarehouseMaster" time="5.049" classname="com.focus.testcases.SmokeWarehouseTest"/>
  <testcase name="checkCloseButtonOnEditWarehouseGroupCreationPage" time="4.914" classname="com.focus.testcases.SmokeWarehouseTest"/>
  <testcase name="checkTreeViewOptionsAvailableInWarehouseMastersPage" time="5.175" classname="com.focus.testcases.SmokeWarehouseTest"/>
  <testcase name="checkGeneralTabOptionHeaderDetailsTabInCustomizeMaster" time="2.293" classname="com.focus.testcases.SmokeWarehouseTest"/>
  <testcase name="checkCustomizeMasterTabMasterFieldsOption" time="2.357" classname="com.focus.testcases.SmokeWarehouseTest"/>
  <testcase name="checkCreateTreeToggleOptionsAvailableInWarehouseMastersPage" time="3.821" classname="com.focus.testcases.SmokeWarehouseTest"/>
  <testcase name="checkHideUnitGroupOptionsAvailableInWarehouseMastersPage" time="7.975" classname="com.focus.testcases.SmokeWarehouseTest"/>
  <testcase name="checkSignToCheckWarehouseMastersPage" time="88.394" classname="com.focus.testcases.SmokeWarehouseTest">
    <failure type="java.lang.AssertionError" message="expected [true] but found [false]">
      <![CDATA[java.lang.AssertionError: expected [true] but found [false]
	at org.testng.Assert.fail(Assert.java:94)
	at org.testng.Assert.failNotEquals(Assert.java:513)
	at org.testng.Assert.assertEqualsImpl(Assert.java:135)
	at org.testng.Assert.assertEquals(Assert.java:116)
	at org.testng.Assert.assertEquals(Assert.java:305)
	at org.testng.Assert.assertEquals(Assert.java:315)
	at com.focus.testcases.SmokeWarehouseTest.checkSignToCheckWarehouseMastersPage(SmokeWarehouseTest.java:27)
	at sun.reflect.NativeMethodAccessorImpl.invoke0(Native Method)
	at sun.reflect.NativeMethodAccessorImpl.invoke(Unknown Source)
	at sun.reflect.DelegatingMethodAccessorImpl.invoke(Unknown Source)
	at java.lang.reflect.Method.invoke(Unknown Source)
	at org.testng.internal.MethodInvocationHelper.invokeMethod(MethodInvocationHelper.java:86)
	at org.testng.internal.Invoker.invokeMethod(Invoker.java:643)
	at org.testng.internal.Invoker.invokeTestMethod(Invoker.java:820)
	at org.testng.internal.Invoker.invokeTestMethods(Invoker.java:1128)
	at org.testng.internal.TestMethodWorker.invokeTestMethods(TestMethodWorker.java:129)
	at org.testng.internal.TestMethodWorker.run(TestMethodWorker.java:112)
	at org.testng.TestRunner.privateRun(TestRunner.java:782)
	at org.testng.TestRunner.run(TestRunner.java:632)
	at org.testng.SuiteRunner.runTest(SuiteRunner.java:366)
	at org.testng.SuiteRunner.runSequentially(SuiteRunner.java:361)
	at org.testng.SuiteRunner.privateRun(SuiteRunner.java:319)
	at org.testng.SuiteRunner.run(SuiteRunner.java:268)
	at org.testng.SuiteRunnerWorker.runSuite(SuiteRunnerWorker.java:52)
	at org.testng.SuiteRunnerWorker.run(SuiteRunnerWorker.java:86)
	at org.testng.TestNG.runSuitesSequentially(TestNG.java:1244)
	at org.testng.TestNG.runSuitesLocally(TestNG.java:1169)
	at org.testng.TestNG.run(TestNG.java:1064)
	at org.testng.remote.AbstractRemoteTestNG.run(AbstractRemoteTestNG.java:114)
	at org.testng.remote.RemoteTestNG.initAndRun(RemoteTestNG.java:251)
	at org.testng.remote.RemoteTestNG.main(RemoteTestNG.java:77)
]]>
    </failure>
  </testcase> <!-- checkSignToCheckWarehouseMastersPage -->
  <testcase name="checkCloseButtonInWarehouseGroupCreationPage" time="5.019" classname="com.focus.testcases.SmokeWarehouseTest"/>
  <testcase name="checkUpdateCreatedFieldInCreateCreateTabDisplayInCustomizeTab" time="3.759" classname="com.focus.testcases.SmokeWarehouseTest"/>
  <testcase name="chekDeleteWarehouseOptionForWarhouseMasterPage" time="47.395" classname="com.focus.testcases.SmokeWarehouseTest"/>
  <testcase name="checkEditOptionForUpdatedGroupWarehouse" time="8.342" classname="com.focus.testcases.SmokeWarehouseTest"/>
</testsuite> <!-- com.focus.testcases.SmokeWarehouseTest -->
