<?xml version="1.0" encoding="UTF-8"?>
<!-- Generated by org.testng.reporters.JUnitReportReporter -->
<testsuite hostname="FOCUS-QA-10" name="com.focus.testcases.SmokeCurrencyTest" tests="35" failures="4" timestamp="22 Nov 2022 18:03:38 GMT" time="761.313" errors="0">
  <testcase name="checkUSDValuesInSavedExchangeRate" time="23.682" classname="com.focus.testcases.SmokeCurrencyTest"/>
  <testcase name="checkClickOnClearToClearValuesInExchangeRateOptionInCurrencyMaster" time="6.799" classname="com.focus.testcases.SmokeCurrencyTest"/>
  <testcase name="checkClickOnExchangeRateFromCurrecnyMenu" time="9.098" classname="com.focus.testcases.SmokeCurrencyTest"/>
  <testcase name="checkClickOnClearToClearValuesInExchangeRate" time="6.913" classname="com.focus.testcases.SmokeCurrencyTest"/>
  <testcase name="checkSavedCurrencyValuesAfterDeleteAndInput" time="29.928" classname="com.focus.testcases.SmokeCurrencyTest"/>
  <testcase name="checkClickOnExchangeRateOptionInCurrencyMaster" time="9.981" classname="com.focus.testcases.SmokeCurrencyTest"/>
  <testcase name="checkClickOnExchangeRateHistoryMenuFromCurrency" time="12.646" classname="com.focus.testcases.SmokeCurrencyTest"/>
  <testcase name="checkCurrencyUpdateInformationInCurrencyMaster" time="21.032" classname="com.focus.testcases.SmokeCurrencyTest"/>
  <testcase name="checkClickOnImportDataInImportFromExcelPageOfExchangeRate" time="14.734" classname="com.focus.testcases.SmokeCurrencyTest"/>
  <testcase name="checkSelectColumnsMappingInImportScreenOfExchangeRate" time="6.353" classname="com.focus.testcases.SmokeCurrencyTest"/>
  <testcase name="checkCurrencyMenuUnderMastersMenuFromHomeMenu" time="4.311" classname="com.focus.testcases.SmokeCurrencyTest"/>
  <testcase name="checkExchangeRateHistoryClearButton" time="8.270" classname="com.focus.testcases.SmokeCurrencyTest"/>
  <testcase name="checkDeletedCurrencyValuesIsDisplayInExchangeRate" time="6.292" classname="com.focus.testcases.SmokeCurrencyTest"/>
  <testcase name="checkClickOnCurrencyMasterMenu" time="18.004" classname="com.focus.testcases.SmokeCurrencyTest"/>
  <testcase name="checkSaveExchangeRateBaseCurrencyUSD" time="24.567" classname="com.focus.testcases.SmokeCurrencyTest"/>
  <testcase name="checkSaveAEDExchangeRate" time="66.134" classname="com.focus.testcases.SmokeCurrencyTest">
    <failure type="java.lang.AssertionError" message="expected [true] but found [false]">
      <![CDATA[java.lang.AssertionError: expected [true] but found [false]
	at org.testng.Assert.fail(Assert.java:94)
	at org.testng.Assert.failNotEquals(Assert.java:513)
	at org.testng.Assert.assertEqualsImpl(Assert.java:135)
	at org.testng.Assert.assertEquals(Assert.java:116)
	at org.testng.Assert.assertEquals(Assert.java:305)
	at org.testng.Assert.assertEquals(Assert.java:315)
	at com.focus.testcases.SmokeCurrencyTest.checkSaveAEDExchangeRate(SmokeCurrencyTest.java:180)
	at sun.reflect.NativeMethodAccessorImpl.invoke0(Native Method)
	at sun.reflect.NativeMethodAccessorImpl.invoke(Unknown Source)
	at sun.reflect.DelegatingMethodAccessorImpl.invoke(Unknown Source)
	at java.lang.reflect.Method.invoke(Unknown Source)
	at org.testng.internal.MethodInvocationHelper.invokeMethod(MethodInvocationHelper.java:86)
	at org.testng.internal.Invoker.invokeMethod(Invoker.java:643)
	at org.testng.internal.Invoker.invokeTestMethod(Invoker.java:820)
	at org.testng.internal.Invoker.invokeTestMethods(Invoker.java:1128)
	at org.testng.internal.TestMethodWorker.invokeTestMethods(TestMethodWorker.java:129)
	at org.testng.internal.TestMethodWorker.run(TestMethodWorker.java:112)
	at org.testng.TestRunner.privateRun(TestRunner.java:782)
	at org.testng.TestRunner.run(TestRunner.java:632)
	at org.testng.SuiteRunner.runTest(SuiteRunner.java:366)
	at org.testng.SuiteRunner.runSequentially(SuiteRunner.java:361)
	at org.testng.SuiteRunner.privateRun(SuiteRunner.java:319)
	at org.testng.SuiteRunner.run(SuiteRunner.java:268)
	at org.testng.SuiteRunnerWorker.runSuite(SuiteRunnerWorker.java:52)
	at org.testng.SuiteRunnerWorker.run(SuiteRunnerWorker.java:86)
	at org.testng.TestNG.runSuitesSequentially(TestNG.java:1244)
	at org.testng.TestNG.runSuitesLocally(TestNG.java:1169)
	at org.testng.TestNG.run(TestNG.java:1064)
	at org.testng.remote.AbstractRemoteTestNG.run(AbstractRemoteTestNG.java:114)
	at org.testng.remote.RemoteTestNG.initAndRun(RemoteTestNG.java:251)
	at org.testng.remote.RemoteTestNG.main(RemoteTestNG.java:77)
]]>
    </failure>
  </testcase> <!-- checkSaveAEDExchangeRate -->
  <testcase name="checkValuesInSavedExchangeRate" time="21.694" classname="com.focus.testcases.SmokeCurrencyTest"/>
  <testcase name="checkImportedValuesSecondInExchangeRate" time="35.795" classname="com.focus.testcases.SmokeCurrencyTest"/>
  <testcase name="checkSaveExchangeRateOfCurrencyMaster" time="32.919" classname="com.focus.testcases.SmokeCurrencyTest"/>
  <testcase name="checkSignToCheckCurrencyMastersPage" time="21.265" classname="com.focus.testcases.SmokeCurrencyTest"/>
  <testcase name="checkSaveOptionInCurrencyMaster" time="26.150" classname="com.focus.testcases.SmokeCurrencyTest"/>
  <testcase name="checkValuesInUpdatedExchangeRateOptionInCurrencyMaster" time="35.604" classname="com.focus.testcases.SmokeCurrencyTest"/>
  <testcase name="checkLogoutInCurrencyMasterPage" time="6.838" classname="com.focus.testcases.SmokeCurrencyTest"/>
  <testcase name="checkCancelOptionInExchangeRate" time="5.209" classname="com.focus.testcases.SmokeCurrencyTest"/>
  <testcase name="checkCancelOptionInExchangeRateHistory" time="6.573" classname="com.focus.testcases.SmokeCurrencyTest"/>
  <testcase name="checkSelectSheetAndClickOnOkButtonInSelectSheetScreenOfExchangeRate" time="6.153" classname="com.focus.testcases.SmokeCurrencyTest"/>
  <testcase name="checkCancelOptionSaveExchangeRateInExchangeRateOptionInCurrencyMaster" time="9.113" classname="com.focus.testcases.SmokeCurrencyTest"/>
  <testcase name="checkUSDUpdatedWithRowDeleteValuesInSavedExchangeRate" time="15.239" classname="com.focus.testcases.SmokeCurrencyTest">
    <failure type="java.lang.AssertionError" message="expected [true] but found [false]">
      <![CDATA[java.lang.AssertionError: expected [true] but found [false]
	at org.testng.Assert.fail(Assert.java:94)
	at org.testng.Assert.failNotEquals(Assert.java:513)
	at org.testng.Assert.assertEqualsImpl(Assert.java:135)
	at org.testng.Assert.assertEquals(Assert.java:116)
	at org.testng.Assert.assertEquals(Assert.java:305)
	at org.testng.Assert.assertEquals(Assert.java:315)
	at com.focus.testcases.SmokeCurrencyTest.checkUSDUpdatedWithRowDeleteValuesInSavedExchangeRate(SmokeCurrencyTest.java:156)
	at sun.reflect.NativeMethodAccessorImpl.invoke0(Native Method)
	at sun.reflect.NativeMethodAccessorImpl.invoke(Unknown Source)
	at sun.reflect.DelegatingMethodAccessorImpl.invoke(Unknown Source)
	at java.lang.reflect.Method.invoke(Unknown Source)
	at org.testng.internal.MethodInvocationHelper.invokeMethod(MethodInvocationHelper.java:86)
	at org.testng.internal.Invoker.invokeMethod(Invoker.java:643)
	at org.testng.internal.Invoker.invokeTestMethod(Invoker.java:820)
	at org.testng.internal.Invoker.invokeTestMethods(Invoker.java:1128)
	at org.testng.internal.TestMethodWorker.invokeTestMethods(TestMethodWorker.java:129)
	at org.testng.internal.TestMethodWorker.run(TestMethodWorker.java:112)
	at org.testng.TestRunner.privateRun(TestRunner.java:782)
	at org.testng.TestRunner.run(TestRunner.java:632)
	at org.testng.SuiteRunner.runTest(SuiteRunner.java:366)
	at org.testng.SuiteRunner.runSequentially(SuiteRunner.java:361)
	at org.testng.SuiteRunner.privateRun(SuiteRunner.java:319)
	at org.testng.SuiteRunner.run(SuiteRunner.java:268)
	at org.testng.SuiteRunnerWorker.runSuite(SuiteRunnerWorker.java:52)
	at org.testng.SuiteRunnerWorker.run(SuiteRunnerWorker.java:86)
	at org.testng.TestNG.runSuitesSequentially(TestNG.java:1244)
	at org.testng.TestNG.runSuitesLocally(TestNG.java:1169)
	at org.testng.TestNG.run(TestNG.java:1064)
	at org.testng.remote.AbstractRemoteTestNG.run(AbstractRemoteTestNG.java:114)
	at org.testng.remote.RemoteTestNG.initAndRun(RemoteTestNG.java:251)
	at org.testng.remote.RemoteTestNG.main(RemoteTestNG.java:77)
]]>
    </failure>
  </testcase> <!-- checkUSDUpdatedWithRowDeleteValuesInSavedExchangeRate -->
  <testcase name="checkDeleteOptionWithYesInExchangeRate" time="82.503" classname="com.focus.testcases.SmokeCurrencyTest">
    <failure type="java.lang.AssertionError" message="expected [true] but found [false]">
      <![CDATA[java.lang.AssertionError: expected [true] but found [false]
	at org.testng.Assert.fail(Assert.java:94)
	at org.testng.Assert.failNotEquals(Assert.java:513)
	at org.testng.Assert.assertEqualsImpl(Assert.java:135)
	at org.testng.Assert.assertEquals(Assert.java:116)
	at org.testng.Assert.assertEquals(Assert.java:305)
	at org.testng.Assert.assertEquals(Assert.java:315)
	at com.focus.testcases.SmokeCurrencyTest.checkDeleteOptionWithYesInExchangeRate(SmokeCurrencyTest.java:163)
	at sun.reflect.NativeMethodAccessorImpl.invoke0(Native Method)
	at sun.reflect.NativeMethodAccessorImpl.invoke(Unknown Source)
	at sun.reflect.DelegatingMethodAccessorImpl.invoke(Unknown Source)
	at java.lang.reflect.Method.invoke(Unknown Source)
	at org.testng.internal.MethodInvocationHelper.invokeMethod(MethodInvocationHelper.java:86)
	at org.testng.internal.Invoker.invokeMethod(Invoker.java:643)
	at org.testng.internal.Invoker.invokeTestMethod(Invoker.java:820)
	at org.testng.internal.Invoker.invokeTestMethods(Invoker.java:1128)
	at org.testng.internal.TestMethodWorker.invokeTestMethods(TestMethodWorker.java:129)
	at org.testng.internal.TestMethodWorker.run(TestMethodWorker.java:112)
	at org.testng.TestRunner.privateRun(TestRunner.java:782)
	at org.testng.TestRunner.run(TestRunner.java:632)
	at org.testng.SuiteRunner.runTest(SuiteRunner.java:366)
	at org.testng.SuiteRunner.runSequentially(SuiteRunner.java:361)
	at org.testng.SuiteRunner.privateRun(SuiteRunner.java:319)
	at org.testng.SuiteRunner.run(SuiteRunner.java:268)
	at org.testng.SuiteRunnerWorker.runSuite(SuiteRunnerWorker.java:52)
	at org.testng.SuiteRunnerWorker.run(SuiteRunnerWorker.java:86)
	at org.testng.TestNG.runSuitesSequentially(TestNG.java:1244)
	at org.testng.TestNG.runSuitesLocally(TestNG.java:1169)
	at org.testng.TestNG.run(TestNG.java:1064)
	at org.testng.remote.AbstractRemoteTestNG.run(AbstractRemoteTestNG.java:114)
	at org.testng.remote.RemoteTestNG.initAndRun(RemoteTestNG.java:251)
	at org.testng.remote.RemoteTestNG.main(RemoteTestNG.java:77)
]]>
    </failure>
  </testcase> <!-- checkDeleteOptionWithYesInExchangeRate -->
  <testcase name="checkValuesInSavedExchangeRateOptionInCurrencyMaster" time="23.382" classname="com.focus.testcases.SmokeCurrencyTest"/>
  <testcase name="checkClickOnCancelButtonInCurrencyMaster" time="8.800" classname="com.focus.testcases.SmokeCurrencyTest"/>
  <testcase name="checkImportedValuesFirstInExchangeRate" time="37.014" classname="com.focus.testcases.SmokeCurrencyTest"/>
  <testcase name="checkExchangeRateHistorySelectAED" time="27.541" classname="com.focus.testcases.SmokeCurrencyTest"/>
  <testcase name="checkDeleteRowInUSDExchangeRate" time="84.918" classname="com.focus.testcases.SmokeCurrencyTest">
    <failure type="java.lang.AssertionError" message="expected [true] but found [false]">
      <![CDATA[java.lang.AssertionError: expected [true] but found [false]
	at org.testng.Assert.fail(Assert.java:94)
	at org.testng.Assert.failNotEquals(Assert.java:513)
	at org.testng.Assert.assertEqualsImpl(Assert.java:135)
	at org.testng.Assert.assertEquals(Assert.java:116)
	at org.testng.Assert.assertEquals(Assert.java:305)
	at org.testng.Assert.assertEquals(Assert.java:315)
	at com.focus.testcases.SmokeCurrencyTest.checkDeleteRowInUSDExchangeRate(SmokeCurrencyTest.java:148)
	at sun.reflect.NativeMethodAccessorImpl.invoke0(Native Method)
	at sun.reflect.NativeMethodAccessorImpl.invoke(Unknown Source)
	at sun.reflect.DelegatingMethodAccessorImpl.invoke(Unknown Source)
	at java.lang.reflect.Method.invoke(Unknown Source)
	at org.testng.internal.MethodInvocationHelper.invokeMethod(MethodInvocationHelper.java:86)
	at org.testng.internal.Invoker.invokeMethod(Invoker.java:643)
	at org.testng.internal.Invoker.invokeTestMethod(Invoker.java:820)
	at org.testng.internal.Invoker.invokeTestMethods(Invoker.java:1128)
	at org.testng.internal.TestMethodWorker.invokeTestMethods(TestMethodWorker.java:129)
	at org.testng.internal.TestMethodWorker.run(TestMethodWorker.java:112)
	at org.testng.TestRunner.privateRun(TestRunner.java:782)
	at org.testng.TestRunner.run(TestRunner.java:632)
	at org.testng.SuiteRunner.runTest(SuiteRunner.java:366)
	at org.testng.SuiteRunner.runSequentially(SuiteRunner.java:361)
	at org.testng.SuiteRunner.privateRun(SuiteRunner.java:319)
	at org.testng.SuiteRunner.run(SuiteRunner.java:268)
	at org.testng.SuiteRunnerWorker.runSuite(SuiteRunnerWorker.java:52)
	at org.testng.SuiteRunnerWorker.run(SuiteRunnerWorker.java:86)
	at org.testng.TestNG.runSuitesSequentially(TestNG.java:1244)
	at org.testng.TestNG.runSuitesLocally(TestNG.java:1169)
	at org.testng.TestNG.run(TestNG.java:1064)
	at org.testng.remote.AbstractRemoteTestNG.run(AbstractRemoteTestNG.java:114)
	at org.testng.remote.RemoteTestNG.initAndRun(RemoteTestNG.java:251)
	at org.testng.remote.RemoteTestNG.main(RemoteTestNG.java:77)
]]>
    </failure>
  </testcase> <!-- checkDeleteRowInUSDExchangeRate -->
  <testcase name="checkClickOnImportFromExcelToDisplayImportScreenInExchangeRate" time="5.859" classname="com.focus.testcases.SmokeCurrencyTest"/>
</testsuite> <!-- com.focus.testcases.SmokeCurrencyTest -->
