<?xml version="1.0" encoding="UTF-8"?>
<!-- Generated by org.testng.reporters.JUnitReportReporter -->
<testsuite hostname="FOCUS-QA-21" name="com.focus.testcases.SmokeVouchersStocksAndReturnsTest" tests="155" failures="14" timestamp="10 Feb 2021 11:12:44 GMT" time="3639.286" errors="2">
  <testcase name="checkPurchasesReturnsVoucherEntryPageDeleteOption" time="9.461" classname="com.focus.testcases.SmokeVouchersStocksAndReturnsTest"/>
  <testcase name="checkSavingSalesOrderVoucherWithReservationWithFIFOCOGSITEM" time="53.845" classname="com.focus.testcases.SmokeVouchersStocksAndReturnsTest"/>
  <testcase name="checkStockTransferVoucherEntryPageInfoSideBarCustomizeBtn" time="5.390" classname="com.focus.testcases.SmokeVouchersStocksAndReturnsTest"/>
  <testcase name="checkStockTransferVoucherDateLessThanAccountingDate" time="11.647" classname="com.focus.testcases.SmokeVouchersStocksAndReturnsTest"/>
  <testcase name="checkSalesReturnsVoucherInfoPanelDashlet" time="6.421" classname="com.focus.testcases.SmokeVouchersStocksAndReturnsTest"/>
  <testcase name="checkPurchasesReturnsSavedVoucherWithAllItemsOnPreviousOption" time="18.393" classname="com.focus.testcases.SmokeVouchersStocksAndReturnsTest"/>
  <testcase name="checkChangingQtyOfStockItemGreaterThanAvailableQty" time="8.953" classname="com.focus.testcases.SmokeVouchersStocksAndReturnsTest"/>
  <testcase name="checkSavingVoucherWithAllItemsInStockTransfer" time="89.247" classname="com.focus.testcases.SmokeVouchersStocksAndReturnsTest">
    <failure type="java.lang.AssertionError" message="expected [true] but found [false]">
      <![CDATA[java.lang.AssertionError: expected [true] but found [false]
	at org.testng.Assert.fail(Assert.java:94)
	at org.testng.Assert.failNotEquals(Assert.java:513)
	at org.testng.Assert.assertEqualsImpl(Assert.java:135)
	at org.testng.Assert.assertEquals(Assert.java:116)
	at org.testng.Assert.assertEquals(Assert.java:305)
	at org.testng.Assert.assertEquals(Assert.java:315)
	at com.focus.testcases.SmokeVouchersStocksAndReturnsTest.checkSavingVoucherWithAllItemsInStockTransfer(SmokeVouchersStocksAndReturnsTest.java:366)
	at sun.reflect.NativeMethodAccessorImpl.invoke0(Native Method)
	at sun.reflect.NativeMethodAccessorImpl.invoke(Unknown Source)
	at sun.reflect.DelegatingMethodAccessorImpl.invoke(Unknown Source)
	at java.lang.reflect.Method.invoke(Unknown Source)
	at org.testng.internal.MethodInvocationHelper.invokeMethod(MethodInvocationHelper.java:86)
	at org.testng.internal.Invoker.invokeMethod(Invoker.java:643)
	at org.testng.internal.Invoker.invokeTestMethod(Invoker.java:820)
	at org.testng.internal.Invoker.invokeTestMethods(Invoker.java:1128)
	at org.testng.internal.TestMethodWorker.invokeTestMethods(TestMethodWorker.java:129)
	at org.testng.internal.TestMethodWorker.run(TestMethodWorker.java:112)
	at org.testng.TestRunner.privateRun(TestRunner.java:782)
	at org.testng.TestRunner.run(TestRunner.java:632)
	at org.testng.SuiteRunner.runTest(SuiteRunner.java:366)
	at org.testng.SuiteRunner.runSequentially(SuiteRunner.java:361)
	at org.testng.SuiteRunner.privateRun(SuiteRunner.java:319)
	at org.testng.SuiteRunner.run(SuiteRunner.java:268)
	at org.testng.SuiteRunnerWorker.runSuite(SuiteRunnerWorker.java:52)
	at org.testng.SuiteRunnerWorker.run(SuiteRunnerWorker.java:86)
	at org.testng.TestNG.runSuitesSequentially(TestNG.java:1244)
	at org.testng.TestNG.runSuitesLocally(TestNG.java:1169)
	at org.testng.TestNG.run(TestNG.java:1064)
	at org.testng.remote.AbstractRemoteTestNG.run(AbstractRemoteTestNG.java:114)
	at org.testng.remote.RemoteTestNG.initAndRun(RemoteTestNG.java:251)
	at org.testng.remote.RemoteTestNG.main(RemoteTestNG.java:77)
]]>
    </failure>
  </testcase> <!-- checkSavingVoucherWithAllItemsInStockTransfer -->
  <testcase name="checkStockTransferVoucherEntryPageInfoSideBarOtherDashletsOption" time="5.320" classname="com.focus.testcases.SmokeVouchersStocksAndReturnsTest"/>
  <testcase name="checkFIFoCogsItemAfterTotalConsumed" time="55.634" classname="com.focus.testcases.SmokeVouchersStocksAndReturnsTest"/>
  <testcase name="checkSuspendStatusInEntryPageAndHomePageOnPreviousOptionPurchasesReturns" time="8.971" classname="com.focus.testcases.SmokeVouchersStocksAndReturnsTest"/>
  <testcase name="checkSavedStockTransferVoucherOnPreviousOption" time="26.543" classname="com.focus.testcases.SmokeVouchersStocksAndReturnsTest"/>
  <testcase name="checkSalesReturnsEntryPageFooterFields" time="5.216" classname="com.focus.testcases.SmokeVouchersStocksAndReturnsTest"/>
  <testcase name="checkSalesReturnsSavedVoucherThroughCopyAndPasteFromClipBoardWithAllItemsOnPreviousOption" time="23.233" classname="com.focus.testcases.SmokeVouchersStocksAndReturnsTest"/>
  <testcase name="checkSalesReturnsEntryBatchItemInFirstRow" time="23.825" classname="com.focus.testcases.SmokeVouchersStocksAndReturnsTest"/>
  <testcase name="checkStockTransferNewEntryPageBodyFields" time="8.386" classname="com.focus.testcases.SmokeVouchersStocksAndReturnsTest"/>
  <testcase name="checkPurchasesReturnsVoucherInfoPanelDashlet" time="6.087" classname="com.focus.testcases.SmokeVouchersStocksAndReturnsTest"/>
  <testcase name="checkPurchasesReturnsEntryBatchItemInFirstRow" time="31.704" classname="com.focus.testcases.SmokeVouchersStocksAndReturnsTest"/>
  <testcase name="checkUpdatedSalesReturnVoucherOnPreviousOption" time="20.751" classname="com.focus.testcases.SmokeVouchersStocksAndReturnsTest"/>
  <testcase name="checkStockTransferEntryPageHeaderFields" time="5.110" classname="com.focus.testcases.SmokeVouchersStocksAndReturnsTest"/>
  <testcase name="checkPurchasesReturnsVoucherEntryPageInfoSideBarWorkFlowOption" time="4.656" classname="com.focus.testcases.SmokeVouchersStocksAndReturnsTest"/>
  <testcase name="checkSalesReturnsEntryRmaItemInThirdRow" time="31.570" classname="com.focus.testcases.SmokeVouchersStocksAndReturnsTest"/>
  <testcase name="checkLoginToStockTransferAndReturns" time="17.618" classname="com.focus.testcases.SmokeVouchersStocksAndReturnsTest"/>
  <testcase name="checkSalesReturnsEntryPageBodyFields" time="4.836" classname="com.focus.testcases.SmokeVouchersStocksAndReturnsTest"/>
  <testcase name="checkFIFoCogsItemWithBinInwardPopUpinStocktransfer" time="32.965" classname="com.focus.testcases.SmokeVouchersStocksAndReturnsTest">
    <failure type="java.lang.AssertionError" message="expected [true] but found [false]">
      <![CDATA[java.lang.AssertionError: expected [true] but found [false]
	at org.testng.Assert.fail(Assert.java:94)
	at org.testng.Assert.failNotEquals(Assert.java:513)
	at org.testng.Assert.assertEqualsImpl(Assert.java:135)
	at org.testng.Assert.assertEquals(Assert.java:116)
	at org.testng.Assert.assertEquals(Assert.java:305)
	at org.testng.Assert.assertEquals(Assert.java:315)
	at com.focus.testcases.SmokeVouchersStocksAndReturnsTest.checkFIFoCogsItemWithBinInwardPopUpinStocktransfer(SmokeVouchersStocksAndReturnsTest.java:325)
	at sun.reflect.NativeMethodAccessorImpl.invoke0(Native Method)
	at sun.reflect.NativeMethodAccessorImpl.invoke(Unknown Source)
	at sun.reflect.DelegatingMethodAccessorImpl.invoke(Unknown Source)
	at java.lang.reflect.Method.invoke(Unknown Source)
	at org.testng.internal.MethodInvocationHelper.invokeMethod(MethodInvocationHelper.java:86)
	at org.testng.internal.Invoker.invokeMethod(Invoker.java:643)
	at org.testng.internal.Invoker.invokeTestMethod(Invoker.java:820)
	at org.testng.internal.Invoker.invokeTestMethods(Invoker.java:1128)
	at org.testng.internal.TestMethodWorker.invokeTestMethods(TestMethodWorker.java:129)
	at org.testng.internal.TestMethodWorker.run(TestMethodWorker.java:112)
	at org.testng.TestRunner.privateRun(TestRunner.java:782)
	at org.testng.TestRunner.run(TestRunner.java:632)
	at org.testng.SuiteRunner.runTest(SuiteRunner.java:366)
	at org.testng.SuiteRunner.runSequentially(SuiteRunner.java:361)
	at org.testng.SuiteRunner.privateRun(SuiteRunner.java:319)
	at org.testng.SuiteRunner.run(SuiteRunner.java:268)
	at org.testng.SuiteRunnerWorker.runSuite(SuiteRunnerWorker.java:52)
	at org.testng.SuiteRunnerWorker.run(SuiteRunnerWorker.java:86)
	at org.testng.TestNG.runSuitesSequentially(TestNG.java:1244)
	at org.testng.TestNG.runSuitesLocally(TestNG.java:1169)
	at org.testng.TestNG.run(TestNG.java:1064)
	at org.testng.remote.AbstractRemoteTestNG.run(AbstractRemoteTestNG.java:114)
	at org.testng.remote.RemoteTestNG.initAndRun(RemoteTestNG.java:251)
	at org.testng.remote.RemoteTestNG.main(RemoteTestNG.java:77)
]]>
    </failure>
  </testcase> <!-- checkFIFoCogsItemWithBinInwardPopUpinStocktransfer -->
  <testcase name="checkSavingStockTransferVoucherAfterCopyDocument" time="64.651" classname="com.focus.testcases.SmokeVouchersStocksAndReturnsTest"/>
  <testcase name="checkSavingStockTransferWithStockItemWithDecreasingQty" time="91.468" classname="com.focus.testcases.SmokeVouchersStocksAndReturnsTest">
    <failure type="java.lang.AssertionError" message="expected [true] but found [false]">
      <![CDATA[java.lang.AssertionError: expected [true] but found [false]
	at org.testng.Assert.fail(Assert.java:94)
	at org.testng.Assert.failNotEquals(Assert.java:513)
	at org.testng.Assert.assertEqualsImpl(Assert.java:135)
	at org.testng.Assert.assertEquals(Assert.java:116)
	at org.testng.Assert.assertEquals(Assert.java:305)
	at org.testng.Assert.assertEquals(Assert.java:315)
	at com.focus.testcases.SmokeVouchersStocksAndReturnsTest.checkSavingStockTransferWithStockItemWithDecreasingQty(SmokeVouchersStocksAndReturnsTest.java:246)
	at sun.reflect.NativeMethodAccessorImpl.invoke0(Native Method)
	at sun.reflect.NativeMethodAccessorImpl.invoke(Unknown Source)
	at sun.reflect.DelegatingMethodAccessorImpl.invoke(Unknown Source)
	at java.lang.reflect.Method.invoke(Unknown Source)
	at org.testng.internal.MethodInvocationHelper.invokeMethod(MethodInvocationHelper.java:86)
	at org.testng.internal.Invoker.invokeMethod(Invoker.java:643)
	at org.testng.internal.Invoker.invokeTestMethod(Invoker.java:820)
	at org.testng.internal.Invoker.invokeTestMethods(Invoker.java:1128)
	at org.testng.internal.TestMethodWorker.invokeTestMethods(TestMethodWorker.java:129)
	at org.testng.internal.TestMethodWorker.run(TestMethodWorker.java:112)
	at org.testng.TestRunner.privateRun(TestRunner.java:782)
	at org.testng.TestRunner.run(TestRunner.java:632)
	at org.testng.SuiteRunner.runTest(SuiteRunner.java:366)
	at org.testng.SuiteRunner.runSequentially(SuiteRunner.java:361)
	at org.testng.SuiteRunner.privateRun(SuiteRunner.java:319)
	at org.testng.SuiteRunner.run(SuiteRunner.java:268)
	at org.testng.SuiteRunnerWorker.runSuite(SuiteRunnerWorker.java:52)
	at org.testng.SuiteRunnerWorker.run(SuiteRunnerWorker.java:86)
	at org.testng.TestNG.runSuitesSequentially(TestNG.java:1244)
	at org.testng.TestNG.runSuitesLocally(TestNG.java:1169)
	at org.testng.TestNG.run(TestNG.java:1064)
	at org.testng.remote.AbstractRemoteTestNG.run(AbstractRemoteTestNG.java:114)
	at org.testng.remote.RemoteTestNG.initAndRun(RemoteTestNG.java:251)
	at org.testng.remote.RemoteTestNG.main(RemoteTestNG.java:77)
]]>
    </failure>
  </testcase> <!-- checkSavingStockTransferWithStockItemWithDecreasingQty -->
  <testcase name="checkSalesReturnsEntryStockItemInFourthRow" time="25.065" classname="com.focus.testcases.SmokeVouchersStocksAndReturnsTest"/>
  <testcase name="checkStockTransferVoucherEntryPageInfoSideBarWorkFlowOption" time="4.932" classname="com.focus.testcases.SmokeVouchersStocksAndReturnsTest"/>
  <testcase name="checkSavingSalesOrderWithAllItems" time="7.892" classname="com.focus.testcases.SmokeVouchersStocksAndReturnsTest"/>
  <testcase name="checkPurchasesReturnsEntryStockItemInFourthRow" time="24.899" classname="com.focus.testcases.SmokeVouchersStocksAndReturnsTest"/>
  <testcase name="checkEntryPageSuspendOptionInPurchasesReturnsVoucher" time="8.275" classname="com.focus.testcases.SmokeVouchersStocksAndReturnsTest"/>
  <testcase name="checkStockTransferIssueReceiptDropdownHeaderFields" time="5.099" classname="com.focus.testcases.SmokeVouchersStocksAndReturnsTest"/>
  <testcase name="checkSalesReturnsSaveWithoutMandatoryFields" time="7.093" classname="com.focus.testcases.SmokeVouchersStocksAndReturnsTest"/>
  <testcase name="checkSalesReturnsVoucherEntryPageInfoSideBarWorkFlowOption" time="5.016" classname="com.focus.testcases.SmokeVouchersStocksAndReturnsTest"/>
  <testcase name="checkWACogsItemInStocktransfer" time="20.006" classname="com.focus.testcases.SmokeVouchersStocksAndReturnsTest"/>
  <testcase name="checkPurchasesReturnsVoucherSaveInfoPanelDashlet" time="87.752" classname="com.focus.testcases.SmokeVouchersStocksAndReturnsTest">
    <failure type="java.lang.AssertionError" message="expected [true] but found [false]">
      <![CDATA[java.lang.AssertionError: expected [true] but found [false]
	at org.testng.Assert.fail(Assert.java:94)
	at org.testng.Assert.failNotEquals(Assert.java:513)
	at org.testng.Assert.assertEqualsImpl(Assert.java:135)
	at org.testng.Assert.assertEquals(Assert.java:116)
	at org.testng.Assert.assertEquals(Assert.java:305)
	at org.testng.Assert.assertEquals(Assert.java:315)
	at com.focus.testcases.SmokeVouchersStocksAndReturnsTest.checkPurchasesReturnsVoucherSaveInfoPanelDashlet(SmokeVouchersStocksAndReturnsTest.java:1124)
	at sun.reflect.NativeMethodAccessorImpl.invoke0(Native Method)
	at sun.reflect.NativeMethodAccessorImpl.invoke(Unknown Source)
	at sun.reflect.DelegatingMethodAccessorImpl.invoke(Unknown Source)
	at java.lang.reflect.Method.invoke(Unknown Source)
	at org.testng.internal.MethodInvocationHelper.invokeMethod(MethodInvocationHelper.java:86)
	at org.testng.internal.Invoker.invokeMethod(Invoker.java:643)
	at org.testng.internal.Invoker.invokeTestMethod(Invoker.java:820)
	at org.testng.internal.Invoker.invokeTestMethods(Invoker.java:1128)
	at org.testng.internal.TestMethodWorker.invokeTestMethods(TestMethodWorker.java:129)
	at org.testng.internal.TestMethodWorker.run(TestMethodWorker.java:112)
	at org.testng.TestRunner.privateRun(TestRunner.java:782)
	at org.testng.TestRunner.run(TestRunner.java:632)
	at org.testng.SuiteRunner.runTest(SuiteRunner.java:366)
	at org.testng.SuiteRunner.runSequentially(SuiteRunner.java:361)
	at org.testng.SuiteRunner.privateRun(SuiteRunner.java:319)
	at org.testng.SuiteRunner.run(SuiteRunner.java:268)
	at org.testng.SuiteRunnerWorker.runSuite(SuiteRunnerWorker.java:52)
	at org.testng.SuiteRunnerWorker.run(SuiteRunnerWorker.java:86)
	at org.testng.TestNG.runSuitesSequentially(TestNG.java:1244)
	at org.testng.TestNG.runSuitesLocally(TestNG.java:1169)
	at org.testng.TestNG.run(TestNG.java:1064)
	at org.testng.remote.AbstractRemoteTestNG.run(AbstractRemoteTestNG.java:114)
	at org.testng.remote.RemoteTestNG.initAndRun(RemoteTestNG.java:251)
	at org.testng.remote.RemoteTestNG.main(RemoteTestNG.java:77)
]]>
    </failure>
  </testcase> <!-- checkPurchasesReturnsVoucherSaveInfoPanelDashlet -->
  <testcase name="checkSalesReturnsVoucherOkButtonInAlertOnDelete" time="11.827" classname="com.focus.testcases.SmokeVouchersStocksAndReturnsTest"/>
  <testcase name="checkSavingSuspendStockTransferVoucher" time="14.925" classname="com.focus.testcases.SmokeVouchersStocksAndReturnsTest"/>
  <testcase name="checkEntryPageSuspendOptionInSalesReturnsVoucher" time="8.754" classname="com.focus.testcases.SmokeVouchersStocksAndReturnsTest"/>
  <testcase name="checkSavingSuspendedVoucherInSalesOrder" time="14.345" classname="com.focus.testcases.SmokeVouchersStocksAndReturnsTest"/>
  <testcase name="checkReleasingItemInSAlesInvoiceVatThoughSalesOrder" time="45.644" classname="com.focus.testcases.SmokeVouchersStocksAndReturnsTest"/>
  <testcase name="checkSalesReturnsVoucherEntryPageInfoSideBar" time="4.562" classname="com.focus.testcases.SmokeVouchersStocksAndReturnsTest"/>
  <testcase name="checkStockTransferVoucherEntryPageInfoSideBarSearch" time="5.056" classname="com.focus.testcases.SmokeVouchersStocksAndReturnsTest"/>
  <testcase name="checkStockItemInSTWHAfterConsumingInPreviousRowAndFullConsumeInSecondRow" time="33.374" classname="com.focus.testcases.SmokeVouchersStocksAndReturnsTest"/>
  <testcase name="checkSavingPurchasesReturnsWithAllItemsThroughCopyDocument" time="12.231" classname="com.focus.testcases.SmokeVouchersStocksAndReturnsTest"/>
  <testcase name="checkStockTransferHomePage" time="17.646" classname="com.focus.testcases.SmokeVouchersStocksAndReturnsTest"/>
  <testcase name="checkSalesReturnsSaveWithCustomerInput" time="7.035" classname="com.focus.testcases.SmokeVouchersStocksAndReturnsTest"/>
  <testcase name="checkLoadingVoucherInformationFromCopyDocumentOnClickOnOkInPurchasesReturns" time="59.988" classname="com.focus.testcases.SmokeVouchersStocksAndReturnsTest">
    <failure type="java.lang.AssertionError" message="expected [true] but found [false]">
      <![CDATA[java.lang.AssertionError: expected [true] but found [false]
	at org.testng.Assert.fail(Assert.java:94)
	at org.testng.Assert.failNotEquals(Assert.java:513)
	at org.testng.Assert.assertEqualsImpl(Assert.java:135)
	at org.testng.Assert.assertEquals(Assert.java:116)
	at org.testng.Assert.assertEquals(Assert.java:305)
	at org.testng.Assert.assertEquals(Assert.java:315)
	at com.focus.testcases.SmokeVouchersStocksAndReturnsTest.checkLoadingVoucherInformationFromCopyDocumentOnClickOnOkInPurchasesReturns(SmokeVouchersStocksAndReturnsTest.java:1269)
	at sun.reflect.NativeMethodAccessorImpl.invoke0(Native Method)
	at sun.reflect.NativeMethodAccessorImpl.invoke(Unknown Source)
	at sun.reflect.DelegatingMethodAccessorImpl.invoke(Unknown Source)
	at java.lang.reflect.Method.invoke(Unknown Source)
	at org.testng.internal.MethodInvocationHelper.invokeMethod(MethodInvocationHelper.java:86)
	at org.testng.internal.Invoker.invokeMethod(Invoker.java:643)
	at org.testng.internal.Invoker.invokeTestMethod(Invoker.java:820)
	at org.testng.internal.Invoker.invokeTestMethods(Invoker.java:1128)
	at org.testng.internal.TestMethodWorker.invokeTestMethods(TestMethodWorker.java:129)
	at org.testng.internal.TestMethodWorker.run(TestMethodWorker.java:112)
	at org.testng.TestRunner.privateRun(TestRunner.java:782)
	at org.testng.TestRunner.run(TestRunner.java:632)
	at org.testng.SuiteRunner.runTest(SuiteRunner.java:366)
	at org.testng.SuiteRunner.runSequentially(SuiteRunner.java:361)
	at org.testng.SuiteRunner.privateRun(SuiteRunner.java:319)
	at org.testng.SuiteRunner.run(SuiteRunner.java:268)
	at org.testng.SuiteRunnerWorker.runSuite(SuiteRunnerWorker.java:52)
	at org.testng.SuiteRunnerWorker.run(SuiteRunnerWorker.java:86)
	at org.testng.TestNG.runSuitesSequentially(TestNG.java:1244)
	at org.testng.TestNG.runSuitesLocally(TestNG.java:1169)
	at org.testng.TestNG.run(TestNG.java:1064)
	at org.testng.remote.AbstractRemoteTestNG.run(AbstractRemoteTestNG.java:114)
	at org.testng.remote.RemoteTestNG.initAndRun(RemoteTestNG.java:251)
	at org.testng.remote.RemoteTestNG.main(RemoteTestNG.java:77)
]]>
    </failure>
  </testcase> <!-- checkLoadingVoucherInformationFromCopyDocumentOnClickOnOkInPurchasesReturns -->
  <testcase name="checkSalesReturnsVoucherSaveInfoPanelDashlet" time="7.369" classname="com.focus.testcases.SmokeVouchersStocksAndReturnsTest"/>
  <testcase name="checkSalesReturnsVoucher" time="25.794" classname="com.focus.testcases.SmokeVouchersStocksAndReturnsTest"/>
  <testcase name="checkLoadingVoucherInformationFromCopyDocumentOnClickOnOkInSalesReturns" time="41.424" classname="com.focus.testcases.SmokeVouchersStocksAndReturnsTest">
    <failure type="java.lang.AssertionError" message="expected [true] but found [false]">
      <![CDATA[java.lang.AssertionError: expected [true] but found [false]
	at org.testng.Assert.fail(Assert.java:94)
	at org.testng.Assert.failNotEquals(Assert.java:513)
	at org.testng.Assert.assertEqualsImpl(Assert.java:135)
	at org.testng.Assert.assertEquals(Assert.java:116)
	at org.testng.Assert.assertEquals(Assert.java:305)
	at org.testng.Assert.assertEquals(Assert.java:315)
	at com.focus.testcases.SmokeVouchersStocksAndReturnsTest.checkLoadingVoucherInformationFromCopyDocumentOnClickOnOkInSalesReturns(SmokeVouchersStocksAndReturnsTest.java:832)
	at sun.reflect.NativeMethodAccessorImpl.invoke0(Native Method)
	at sun.reflect.NativeMethodAccessorImpl.invoke(Unknown Source)
	at sun.reflect.DelegatingMethodAccessorImpl.invoke(Unknown Source)
	at java.lang.reflect.Method.invoke(Unknown Source)
	at org.testng.internal.MethodInvocationHelper.invokeMethod(MethodInvocationHelper.java:86)
	at org.testng.internal.Invoker.invokeMethod(Invoker.java:643)
	at org.testng.internal.Invoker.invokeTestMethod(Invoker.java:820)
	at org.testng.internal.Invoker.invokeTestMethods(Invoker.java:1128)
	at org.testng.internal.TestMethodWorker.invokeTestMethods(TestMethodWorker.java:129)
	at org.testng.internal.TestMethodWorker.run(TestMethodWorker.java:112)
	at org.testng.TestRunner.privateRun(TestRunner.java:782)
	at org.testng.TestRunner.run(TestRunner.java:632)
	at org.testng.SuiteRunner.runTest(SuiteRunner.java:366)
	at org.testng.SuiteRunner.runSequentially(SuiteRunner.java:361)
	at org.testng.SuiteRunner.privateRun(SuiteRunner.java:319)
	at org.testng.SuiteRunner.run(SuiteRunner.java:268)
	at org.testng.SuiteRunnerWorker.runSuite(SuiteRunnerWorker.java:52)
	at org.testng.SuiteRunnerWorker.run(SuiteRunnerWorker.java:86)
	at org.testng.TestNG.runSuitesSequentially(TestNG.java:1244)
	at org.testng.TestNG.runSuitesLocally(TestNG.java:1169)
	at org.testng.TestNG.run(TestNG.java:1064)
	at org.testng.remote.AbstractRemoteTestNG.run(AbstractRemoteTestNG.java:114)
	at org.testng.remote.RemoteTestNG.initAndRun(RemoteTestNG.java:251)
	at org.testng.remote.RemoteTestNG.main(RemoteTestNG.java:77)
]]>
    </failure>
  </testcase> <!-- checkLoadingVoucherInformationFromCopyDocumentOnClickOnOkInSalesReturns -->
  <testcase name="checkWACogsItemAfterTotalConsumedInStocktransfer" time="24.027" classname="com.focus.testcases.SmokeVouchersStocksAndReturnsTest"/>
  <testcase name="checkLoadingVoucherInformationFromCopyDocumentOnClickOnOkInstockTransfer" time="53.436" classname="com.focus.testcases.SmokeVouchersStocksAndReturnsTest">
    <failure type="java.lang.AssertionError" message="expected [true] but found [false]">
      <![CDATA[java.lang.AssertionError: expected [true] but found [false]
	at org.testng.Assert.fail(Assert.java:94)
	at org.testng.Assert.failNotEquals(Assert.java:513)
	at org.testng.Assert.assertEqualsImpl(Assert.java:135)
	at org.testng.Assert.assertEquals(Assert.java:116)
	at org.testng.Assert.assertEquals(Assert.java:305)
	at org.testng.Assert.assertEquals(Assert.java:315)
	at com.focus.testcases.SmokeVouchersStocksAndReturnsTest.checkLoadingVoucherInformationFromCopyDocumentOnClickOnOkInstockTransfer(SmokeVouchersStocksAndReturnsTest.java:419)
	at sun.reflect.NativeMethodAccessorImpl.invoke0(Native Method)
	at sun.reflect.NativeMethodAccessorImpl.invoke(Unknown Source)
	at sun.reflect.DelegatingMethodAccessorImpl.invoke(Unknown Source)
	at java.lang.reflect.Method.invoke(Unknown Source)
	at org.testng.internal.MethodInvocationHelper.invokeMethod(MethodInvocationHelper.java:86)
	at org.testng.internal.Invoker.invokeMethod(Invoker.java:643)
	at org.testng.internal.Invoker.invokeTestMethod(Invoker.java:820)
	at org.testng.internal.Invoker.invokeTestMethods(Invoker.java:1128)
	at org.testng.internal.TestMethodWorker.invokeTestMethods(TestMethodWorker.java:129)
	at org.testng.internal.TestMethodWorker.run(TestMethodWorker.java:112)
	at org.testng.TestRunner.privateRun(TestRunner.java:782)
	at org.testng.TestRunner.run(TestRunner.java:632)
	at org.testng.SuiteRunner.runTest(SuiteRunner.java:366)
	at org.testng.SuiteRunner.runSequentially(SuiteRunner.java:361)
	at org.testng.SuiteRunner.privateRun(SuiteRunner.java:319)
	at org.testng.SuiteRunner.run(SuiteRunner.java:268)
	at org.testng.SuiteRunnerWorker.runSuite(SuiteRunnerWorker.java:52)
	at org.testng.SuiteRunnerWorker.run(SuiteRunnerWorker.java:86)
	at org.testng.TestNG.runSuitesSequentially(TestNG.java:1244)
	at org.testng.TestNG.runSuitesLocally(TestNG.java:1169)
	at org.testng.TestNG.run(TestNG.java:1064)
	at org.testng.remote.AbstractRemoteTestNG.run(AbstractRemoteTestNG.java:114)
	at org.testng.remote.RemoteTestNG.initAndRun(RemoteTestNG.java:251)
	at org.testng.remote.RemoteTestNG.main(RemoteTestNG.java:77)
]]>
    </failure>
  </testcase> <!-- checkLoadingVoucherInformationFromCopyDocumentOnClickOnOkInstockTransfer -->
  <testcase name="checkPurchasesReturnsVoucherBodyItemOptions" time="9.774" classname="com.focus.testcases.SmokeVouchersStocksAndReturnsTest"/>
  <testcase name="checkPurchasesReturnsEntryPageHeaderFields" time="8.344" classname="com.focus.testcases.SmokeVouchersStocksAndReturnsTest"/>
  <testcase name="checkSalesReturnsVoucherEntryPageInfoSideBarSearch" time="5.147" classname="com.focus.testcases.SmokeVouchersStocksAndReturnsTest"/>
  <testcase name="checkPurchasesReturnsVoucherEntryPageInfoSideBarReportOption" time="5.044" classname="com.focus.testcases.SmokeVouchersStocksAndReturnsTest"/>
  <testcase name="checkPurchasesReturnsVoucherEntryPageInfoSideBarOtherDashletsOption" time="4.695" classname="com.focus.testcases.SmokeVouchersStocksAndReturnsTest"/>
  <testcase name="checkSavingSalesOrderVoucherWithReservationWithWACOGSITEM" time="46.086" classname="com.focus.testcases.SmokeVouchersStocksAndReturnsTest">
    <error type="org.openqa.selenium.ElementClickInterceptedException" message="element click intercepted: Element &lt;td class=&quot;FGridColumn  &quot; onclick=&quot;FGRIDCONTROL.PRIVATE.onCellClick(this, event);&quot; ondblclick=&quot;FGRIDCONTROL.PRIVATE.onCellDblClick(this, event);&quot; onmouseenter=&quot;null&quot; onmouseleave=&quot;null&quot; style=&quot;border: 1px solid rgb(204, 204, 204); overflow-wrap: break-word; white-space: normal; min-width: 120px; max-width: 120px; text-align: left; padding: 0px;&quot;&gt;&lt;/td&gt; is not clickable at point (191, 512). Other element would receive the click: &lt;div class=&quot;popover-content&quot;&gt;...&lt;/div&gt;
  (Session info: chrome=88.0.4324.146)
Build info: version: &#039;3.12.0&#039;, revision: &#039;7c6e0b3&#039;, time: &#039;2018-05-08T14:04:26.12Z&#039;
System info: host: &#039;FOCUS-QA-21&#039;, ip: &#039;192.168.4.42&#039;, os.name: &#039;Windows 10&#039;, os.arch: &#039;amd64&#039;, os.version: &#039;10.0&#039;, java.version: &#039;1.8.0_111&#039;
Driver info: org.openqa.selenium.chrome.ChromeDriver
Capabilities {acceptInsecureCerts: false, browserName: chrome, browserVersion: 88.0.4324.146, chrome: {chromedriverVersion: 87.0.4280.20 (c99e81631faa0..., userDataDir: C:\Users\Admin\AppData\Loca...}, goog:chromeOptions: {debuggerAddress: localhost:52364}, javascriptEnabled: true, networkConnectionEnabled: false, pageLoadStrategy: normal, platform: WINDOWS, platformName: WINDOWS, proxy: Proxy(), setWindowRect: true, strictFileInteractability: false, timeouts: {implicit: 0, pageLoad: 300000, script: 30000}, unhandledPromptBehavior: dismiss and notify, webauthn:virtualAuthenticators: true}
Session ID: 21abec4cbf1c5ffdf29947ee1aa2eb92">
      <![CDATA[org.openqa.selenium.ElementClickInterceptedException: element click intercepted: Element <td class="FGridColumn  " onclick="FGRIDCONTROL.PRIVATE.onCellClick(this, event);" ondblclick="FGRIDCONTROL.PRIVATE.onCellDblClick(this, event);" onmouseenter="null" onmouseleave="null" style="border: 1px solid rgb(204, 204, 204); overflow-wrap: break-word; white-space: normal; min-width: 120px; max-width: 120px; text-align: left; padding: 0px;"></td> is not clickable at point (191, 512). Other element would receive the click: <div class="popover-content">...</div>
  (Session info: chrome=88.0.4324.146)
Build info: version: '3.12.0', revision: '7c6e0b3', time: '2018-05-08T14:04:26.12Z'
System info: host: 'FOCUS-QA-21', ip: '192.168.4.42', os.name: 'Windows 10', os.arch: 'amd64', os.version: '10.0', java.version: '1.8.0_111'
Driver info: org.openqa.selenium.chrome.ChromeDriver
Capabilities {acceptInsecureCerts: false, browserName: chrome, browserVersion: 88.0.4324.146, chrome: {chromedriverVersion: 87.0.4280.20 (c99e81631faa0..., userDataDir: C:\Users\Admin\AppData\Loca...}, goog:chromeOptions: {debuggerAddress: localhost:52364}, javascriptEnabled: true, networkConnectionEnabled: false, pageLoadStrategy: normal, platform: WINDOWS, platformName: WINDOWS, proxy: Proxy(), setWindowRect: true, strictFileInteractability: false, timeouts: {implicit: 0, pageLoad: 300000, script: 30000}, unhandledPromptBehavior: dismiss and notify, webauthn:virtualAuthenticators: true}
Session ID: 21abec4cbf1c5ffdf29947ee1aa2eb92
	at sun.reflect.NativeConstructorAccessorImpl.newInstance0(Native Method)
	at sun.reflect.NativeConstructorAccessorImpl.newInstance(Unknown Source)
	at sun.reflect.DelegatingConstructorAccessorImpl.newInstance(Unknown Source)
	at java.lang.reflect.Constructor.newInstance(Unknown Source)
	at org.openqa.selenium.remote.http.W3CHttpResponseCodec.createException(W3CHttpResponseCodec.java:187)
	at org.openqa.selenium.remote.http.W3CHttpResponseCodec.decode(W3CHttpResponseCodec.java:122)
	at org.openqa.selenium.remote.http.W3CHttpResponseCodec.decode(W3CHttpResponseCodec.java:49)
	at org.openqa.selenium.remote.HttpCommandExecutor.execute(HttpCommandExecutor.java:158)
	at org.openqa.selenium.remote.service.DriverCommandExecutor.execute(DriverCommandExecutor.java:83)
	at org.openqa.selenium.remote.RemoteWebDriver.execute(RemoteWebDriver.java:543)
	at org.openqa.selenium.remote.RemoteWebElement.execute(RemoteWebElement.java:276)
	at org.openqa.selenium.remote.RemoteWebElement.click(RemoteWebElement.java:83)
	at sun.reflect.GeneratedMethodAccessor4.invoke(Unknown Source)
	at sun.reflect.DelegatingMethodAccessorImpl.invoke(Unknown Source)
	at java.lang.reflect.Method.invoke(Unknown Source)
	at org.openqa.selenium.support.pagefactory.internal.LocatingElementHandler.invoke(LocatingElementHandler.java:51)
	at com.sun.proxy.$Proxy15.click(Unknown Source)
	at com.focus.Pages.SmokeVouchersStocksAndReturnsPage.checkSavingSalesOrderVoucherWithReservationWithWACOGSITEM(SmokeVouchersStocksAndReturnsPage.java:12922)
	at com.focus.testcases.SmokeVouchersStocksAndReturnsTest.checkSavingSalesOrderVoucherWithReservationWithWACOGSITEM(SmokeVouchersStocksAndReturnsTest.java:482)
	at sun.reflect.NativeMethodAccessorImpl.invoke0(Native Method)
	at sun.reflect.NativeMethodAccessorImpl.invoke(Unknown Source)
	at sun.reflect.DelegatingMethodAccessorImpl.invoke(Unknown Source)
	at java.lang.reflect.Method.invoke(Unknown Source)
	at org.testng.internal.MethodInvocationHelper.invokeMethod(MethodInvocationHelper.java:86)
	at org.testng.internal.Invoker.invokeMethod(Invoker.java:643)
	at org.testng.internal.Invoker.invokeTestMethod(Invoker.java:820)
	at org.testng.internal.Invoker.invokeTestMethods(Invoker.java:1128)
	at org.testng.internal.TestMethodWorker.invokeTestMethods(TestMethodWorker.java:129)
	at org.testng.internal.TestMethodWorker.run(TestMethodWorker.java:112)
	at org.testng.TestRunner.privateRun(TestRunner.java:782)
	at org.testng.TestRunner.run(TestRunner.java:632)
	at org.testng.SuiteRunner.runTest(SuiteRunner.java:366)
	at org.testng.SuiteRunner.runSequentially(SuiteRunner.java:361)
	at org.testng.SuiteRunner.privateRun(SuiteRunner.java:319)
	at org.testng.SuiteRunner.run(SuiteRunner.java:268)
	at org.testng.SuiteRunnerWorker.runSuite(SuiteRunnerWorker.java:52)
	at org.testng.SuiteRunnerWorker.run(SuiteRunnerWorker.java:86)
	at org.testng.TestNG.runSuitesSequentially(TestNG.java:1244)
	at org.testng.TestNG.runSuitesLocally(TestNG.java:1169)
	at org.testng.TestNG.run(TestNG.java:1064)
	at org.testng.remote.AbstractRemoteTestNG.run(AbstractRemoteTestNG.java:114)
	at org.testng.remote.RemoteTestNG.initAndRun(RemoteTestNG.java:251)
	at org.testng.remote.RemoteTestNG.main(RemoteTestNG.java:77)
]]>
    </error>
  </testcase> <!-- checkSavingSalesOrderVoucherWithReservationWithWACOGSITEM -->
  <testcase name="checkPurchasesReturnsVoucherEntryPageInfoSideBarCustomizeBtn" time="4.792" classname="com.focus.testcases.SmokeVouchersStocksAndReturnsTest"/>
  <testcase name="checkSelectingWarehouseFromBodyInStockTransferAndClickOnSaveAlongWithSuspendCheck" time="55.342" classname="com.focus.testcases.SmokeVouchersStocksAndReturnsTest"/>
  <testcase name="checkSalesReturnsEntryPageHeaderFields" time="4.644" classname="com.focus.testcases.SmokeVouchersStocksAndReturnsTest"/>
  <testcase name="checkCopyDocumentScreenOptionsInSalesReturns" time="12.400" classname="com.focus.testcases.SmokeVouchersStocksAndReturnsTest"/>
  <testcase name="checkPurchasesReturnsVoucher" time="11.293" classname="com.focus.testcases.SmokeVouchersStocksAndReturnsTest"/>
  <testcase name="checkPurchasesReturnsSaveWithoutMandatoryFields" time="7.348" classname="com.focus.testcases.SmokeVouchersStocksAndReturnsTest"/>
  <testcase name="checkSalesReturnsCustomerOptions" time="7.537" classname="com.focus.testcases.SmokeVouchersStocksAndReturnsTest"/>
  <testcase name="checkFIFoCogsItemWithBinOutwardPopUpinStocktransfer" time="42.267" classname="com.focus.testcases.SmokeVouchersStocksAndReturnsTest">
    <failure type="java.lang.AssertionError" message="expected [true] but found [false]">
      <![CDATA[java.lang.AssertionError: expected [true] but found [false]
	at org.testng.Assert.fail(Assert.java:94)
	at org.testng.Assert.failNotEquals(Assert.java:513)
	at org.testng.Assert.assertEqualsImpl(Assert.java:135)
	at org.testng.Assert.assertEquals(Assert.java:116)
	at org.testng.Assert.assertEquals(Assert.java:305)
	at org.testng.Assert.assertEquals(Assert.java:315)
	at com.focus.testcases.SmokeVouchersStocksAndReturnsTest.checkFIFoCogsItemWithBinOutwardPopUpinStocktransfer(SmokeVouchersStocksAndReturnsTest.java:317)
	at sun.reflect.NativeMethodAccessorImpl.invoke0(Native Method)
	at sun.reflect.NativeMethodAccessorImpl.invoke(Unknown Source)
	at sun.reflect.DelegatingMethodAccessorImpl.invoke(Unknown Source)
	at java.lang.reflect.Method.invoke(Unknown Source)
	at org.testng.internal.MethodInvocationHelper.invokeMethod(MethodInvocationHelper.java:86)
	at org.testng.internal.Invoker.invokeMethod(Invoker.java:643)
	at org.testng.internal.Invoker.invokeTestMethod(Invoker.java:820)
	at org.testng.internal.Invoker.invokeTestMethods(Invoker.java:1128)
	at org.testng.internal.TestMethodWorker.invokeTestMethods(TestMethodWorker.java:129)
	at org.testng.internal.TestMethodWorker.run(TestMethodWorker.java:112)
	at org.testng.TestRunner.privateRun(TestRunner.java:782)
	at org.testng.TestRunner.run(TestRunner.java:632)
	at org.testng.SuiteRunner.runTest(SuiteRunner.java:366)
	at org.testng.SuiteRunner.runSequentially(SuiteRunner.java:361)
	at org.testng.SuiteRunner.privateRun(SuiteRunner.java:319)
	at org.testng.SuiteRunner.run(SuiteRunner.java:268)
	at org.testng.SuiteRunnerWorker.runSuite(SuiteRunnerWorker.java:52)
	at org.testng.SuiteRunnerWorker.run(SuiteRunnerWorker.java:86)
	at org.testng.TestNG.runSuitesSequentially(TestNG.java:1244)
	at org.testng.TestNG.runSuitesLocally(TestNG.java:1169)
	at org.testng.TestNG.run(TestNG.java:1064)
	at org.testng.remote.AbstractRemoteTestNG.run(AbstractRemoteTestNG.java:114)
	at org.testng.remote.RemoteTestNG.initAndRun(RemoteTestNG.java:251)
	at org.testng.remote.RemoteTestNG.main(RemoteTestNG.java:77)
]]>
    </failure>
  </testcase> <!-- checkFIFoCogsItemWithBinOutwardPopUpinStocktransfer -->
  <testcase name="checkStockTransferVoucherEntryPageInfoSideBarInfoPanelOption" time="5.010" classname="com.focus.testcases.SmokeVouchersStocksAndReturnsTest"/>
  <testcase name="checkSuspendStockTransferVoucherFromHomePageAndDeleteOption" time="18.314" classname="com.focus.testcases.SmokeVouchersStocksAndReturnsTest"/>
  <testcase name="checkEditingSalesReturnsVoucher" time="51.443" classname="com.focus.testcases.SmokeVouchersStocksAndReturnsTest"/>
  <testcase name="checkSalesOrderLinksInSalesInvoiceVATAfterReSavingSuspendingConsumedVoucherWitkLinks" time="42.759" classname="com.focus.testcases.SmokeVouchersStocksAndReturnsTest"/>
  <testcase name="checkSavingSalesReturnsWithAllItemsThroughCopyAndPasteFromClipBoard" time="55.314" classname="com.focus.testcases.SmokeVouchersStocksAndReturnsTest"/>
  <testcase name="checkSalesReturnsEntryBinItemInSecondRow" time="29.831" classname="com.focus.testcases.SmokeVouchersStocksAndReturnsTest"/>
  <testcase name="checkStockTransferVoucherBodyWarehouse2OptionsAndInputHeaderAndBodyWithSameWarehouse" time="14.521" classname="com.focus.testcases.SmokeVouchersStocksAndReturnsTest">
    <failure type="java.lang.AssertionError" message="expected [true] but found [false]">
      <![CDATA[java.lang.AssertionError: expected [true] but found [false]
	at org.testng.Assert.fail(Assert.java:94)
	at org.testng.Assert.failNotEquals(Assert.java:513)
	at org.testng.Assert.assertEqualsImpl(Assert.java:135)
	at org.testng.Assert.assertEquals(Assert.java:116)
	at org.testng.Assert.assertEquals(Assert.java:305)
	at org.testng.Assert.assertEquals(Assert.java:315)
	at com.focus.testcases.SmokeVouchersStocksAndReturnsTest.checkStockTransferVoucherBodyWarehouse2OptionsAndInputHeaderAndBodyWithSameWarehouse(SmokeVouchersStocksAndReturnsTest.java:196)
	at sun.reflect.NativeMethodAccessorImpl.invoke0(Native Method)
	at sun.reflect.NativeMethodAccessorImpl.invoke(Unknown Source)
	at sun.reflect.DelegatingMethodAccessorImpl.invoke(Unknown Source)
	at java.lang.reflect.Method.invoke(Unknown Source)
	at org.testng.internal.MethodInvocationHelper.invokeMethod(MethodInvocationHelper.java:86)
	at org.testng.internal.Invoker.invokeMethod(Invoker.java:643)
	at org.testng.internal.Invoker.invokeTestMethod(Invoker.java:820)
	at org.testng.internal.Invoker.invokeTestMethods(Invoker.java:1128)
	at org.testng.internal.TestMethodWorker.invokeTestMethods(TestMethodWorker.java:129)
	at org.testng.internal.TestMethodWorker.run(TestMethodWorker.java:112)
	at org.testng.TestRunner.privateRun(TestRunner.java:782)
	at org.testng.TestRunner.run(TestRunner.java:632)
	at org.testng.SuiteRunner.runTest(SuiteRunner.java:366)
	at org.testng.SuiteRunner.runSequentially(SuiteRunner.java:361)
	at org.testng.SuiteRunner.privateRun(SuiteRunner.java:319)
	at org.testng.SuiteRunner.run(SuiteRunner.java:268)
	at org.testng.SuiteRunnerWorker.runSuite(SuiteRunnerWorker.java:52)
	at org.testng.SuiteRunnerWorker.run(SuiteRunnerWorker.java:86)
	at org.testng.TestNG.runSuitesSequentially(TestNG.java:1244)
	at org.testng.TestNG.runSuitesLocally(TestNG.java:1169)
	at org.testng.TestNG.run(TestNG.java:1064)
	at org.testng.remote.AbstractRemoteTestNG.run(AbstractRemoteTestNG.java:114)
	at org.testng.remote.RemoteTestNG.initAndRun(RemoteTestNG.java:251)
	at org.testng.remote.RemoteTestNG.main(RemoteTestNG.java:77)
]]>
    </failure>
  </testcase> <!-- checkStockTransferVoucherBodyWarehouse2OptionsAndInputHeaderAndBodyWithSameWarehouse -->
  <testcase name="checkPurchasesReturnsVoucherOkButtonInAlertOnDelete" time="11.349" classname="com.focus.testcases.SmokeVouchersStocksAndReturnsTest"/>
  <testcase name="checkSavingSalesOrderVoucherWithReservationBATCHItemSTWH" time="55.266" classname="com.focus.testcases.SmokeVouchersStocksAndReturnsTest"/>
  <testcase name="checkSavingStockTransferWithStockItem" time="7.162" classname="com.focus.testcases.SmokeVouchersStocksAndReturnsTest"/>
  <testcase name="checkSavedStockTransferVoucherWithAllItemsOnPrevious" time="61.841" classname="com.focus.testcases.SmokeVouchersStocksAndReturnsTest"/>
  <testcase name="checkPurchasesReturnsVoucherEntryPageInfoSideBarInfoPanelOption" time="4.600" classname="com.focus.testcases.SmokeVouchersStocksAndReturnsTest"/>
  <testcase name="checkSalesReturnsVoucherEntryPageInfoSideBarReportOption" time="4.992" classname="com.focus.testcases.SmokeVouchersStocksAndReturnsTest"/>
  <testcase name="checkPurchasesReturnsVoucherEntryPageInfoSideBarSearch" time="6.825" classname="com.focus.testcases.SmokeVouchersStocksAndReturnsTest"/>
  <testcase name="checkStockTransferVoucherSavingWithEmptyRows" time="6.486" classname="com.focus.testcases.SmokeVouchersStocksAndReturnsTest"/>
  <testcase name="checkBatchPopupAfterVoucherTotalConsumed" time="33.195" classname="com.focus.testcases.SmokeVouchersStocksAndReturnsTest"/>
  <testcase name="checkSalesReturnsHomePage" time="17.917" classname="com.focus.testcases.SmokeVouchersStocksAndReturnsTest"/>
  <testcase name="checkStockReservationToVerifyPickForSTWHStockItem" time="11.941" classname="com.focus.testcases.SmokeVouchersStocksAndReturnsTest"/>
  <testcase name="checkSalesReturnsVoucherCancelButtonInAlertOnDelete" time="4.761" classname="com.focus.testcases.SmokeVouchersStocksAndReturnsTest"/>
  <testcase name="checkStockTransferVoucher" time="23.393" classname="com.focus.testcases.SmokeVouchersStocksAndReturnsTest"/>
  <testcase name="checkSalesReturnsVoucherEntryPageInfoSideBarGraphOption" time="5.128" classname="com.focus.testcases.SmokeVouchersStocksAndReturnsTest"/>
  <testcase name="checkCopyDocumentScreenOptionsInStockTransfer" time="8.732" classname="com.focus.testcases.SmokeVouchersStocksAndReturnsTest"/>
  <testcase name="checkSuspendVoucherInSalesInvoiceVATWhichSavedWithLinks" time="11.494" classname="com.focus.testcases.SmokeVouchersStocksAndReturnsTest"/>
  <testcase name="checkSalesReturnsSaveWithDepartmentInput" time="8.126" classname="com.focus.testcases.SmokeVouchersStocksAndReturnsTest"/>
  <testcase name="checkSalesReturnsDepartmentValues" time="7.211" classname="com.focus.testcases.SmokeVouchersStocksAndReturnsTest">
    <failure type="java.lang.AssertionError" message="expected [true] but found [false]">
      <![CDATA[java.lang.AssertionError: expected [true] but found [false]
	at org.testng.Assert.fail(Assert.java:94)
	at org.testng.Assert.failNotEquals(Assert.java:513)
	at org.testng.Assert.assertEqualsImpl(Assert.java:135)
	at org.testng.Assert.assertEquals(Assert.java:116)
	at org.testng.Assert.assertEquals(Assert.java:305)
	at org.testng.Assert.assertEquals(Assert.java:315)
	at com.focus.testcases.SmokeVouchersStocksAndReturnsTest.checkSalesReturnsDepartmentValues(SmokeVouchersStocksAndReturnsTest.java:719)
	at sun.reflect.NativeMethodAccessorImpl.invoke0(Native Method)
	at sun.reflect.NativeMethodAccessorImpl.invoke(Unknown Source)
	at sun.reflect.DelegatingMethodAccessorImpl.invoke(Unknown Source)
	at java.lang.reflect.Method.invoke(Unknown Source)
	at org.testng.internal.MethodInvocationHelper.invokeMethod(MethodInvocationHelper.java:86)
	at org.testng.internal.Invoker.invokeMethod(Invoker.java:643)
	at org.testng.internal.Invoker.invokeTestMethod(Invoker.java:820)
	at org.testng.internal.Invoker.invokeTestMethods(Invoker.java:1128)
	at org.testng.internal.TestMethodWorker.invokeTestMethods(TestMethodWorker.java:129)
	at org.testng.internal.TestMethodWorker.run(TestMethodWorker.java:112)
	at org.testng.TestRunner.privateRun(TestRunner.java:782)
	at org.testng.TestRunner.run(TestRunner.java:632)
	at org.testng.SuiteRunner.runTest(SuiteRunner.java:366)
	at org.testng.SuiteRunner.runSequentially(SuiteRunner.java:361)
	at org.testng.SuiteRunner.privateRun(SuiteRunner.java:319)
	at org.testng.SuiteRunner.run(SuiteRunner.java:268)
	at org.testng.SuiteRunnerWorker.runSuite(SuiteRunnerWorker.java:52)
	at org.testng.SuiteRunnerWorker.run(SuiteRunnerWorker.java:86)
	at org.testng.TestNG.runSuitesSequentially(TestNG.java:1244)
	at org.testng.TestNG.runSuitesLocally(TestNG.java:1169)
	at org.testng.TestNG.run(TestNG.java:1064)
	at org.testng.remote.AbstractRemoteTestNG.run(AbstractRemoteTestNG.java:114)
	at org.testng.remote.RemoteTestNG.initAndRun(RemoteTestNG.java:251)
	at org.testng.remote.RemoteTestNG.main(RemoteTestNG.java:77)
]]>
    </failure>
  </testcase> <!-- checkSalesReturnsDepartmentValues -->
  <testcase name="checkSalesOrderLinksInSalesInvoiceVATAfterSuspendingConsumedVoucherWitkLinks" time="44.538" classname="com.focus.testcases.SmokeVouchersStocksAndReturnsTest"/>
  <testcase name="checkSalesReturnsSavedVoucherWithAllItemsOnPreviousOption" time="18.469" classname="com.focus.testcases.SmokeVouchersStocksAndReturnsTest"/>
  <testcase name="checkReleaseAfterSalesReturnsThroughReserveLinks" time="68.179" classname="com.focus.testcases.SmokeVouchersStocksAndReturnsTest"/>
  <testcase name="checkSalesReturnsEntryPage" time="5.977" classname="com.focus.testcases.SmokeVouchersStocksAndReturnsTest"/>
  <testcase name="checkPurchasesReturnsVoucherCopyAndPasteFromClipBoardOptions" time="78.146" classname="com.focus.testcases.SmokeVouchersStocksAndReturnsTest"/>
  <testcase name="checkPurchasesReturnsEntryPageBodyFields" time="4.846" classname="com.focus.testcases.SmokeVouchersStocksAndReturnsTest"/>
  <testcase name="checkSavingSalesOrderVoucherAfterSuspendPreviousvoucherAfterSalesReturn" time="73.398" classname="com.focus.testcases.SmokeVouchersStocksAndReturnsTest"/>
  <testcase name="checkSavingPurchasesReturnsWithAllItemsThroughCopyAndPasteFromClipBoard" time="19.501" classname="com.focus.testcases.SmokeVouchersStocksAndReturnsTest"/>
  <testcase name="checkStockTransferAfterChangingInventorySettings" time="26.466" classname="com.focus.testcases.SmokeVouchersStocksAndReturnsTest"/>
  <testcase name="checkStockItemInSTWHToReserveInSalesOrders" time="123.101" classname="com.focus.testcases.SmokeVouchersStocksAndReturnsTest"/>
  <testcase name="checkStockTransferEntryPage" time="6.318" classname="com.focus.testcases.SmokeVouchersStocksAndReturnsTest"/>
  <testcase name="checkSalesReturnsVoucherEntryPageInfoSideBarOtherDashletsOption" time="4.896" classname="com.focus.testcases.SmokeVouchersStocksAndReturnsTest"/>
  <testcase name="checkStockTransferEntryPageFooterFields" time="5.370" classname="com.focus.testcases.SmokeVouchersStocksAndReturnsTest"/>
  <testcase name="checkUpdatingSavedSalesReturns" time="58.192" classname="com.focus.testcases.SmokeVouchersStocksAndReturnsTest"/>
  <testcase name="checkFirstRowCheckboxInCopyDocumentInPurchasesReturns" time="10.243" classname="com.focus.testcases.SmokeVouchersStocksAndReturnsTest"/>
  <testcase name="checkSalesReturnsBodyWarehouseOptions" time="8.375" classname="com.focus.testcases.SmokeVouchersStocksAndReturnsTest"/>
  <testcase name="checkFirstRowCheckboxInCopyDocumentInStockTransfer" time="45.140" classname="com.focus.testcases.SmokeVouchersStocksAndReturnsTest">
    <error type="org.openqa.selenium.NoSuchElementException" message="no such element: Unable to locate element: {&quot;method&quot;:&quot;xpath&quot;,&quot;selector&quot;:&quot;//*[@id=&#039;id_copydoc_grid2_tr_1&#039;]/td[2]&quot;}
  (Session info: chrome=88.0.4324.146)
For documentation on this error, please visit: http://seleniumhq.org/exceptions/no_such_element.html
Build info: version: &#039;3.12.0&#039;, revision: &#039;7c6e0b3&#039;, time: &#039;2018-05-08T14:04:26.12Z&#039;
System info: host: &#039;FOCUS-QA-21&#039;, ip: &#039;192.168.4.42&#039;, os.name: &#039;Windows 10&#039;, os.arch: &#039;amd64&#039;, os.version: &#039;10.0&#039;, java.version: &#039;1.8.0_111&#039;
Driver info: org.openqa.selenium.chrome.ChromeDriver
Capabilities {acceptInsecureCerts: false, browserName: chrome, browserVersion: 88.0.4324.146, chrome: {chromedriverVersion: 87.0.4280.20 (c99e81631faa0..., userDataDir: C:\Users\Admin\AppData\Loca...}, goog:chromeOptions: {debuggerAddress: localhost:52364}, javascriptEnabled: true, networkConnectionEnabled: false, pageLoadStrategy: normal, platform: WINDOWS, platformName: WINDOWS, proxy: Proxy(), setWindowRect: true, strictFileInteractability: false, timeouts: {implicit: 0, pageLoad: 300000, script: 30000}, unhandledPromptBehavior: dismiss and notify, webauthn:virtualAuthenticators: true}
Session ID: 21abec4cbf1c5ffdf29947ee1aa2eb92
*** Element info: {Using=xpath, value=//*[@id=&#039;id_copydoc_grid2_tr_1&#039;]/td[2]}">
      <![CDATA[org.openqa.selenium.NoSuchElementException: no such element: Unable to locate element: {"method":"xpath","selector":"//*[@id='id_copydoc_grid2_tr_1']/td[2]"}
  (Session info: chrome=88.0.4324.146)
For documentation on this error, please visit: http://seleniumhq.org/exceptions/no_such_element.html
Build info: version: '3.12.0', revision: '7c6e0b3', time: '2018-05-08T14:04:26.12Z'
System info: host: 'FOCUS-QA-21', ip: '192.168.4.42', os.name: 'Windows 10', os.arch: 'amd64', os.version: '10.0', java.version: '1.8.0_111'
Driver info: org.openqa.selenium.chrome.ChromeDriver
Capabilities {acceptInsecureCerts: false, browserName: chrome, browserVersion: 88.0.4324.146, chrome: {chromedriverVersion: 87.0.4280.20 (c99e81631faa0..., userDataDir: C:\Users\Admin\AppData\Loca...}, goog:chromeOptions: {debuggerAddress: localhost:52364}, javascriptEnabled: true, networkConnectionEnabled: false, pageLoadStrategy: normal, platform: WINDOWS, platformName: WINDOWS, proxy: Proxy(), setWindowRect: true, strictFileInteractability: false, timeouts: {implicit: 0, pageLoad: 300000, script: 30000}, unhandledPromptBehavior: dismiss and notify, webauthn:virtualAuthenticators: true}
Session ID: 21abec4cbf1c5ffdf29947ee1aa2eb92
*** Element info: {Using=xpath, value=//*[@id='id_copydoc_grid2_tr_1']/td[2]}
	at sun.reflect.NativeConstructorAccessorImpl.newInstance0(Native Method)
	at sun.reflect.NativeConstructorAccessorImpl.newInstance(Unknown Source)
	at sun.reflect.DelegatingConstructorAccessorImpl.newInstance(Unknown Source)
	at java.lang.reflect.Constructor.newInstance(Unknown Source)
	at org.openqa.selenium.remote.http.W3CHttpResponseCodec.createException(W3CHttpResponseCodec.java:187)
	at org.openqa.selenium.remote.http.W3CHttpResponseCodec.decode(W3CHttpResponseCodec.java:122)
	at org.openqa.selenium.remote.http.W3CHttpResponseCodec.decode(W3CHttpResponseCodec.java:49)
	at org.openqa.selenium.remote.HttpCommandExecutor.execute(HttpCommandExecutor.java:158)
	at org.openqa.selenium.remote.service.DriverCommandExecutor.execute(DriverCommandExecutor.java:83)
	at org.openqa.selenium.remote.RemoteWebDriver.execute(RemoteWebDriver.java:543)
	at org.openqa.selenium.remote.RemoteWebDriver.findElement(RemoteWebDriver.java:317)
	at org.openqa.selenium.remote.RemoteWebDriver.findElementByXPath(RemoteWebDriver.java:419)
	at org.openqa.selenium.By$ByXPath.findElement(By.java:353)
	at org.openqa.selenium.remote.RemoteWebDriver.findElement(RemoteWebDriver.java:309)
	at org.openqa.selenium.support.pagefactory.DefaultElementLocator.findElement(DefaultElementLocator.java:69)
	at org.openqa.selenium.support.pagefactory.internal.LocatingElementHandler.invoke(LocatingElementHandler.java:38)
	at com.sun.proxy.$Proxy15.getText(Unknown Source)
	at com.focus.Pages.SmokeVouchersStocksAndReturnsPage.checkFirstRowCheckboxInCopyDocumentInStockTransfer(SmokeVouchersStocksAndReturnsPage.java:10828)
	at com.focus.testcases.SmokeVouchersStocksAndReturnsTest.checkFirstRowCheckboxInCopyDocumentInStockTransfer(SmokeVouchersStocksAndReturnsTest.java:410)
	at sun.reflect.NativeMethodAccessorImpl.invoke0(Native Method)
	at sun.reflect.NativeMethodAccessorImpl.invoke(Unknown Source)
	at sun.reflect.DelegatingMethodAccessorImpl.invoke(Unknown Source)
	at java.lang.reflect.Method.invoke(Unknown Source)
	at org.testng.internal.MethodInvocationHelper.invokeMethod(MethodInvocationHelper.java:86)
	at org.testng.internal.Invoker.invokeMethod(Invoker.java:643)
	at org.testng.internal.Invoker.invokeTestMethod(Invoker.java:820)
	at org.testng.internal.Invoker.invokeTestMethods(Invoker.java:1128)
	at org.testng.internal.TestMethodWorker.invokeTestMethods(TestMethodWorker.java:129)
	at org.testng.internal.TestMethodWorker.run(TestMethodWorker.java:112)
	at org.testng.TestRunner.privateRun(TestRunner.java:782)
	at org.testng.TestRunner.run(TestRunner.java:632)
	at org.testng.SuiteRunner.runTest(SuiteRunner.java:366)
	at org.testng.SuiteRunner.runSequentially(SuiteRunner.java:361)
	at org.testng.SuiteRunner.privateRun(SuiteRunner.java:319)
	at org.testng.SuiteRunner.run(SuiteRunner.java:268)
	at org.testng.SuiteRunnerWorker.runSuite(SuiteRunnerWorker.java:52)
	at org.testng.SuiteRunnerWorker.run(SuiteRunnerWorker.java:86)
	at org.testng.TestNG.runSuitesSequentially(TestNG.java:1244)
	at org.testng.TestNG.runSuitesLocally(TestNG.java:1169)
	at org.testng.TestNG.run(TestNG.java:1064)
	at org.testng.remote.AbstractRemoteTestNG.run(AbstractRemoteTestNG.java:114)
	at org.testng.remote.RemoteTestNG.initAndRun(RemoteTestNG.java:251)
	at org.testng.remote.RemoteTestNG.main(RemoteTestNG.java:77)
]]>
    </error>
  </testcase> <!-- checkFirstRowCheckboxInCopyDocumentInStockTransfer -->
  <testcase name="checkSalesReturnsVoucherCopyAndPasteFromClipBoardOptions" time="63.801" classname="com.focus.testcases.SmokeVouchersStocksAndReturnsTest"/>
  <testcase name="checkSalesReturnsVoucherEntryPageInfoSideBarInfoPanelOption" time="4.930" classname="com.focus.testcases.SmokeVouchersStocksAndReturnsTest"/>
  <testcase name="checkSuspendStatusInEntryPageAndHomePageOnPreviousOptionSalesReturns" time="14.298" classname="com.focus.testcases.SmokeVouchersStocksAndReturnsTest"/>
  <testcase name="checkSalesInvoiceVATVoucherInformationDisplayAfterSelectLinksThroughSearch" time="59.826" classname="com.focus.testcases.SmokeVouchersStocksAndReturnsTest"/>
  <testcase name="checkSalesReturnsVoucherEntryPageDeleteOption" time="9.493" classname="com.focus.testcases.SmokeVouchersStocksAndReturnsTest"/>
  <testcase name="checkPurchasesReturnsVoucherCancelButtonInAlertOnDelete" time="5.101" classname="com.focus.testcases.SmokeVouchersStocksAndReturnsTest"/>
  <testcase name="checkCopyDocumentScreenOptionsInPurchasesReturns" time="13.882" classname="com.focus.testcases.SmokeVouchersStocksAndReturnsTest"/>
  <testcase name="checkEditingFIFoCogsItemAfterTotalConsumed" time="26.720" classname="com.focus.testcases.SmokeVouchersStocksAndReturnsTest"/>
  <testcase name="checkPurchasesReturnsEntryPageFooterFields" time="6.486" classname="com.focus.testcases.SmokeVouchersStocksAndReturnsTest"/>
  <testcase name="checkLinkMappingInDesignWorkFlowForPurchases" time="74.700" classname="com.focus.testcases.SmokeVouchersStocksAndReturnsTest">
    <failure type="java.lang.AssertionError" message="expected [true] but found [false]">
      <![CDATA[java.lang.AssertionError: expected [true] but found [false]
	at org.testng.Assert.fail(Assert.java:94)
	at org.testng.Assert.failNotEquals(Assert.java:513)
	at org.testng.Assert.assertEqualsImpl(Assert.java:135)
	at org.testng.Assert.assertEquals(Assert.java:116)
	at org.testng.Assert.assertEquals(Assert.java:305)
	at org.testng.Assert.assertEquals(Assert.java:315)
	at com.focus.testcases.SmokeVouchersStocksAndReturnsTest.checkLinkMappingInDesignWorkFlowForPurchases(SmokeVouchersStocksAndReturnsTest.java:995)
	at sun.reflect.NativeMethodAccessorImpl.invoke0(Native Method)
	at sun.reflect.NativeMethodAccessorImpl.invoke(Unknown Source)
	at sun.reflect.DelegatingMethodAccessorImpl.invoke(Unknown Source)
	at java.lang.reflect.Method.invoke(Unknown Source)
	at org.testng.internal.MethodInvocationHelper.invokeMethod(MethodInvocationHelper.java:86)
	at org.testng.internal.Invoker.invokeMethod(Invoker.java:643)
	at org.testng.internal.Invoker.invokeTestMethod(Invoker.java:820)
	at org.testng.internal.Invoker.invokeTestMethods(Invoker.java:1128)
	at org.testng.internal.TestMethodWorker.invokeTestMethods(TestMethodWorker.java:129)
	at org.testng.internal.TestMethodWorker.run(TestMethodWorker.java:112)
	at org.testng.TestRunner.privateRun(TestRunner.java:782)
	at org.testng.TestRunner.run(TestRunner.java:632)
	at org.testng.SuiteRunner.runTest(SuiteRunner.java:366)
	at org.testng.SuiteRunner.runSequentially(SuiteRunner.java:361)
	at org.testng.SuiteRunner.privateRun(SuiteRunner.java:319)
	at org.testng.SuiteRunner.run(SuiteRunner.java:268)
	at org.testng.SuiteRunnerWorker.runSuite(SuiteRunnerWorker.java:52)
	at org.testng.SuiteRunnerWorker.run(SuiteRunnerWorker.java:86)
	at org.testng.TestNG.runSuitesSequentially(TestNG.java:1244)
	at org.testng.TestNG.runSuitesLocally(TestNG.java:1169)
	at org.testng.TestNG.run(TestNG.java:1064)
	at org.testng.remote.AbstractRemoteTestNG.run(AbstractRemoteTestNG.java:114)
	at org.testng.remote.RemoteTestNG.initAndRun(RemoteTestNG.java:251)
	at org.testng.remote.RemoteTestNG.main(RemoteTestNG.java:77)
]]>
    </failure>
  </testcase> <!-- checkLinkMappingInDesignWorkFlowForPurchases -->
  <testcase name="checkPurchasesReturnsHomePage" time="19.410" classname="com.focus.testcases.SmokeVouchersStocksAndReturnsTest"/>
  <testcase name="checkPurchasesReturnsVendorOptions" time="6.891" classname="com.focus.testcases.SmokeVouchersStocksAndReturnsTest"/>
  <testcase name="checkPurchasesReturnsBodyWarehouseOptions" time="8.213" classname="com.focus.testcases.SmokeVouchersStocksAndReturnsTest"/>
  <testcase name="checkSuspendingSalesOrderVoucherAfterSalesReturnOnPrevious" time="12.057" classname="com.focus.testcases.SmokeVouchersStocksAndReturnsTest"/>
  <testcase name="checkSalesReturnsVouchersEntryPageNew" time="12.624" classname="com.focus.testcases.SmokeVouchersStocksAndReturnsTest"/>
  <testcase name="checkStockTransferVoucherHeaderWarehouseOptions" time="4.575" classname="com.focus.testcases.SmokeVouchersStocksAndReturnsTest"/>
  <testcase name="checkSavingSalesReturnsWithAllItemsThroughCopyDocument" time="56.909" classname="com.focus.testcases.SmokeVouchersStocksAndReturnsTest"/>
  <testcase name="checkSavedVoucherAndEntryPageSuspendOptionAndSuspendStatusInHomePage" time="13.692" classname="com.focus.testcases.SmokeVouchersStocksAndReturnsTest"/>
  <testcase name="checkSavingStockTransferVoucherWithBRCOGSItem" time="51.307" classname="com.focus.testcases.SmokeVouchersStocksAndReturnsTest">
    <failure type="java.lang.AssertionError" message="expected [true] but found [false]">
      <![CDATA[java.lang.AssertionError: expected [true] but found [false]
	at org.testng.Assert.fail(Assert.java:94)
	at org.testng.Assert.failNotEquals(Assert.java:513)
	at org.testng.Assert.assertEqualsImpl(Assert.java:135)
	at org.testng.Assert.assertEquals(Assert.java:116)
	at org.testng.Assert.assertEquals(Assert.java:305)
	at org.testng.Assert.assertEquals(Assert.java:315)
	at com.focus.testcases.SmokeVouchersStocksAndReturnsTest.checkSavingStockTransferVoucherWithBRCOGSItem(SmokeVouchersStocksAndReturnsTest.java:299)
	at sun.reflect.NativeMethodAccessorImpl.invoke0(Native Method)
	at sun.reflect.NativeMethodAccessorImpl.invoke(Unknown Source)
	at sun.reflect.DelegatingMethodAccessorImpl.invoke(Unknown Source)
	at java.lang.reflect.Method.invoke(Unknown Source)
	at org.testng.internal.MethodInvocationHelper.invokeMethod(MethodInvocationHelper.java:86)
	at org.testng.internal.Invoker.invokeMethod(Invoker.java:643)
	at org.testng.internal.Invoker.invokeTestMethod(Invoker.java:820)
	at org.testng.internal.Invoker.invokeTestMethods(Invoker.java:1128)
	at org.testng.internal.TestMethodWorker.invokeTestMethods(TestMethodWorker.java:129)
	at org.testng.internal.TestMethodWorker.run(TestMethodWorker.java:112)
	at org.testng.TestRunner.privateRun(TestRunner.java:782)
	at org.testng.TestRunner.run(TestRunner.java:632)
	at org.testng.SuiteRunner.runTest(SuiteRunner.java:366)
	at org.testng.SuiteRunner.runSequentially(SuiteRunner.java:361)
	at org.testng.SuiteRunner.privateRun(SuiteRunner.java:319)
	at org.testng.SuiteRunner.run(SuiteRunner.java:268)
	at org.testng.SuiteRunnerWorker.runSuite(SuiteRunnerWorker.java:52)
	at org.testng.SuiteRunnerWorker.run(SuiteRunnerWorker.java:86)
	at org.testng.TestNG.runSuitesSequentially(TestNG.java:1244)
	at org.testng.TestNG.runSuitesLocally(TestNG.java:1169)
	at org.testng.TestNG.run(TestNG.java:1064)
	at org.testng.remote.AbstractRemoteTestNG.run(AbstractRemoteTestNG.java:114)
	at org.testng.remote.RemoteTestNG.initAndRun(RemoteTestNG.java:251)
	at org.testng.remote.RemoteTestNG.main(RemoteTestNG.java:77)
]]>
    </failure>
  </testcase> <!-- checkSavingStockTransferVoucherWithBRCOGSItem -->
  <testcase name="checkSavingSalesReturnsWithAllItems" time="57.998" classname="com.focus.testcases.SmokeVouchersStocksAndReturnsTest"/>
  <testcase name="checkSettingBinandWarehouse" time="29.021" classname="com.focus.testcases.SmokeVouchersStocksAndReturnsTest"/>
  <testcase name="checkPurchasesReturnsEntryPage" time="6.624" classname="com.focus.testcases.SmokeVouchersStocksAndReturnsTest"/>
  <testcase name="checkSavingSalesOrderVoucherAfterSalesReturnsWithAllItems" time="83.454" classname="com.focus.testcases.SmokeVouchersStocksAndReturnsTest"/>
  <testcase name="checkSalesReturnsVoucherBodyItemOptions" time="15.619" classname="com.focus.testcases.SmokeVouchersStocksAndReturnsTest"/>
  <testcase name="checkPurchasesReturnsEntryBinItemInSecondRow" time="32.892" classname="com.focus.testcases.SmokeVouchersStocksAndReturnsTest"/>
  <testcase name="checkStockTransferVoucherSaveInfoPanelDashlet" time="10.864" classname="com.focus.testcases.SmokeVouchersStocksAndReturnsTest"/>
  <testcase name="checkStockTransferVoucherSelectingHYDInHeaderWarehouseandSTWHWarehouseFromBodyWarehouse" time="34.780" classname="com.focus.testcases.SmokeVouchersStocksAndReturnsTest"/>
  <testcase name="checkReleaseOnSupendingPreviousVoucherAfterSalesReturnsThroughReserveLinks" time="74.865" classname="com.focus.testcases.SmokeVouchersStocksAndReturnsTest"/>
  <testcase name="checkSuspendOptionInSalesOrdersVoucherWithTransferedStock" time="9.140" classname="com.focus.testcases.SmokeVouchersStocksAndReturnsTest"/>
  <testcase name="checkPurchasesReturnsSaveWithVendorInput" time="7.189" classname="com.focus.testcases.SmokeVouchersStocksAndReturnsTest"/>
  <testcase name="checkPurchasesReturnsEntryRmaItemInThirdRow" time="31.890" classname="com.focus.testcases.SmokeVouchersStocksAndReturnsTest"/>
  <testcase name="checkStockTransferVoucherEntryPageInfoSideBarReportOption" time="5.131" classname="com.focus.testcases.SmokeVouchersStocksAndReturnsTest"/>
  <testcase name="checkSavedStockTransferVoucherAfterEditingOnPrevious" time="24.725" classname="com.focus.testcases.SmokeVouchersStocksAndReturnsTest"/>
  <testcase name="checkSavingSuspendedVoucherInSalesInvoiceVAT" time="18.364" classname="com.focus.testcases.SmokeVouchersStocksAndReturnsTest"/>
  <testcase name="checkPurchasesReturnsVoucherEntryPageInfoSideBar" time="4.389" classname="com.focus.testcases.SmokeVouchersStocksAndReturnsTest"/>
  <testcase name="checkStockTransferVoucherEntryPageInfoSideBarGraphOption" time="5.386" classname="com.focus.testcases.SmokeVouchersStocksAndReturnsTest"/>
  <testcase name="checkStockTransferEntryPageCopyAndPasteFromClipBoardOption" time="58.692" classname="com.focus.testcases.SmokeVouchersStocksAndReturnsTest">
    <failure type="java.lang.AssertionError" message="expected [true] but found [false]">
      <![CDATA[java.lang.AssertionError: expected [true] but found [false]
	at org.testng.Assert.fail(Assert.java:94)
	at org.testng.Assert.failNotEquals(Assert.java:513)
	at org.testng.Assert.assertEqualsImpl(Assert.java:135)
	at org.testng.Assert.assertEquals(Assert.java:116)
	at org.testng.Assert.assertEquals(Assert.java:305)
	at org.testng.Assert.assertEquals(Assert.java:315)
	at com.focus.testcases.SmokeVouchersStocksAndReturnsTest.checkStockTransferEntryPageCopyAndPasteFromClipBoardOption(SmokeVouchersStocksAndReturnsTest.java:384)
	at sun.reflect.NativeMethodAccessorImpl.invoke0(Native Method)
	at sun.reflect.NativeMethodAccessorImpl.invoke(Unknown Source)
	at sun.reflect.DelegatingMethodAccessorImpl.invoke(Unknown Source)
	at java.lang.reflect.Method.invoke(Unknown Source)
	at org.testng.internal.MethodInvocationHelper.invokeMethod(MethodInvocationHelper.java:86)
	at org.testng.internal.Invoker.invokeMethod(Invoker.java:643)
	at org.testng.internal.Invoker.invokeTestMethod(Invoker.java:820)
	at org.testng.internal.Invoker.invokeTestMethods(Invoker.java:1128)
	at org.testng.internal.TestMethodWorker.invokeTestMethods(TestMethodWorker.java:129)
	at org.testng.internal.TestMethodWorker.run(TestMethodWorker.java:112)
	at org.testng.TestRunner.privateRun(TestRunner.java:782)
	at org.testng.TestRunner.run(TestRunner.java:632)
	at org.testng.SuiteRunner.runTest(SuiteRunner.java:366)
	at org.testng.SuiteRunner.runSequentially(SuiteRunner.java:361)
	at org.testng.SuiteRunner.privateRun(SuiteRunner.java:319)
	at org.testng.SuiteRunner.run(SuiteRunner.java:268)
	at org.testng.SuiteRunnerWorker.runSuite(SuiteRunnerWorker.java:52)
	at org.testng.SuiteRunnerWorker.run(SuiteRunnerWorker.java:86)
	at org.testng.TestNG.runSuitesSequentially(TestNG.java:1244)
	at org.testng.TestNG.runSuitesLocally(TestNG.java:1169)
	at org.testng.TestNG.run(TestNG.java:1064)
	at org.testng.remote.AbstractRemoteTestNG.run(AbstractRemoteTestNG.java:114)
	at org.testng.remote.RemoteTestNG.initAndRun(RemoteTestNG.java:251)
	at org.testng.remote.RemoteTestNG.main(RemoteTestNG.java:77)
]]>
    </failure>
  </testcase> <!-- checkStockTransferEntryPageCopyAndPasteFromClipBoardOption -->
  <testcase name="checkPurchasesReturnsVoucherEntryPageInfoSideBarGraphOption" time="4.482" classname="com.focus.testcases.SmokeVouchersStocksAndReturnsTest"/>
  <testcase name="checkFirstRowCheckboxInCopyDocumentInSalesReturns" time="10.308" classname="com.focus.testcases.SmokeVouchersStocksAndReturnsTest">
    <failure type="java.lang.AssertionError" message="expected [true] but found [false]">
      <![CDATA[java.lang.AssertionError: expected [true] but found [false]
	at org.testng.Assert.fail(Assert.java:94)
	at org.testng.Assert.failNotEquals(Assert.java:513)
	at org.testng.Assert.assertEqualsImpl(Assert.java:135)
	at org.testng.Assert.assertEquals(Assert.java:116)
	at org.testng.Assert.assertEquals(Assert.java:305)
	at org.testng.Assert.assertEquals(Assert.java:315)
	at com.focus.testcases.SmokeVouchersStocksAndReturnsTest.checkFirstRowCheckboxInCopyDocumentInSalesReturns(SmokeVouchersStocksAndReturnsTest.java:824)
	at sun.reflect.NativeMethodAccessorImpl.invoke0(Native Method)
	at sun.reflect.NativeMethodAccessorImpl.invoke(Unknown Source)
	at sun.reflect.DelegatingMethodAccessorImpl.invoke(Unknown Source)
	at java.lang.reflect.Method.invoke(Unknown Source)
	at org.testng.internal.MethodInvocationHelper.invokeMethod(MethodInvocationHelper.java:86)
	at org.testng.internal.Invoker.invokeMethod(Invoker.java:643)
	at org.testng.internal.Invoker.invokeTestMethod(Invoker.java:820)
	at org.testng.internal.Invoker.invokeTestMethods(Invoker.java:1128)
	at org.testng.internal.TestMethodWorker.invokeTestMethods(TestMethodWorker.java:129)
	at org.testng.internal.TestMethodWorker.run(TestMethodWorker.java:112)
	at org.testng.TestRunner.privateRun(TestRunner.java:782)
	at org.testng.TestRunner.run(TestRunner.java:632)
	at org.testng.SuiteRunner.runTest(SuiteRunner.java:366)
	at org.testng.SuiteRunner.runSequentially(SuiteRunner.java:361)
	at org.testng.SuiteRunner.privateRun(SuiteRunner.java:319)
	at org.testng.SuiteRunner.run(SuiteRunner.java:268)
	at org.testng.SuiteRunnerWorker.runSuite(SuiteRunnerWorker.java:52)
	at org.testng.SuiteRunnerWorker.run(SuiteRunnerWorker.java:86)
	at org.testng.TestNG.runSuitesSequentially(TestNG.java:1244)
	at org.testng.TestNG.runSuitesLocally(TestNG.java:1169)
	at org.testng.TestNG.run(TestNG.java:1064)
	at org.testng.remote.AbstractRemoteTestNG.run(AbstractRemoteTestNG.java:114)
	at org.testng.remote.RemoteTestNG.initAndRun(RemoteTestNG.java:251)
	at org.testng.remote.RemoteTestNG.main(RemoteTestNG.java:77)
]]>
    </failure>
  </testcase> <!-- checkFirstRowCheckboxInCopyDocumentInSalesReturns -->
  <testcase name="checkSavingPurchasesReturnsWithAllItems" time="10.034" classname="com.focus.testcases.SmokeVouchersStocksAndReturnsTest"/>
  <testcase name="checkStockTransferSaveWithoutMandatoryFields" time="6.785" classname="com.focus.testcases.SmokeVouchersStocksAndReturnsTest"/>
  <testcase name="checkPurchasesReturnsVouchersEntryPageNew" time="12.546" classname="com.focus.testcases.SmokeVouchersStocksAndReturnsTest"/>
  <testcase name="checkSuspendingSalesInvoiceVoucherAfterSalesReturnOnPrevious" time="13.669" classname="com.focus.testcases.SmokeVouchersStocksAndReturnsTest"/>
  <testcase name="checkSalesReturnsVoucherEntryPageInfoSideBarCustomizeBtn" time="4.935" classname="com.focus.testcases.SmokeVouchersStocksAndReturnsTest"/>
  <testcase name="checkStockTransferVoucherBodyItemOptions" time="11.743" classname="com.focus.testcases.SmokeVouchersStocksAndReturnsTest"/>
</testsuite> <!-- com.focus.testcases.SmokeVouchersStocksAndReturnsTest -->
